# zsim stats
===
root: # Stats
 contention: # Contention simulation stats
  domain-0: # Domain stats
   time: 46076322 # Weave simulation time
 time: # Simulator time breakdown
  init: 1378988274957
  bound: 4288835857
  weave: 80859172
  ff: 0
 trigger: 20000 # Reason for this stats dump
 phase: 6278 # Simulated phases
 westmere: # Core stats
  westmere-0: # Core stats
   cycles: 62780298 # Simulated unhalted cycles
   cCycles: 4190721 # Cycles due to contention stalls
   instrs: 100010213 # Simulated instructions
   uops: 142682774 # Retired micro-ops
   bbls: 4786026 # Basic blocks
   approxInstrs: 434 # Instrs with approx uop decoding
   mispredBranches: 23165 # Mispredicted branches
   condBranches: 4718698 # conditional branches
 l1i: # Cache stats
  l1i-0: # Filter cache stats
   fhGETS: 9440687 # Filtered GETS hits
   fhGETX: 0 # Filtered GETX hits
   hGETS: 19669 # GETS hits
   hGETX: 0 # GETX hits
   mGETS: 2758 # GETS misses
   mGETXIM: 0 # GETX I->M misses
   mGETXSM: 0 # GETX S->M misses (upgrade misses)
   PUTS: 0 # Clean evictions (from lower level)
   PUTX: 0 # Dirty evictions (from lower level)
   INV: 1186 # Invalidates (from upper level)
   INVX: 0 # Downgrades (from upper level)
   FWD: 0 # Forwards (from upper level)
   latGETnl: 242266 # GET request latency on next level
   latGETnet: 0 # GET request latency on network to next level
 l1d: # Cache stats
  l1d-0: # Filter cache stats
   fhGETS: 27212899 # Filtered GETS hits
   fhGETX: 9109172 # Filtered GETX hits
   hGETS: 15621922 # GETS hits
   hGETX: 5945714 # GETX hits
   mGETS: 242478 # GETS misses
   mGETXIM: 291816 # GETX I->M misses
   mGETXSM: 0 # GETX S->M misses (upgrade misses)
   PUTS: 0 # Clean evictions (from lower level)
   PUTX: 0 # Dirty evictions (from lower level)
   INV: 1153 # Invalidates (from upper level)
   INVX: 0 # Downgrades (from upper level)
   FWD: 0 # Forwards (from upper level)
   latGETnl: 25813596 # GET request latency on next level
   latGETnet: 0 # GET request latency on network to next level
 l2: # Cache stats
  l2-0: # Cache stats
   hGETS: 213300 # GETS hits
   hGETX: 1454 # GETX hits
   mGETS: 31936 # GETS misses
   mGETXIM: 290362 # GETX I->M misses
   mGETXSM: 0 # GETX S->M misses (upgrade misses)
   PUTS: 241303 # Clean evictions (from lower level)
   PUTX: 292529 # Dirty evictions (from lower level)
   INV: 3415 # Invalidates (from upper level)
   INVX: 0 # Downgrades (from upper level)
   FWD: 0 # Forwards (from upper level)
   latGETnl: 20685342 # GET request latency on next level
   latGETnet: 0 # GET request latency on network to next level
 l3: # Cache stats
  l3-0: # Cache stats
   hGETS: 24364 # GETS hits
   hGETX: 154043 # GETX hits
   mGETS: 7572 # GETS misses
   mGETXIM: 136319 # GETX I->M misses
   mGETXSM: 0 # GETX S->M misses (upgrade misses)
   PUTS: 26393 # Clean evictions (from lower level)
   PUTX: 288394 # Dirty evictions (from lower level)
   INV: 0 # Invalidates (from upper level)
   INVX: 0 # Downgrades (from upper level)
   FWD: 0 # Forwards (from upper level)
   latGETnl: 12950190 # GET request latency on next level
   latGETnet: 0 # GET request latency on network to next level
 mem: # Memory controller stats
  mem-0: # Memory controller stats
   rd: 35993 # Read requests
   wr: 26543 # Write requests
   rdlat: 5152884 # Total latency experienced by read requests
   wrlat: 3821389 # Total latency experienced by write requests
   rdhits: 5 # Read row hits
   wrhits: 42 # Write row hits
   mlh: # latency histogram for memory requests
    0: 0
    1: 0
    2: 0
    3: 0
    4: 0
    5: 0
    6: 0
    7: 0
    8: 0
    9: 0
    10: 0
    11: 1
    12: 2
    13: 28733
    14: 4399
    15: 59
    16: 33
    17: 16
    18: 4
    19: 24
    20: 20
    21: 7
    22: 23
    23: 2209
    24: 28
    25: 38
    26: 19
    27: 23
    28: 23
    29: 17
    30: 27
    31: 20
    32: 21
    33: 19
    34: 25
    35: 18
    36: 16
    37: 14
    38: 16
    39: 12
    40: 21
    41: 21
    42: 25
    43: 8
    44: 5
    45: 3
    46: 3
    47: 21
    48: 7
    49: 3
    50: 2
    51: 2
    52: 4
    53: 2
    54: 0
    55: 0
    56: 0
    57: 0
    58: 0
    59: 0
    60: 0
    61: 0
    62: 0
    63: 0
    64: 0
    65: 0
    66: 0
    67: 0
    68: 0
    69: 0
    70: 0
    71: 0
    72: 0
    73: 0
    74: 0
    75: 0
    76: 0
    77: 0
    78: 0
    79: 0
    80: 0
    81: 0
    82: 0
    83: 0
    84: 0
    85: 0
    86: 0
    87: 0
    88: 0
    89: 0
    90: 0
    91: 0
    92: 0
    93: 0
    94: 0
    95: 0
    96: 0
    97: 0
    98: 0
    99: 0
  mem-1: # Memory controller stats
   rd: 35999 # Read requests
   wr: 26505 # Write requests
   rdlat: 5163573 # Total latency experienced by read requests
   wrlat: 3812986 # Total latency experienced by write requests
   rdhits: 3 # Read row hits
   wrhits: 40 # Write row hits
   mlh: # latency histogram for memory requests
    0: 0
    1: 0
    2: 0
    3: 0
    4: 0
    5: 0
    6: 0
    7: 0
    8: 0
    9: 0
    10: 0
    11: 0
    12: 1
    13: 28656
    14: 4387
    15: 79
    16: 45
    17: 18
    18: 19
    19: 19
    20: 22
    21: 20
    22: 24
    23: 2210
    24: 24
    25: 41
    26: 36
    27: 28
    28: 19
    29: 21
    30: 18
    31: 25
    32: 24
    33: 9
    34: 18
    35: 18
    36: 16
    37: 25
    38: 22
    39: 25
    40: 27
    41: 22
    42: 18
    43: 9
    44: 2
    45: 1
    46: 2
    47: 28
    48: 5
    49: 6
    50: 3
    51: 1
    52: 4
    53: 2
    54: 0
    55: 0
    56: 0
    57: 0
    58: 0
    59: 0
    60: 0
    61: 0
    62: 0
    63: 0
    64: 0
    65: 0
    66: 0
    67: 0
    68: 0
    69: 0
    70: 0
    71: 0
    72: 0
    73: 0
    74: 0
    75: 0
    76: 0
    77: 0
    78: 0
    79: 0
    80: 0
    81: 0
    82: 0
    83: 0
    84: 0
    85: 0
    86: 0
    87: 0
    88: 0
    89: 0
    90: 0
    91: 0
    92: 0
    93: 0
    94: 0
    95: 0
    96: 0
    97: 0
    98: 0
    99: 0
  mem-2: # Memory controller stats
   rd: 35986 # Read requests
   wr: 26473 # Write requests
   rdlat: 5154251 # Total latency experienced by read requests
   wrlat: 3820630 # Total latency experienced by write requests
   rdhits: 3 # Read row hits
   wrhits: 26 # Write row hits
   mlh: # latency histogram for memory requests
    0: 0
    1: 0
    2: 0
    3: 0
    4: 0
    5: 0
    6: 0
    7: 0
    8: 0
    9: 0
    10: 0
    11: 0
    12: 1
    13: 28648
    14: 4441
    15: 58
    16: 33
    17: 16
    18: 22
    19: 17
    20: 16
    21: 22
    22: 24
    23: 2227
    24: 29
    25: 41
    26: 32
    27: 24
    28: 16
    29: 14
    30: 20
    31: 20
    32: 10
    33: 17
    34: 19
    35: 11
    36: 17
    37: 27
    38: 13
    39: 21
    40: 25
    41: 30
    42: 27
    43: 14
    44: 4
    45: 1
    46: 3
    47: 16
    48: 6
    49: 2
    50: 0
    51: 0
    52: 2
    53: 0
    54: 0
    55: 0
    56: 0
    57: 0
    58: 0
    59: 0
    60: 0
    61: 0
    62: 0
    63: 0
    64: 0
    65: 0
    66: 0
    67: 0
    68: 0
    69: 0
    70: 0
    71: 0
    72: 0
    73: 0
    74: 0
    75: 0
    76: 0
    77: 0
    78: 0
    79: 0
    80: 0
    81: 0
    82: 0
    83: 0
    84: 0
    85: 0
    86: 0
    87: 0
    88: 0
    89: 0
    90: 0
    91: 0
    92: 0
    93: 0
    94: 0
    95: 0
    96: 0
    97: 0
    98: 0
    99: 0
  mem-3: # Memory controller stats
   rd: 35913 # Read requests
   wr: 26455 # Write requests
   rdlat: 5168250 # Total latency experienced by read requests
   wrlat: 3808730 # Total latency experienced by write requests
   rdhits: 9 # Read row hits
   wrhits: 36 # Write row hits
   mlh: # latency histogram for memory requests
    0: 0
    1: 0
    2: 0
    3: 0
    4: 0
    5: 0
    6: 0
    7: 0
    8: 0
    9: 0
    10: 0
    11: 0
    12: 1
    13: 28458
    14: 4449
    15: 82
    16: 41
    17: 16
    18: 28
    19: 11
    20: 17
    21: 15
    22: 26
    23: 2191
    24: 28
    25: 53
    26: 41
    27: 30
    28: 23
    29: 21
    30: 31
    31: 21
    32: 21
    33: 19
    34: 22
    35: 24
    36: 17
    37: 16
    38: 18
    39: 23
    40: 24
    41: 33
    42: 30
    43: 13
    44: 5
    45: 1
    46: 3
    47: 41
    48: 5
    49: 6
    50: 2
    51: 2
    52: 4
    53: 1
    54: 0
    55: 0
    56: 0
    57: 0
    58: 0
    59: 0
    60: 0
    61: 0
    62: 0
    63: 0
    64: 0
    65: 0
    66: 0
    67: 0
    68: 0
    69: 0
    70: 0
    71: 0
    72: 0
    73: 0
    74: 0
    75: 0
    76: 0
    77: 0
    78: 0
    79: 0
    80: 0
    81: 0
    82: 0
    83: 0
    84: 0
    85: 0
    86: 0
    87: 0
    88: 0
    89: 0
    90: 0
    91: 0
    92: 0
    93: 0
    94: 0
    95: 0
    96: 0
    97: 0
    98: 0
    99: 0
 sched: # Scheduler stats
  thCr: 1 # Threads created
  thFn: 1 # Threads finished
  schedEvs: 1 # Schedule events
  waitEvs: 0 # Wait events
  handoffEvs: 0 # Handoff events
  sleepEvs: 0 # Sleep events
  idlePhases: 0 # Phases with no thread active
  idlePeriods: 0 # Periods with no thread active
  occHist: # Occupancy histogram
   0: 0
   1: 6278
  rqSzHist: # Run queue size histogram
   0: 6278
   1: 0
   2: 0
   3: 0
   4: 0
   5: 0
   6: 0
   7: 0
   8: 0
   9: 0
   10: 0
   11: 0
   12: 0
   13: 0
   14: 0
   15: 0
   16: 0
 procCycles: # Per-process unhalted core cycles
  0: 62780298
  1: 0
  2: 0
  3: 0
  4: 0
  5: 0
  6: 0
  7: 0
  8: 0
  9: 0
  10: 0
  11: 0
  12: 0
  13: 0
  14: 0
  15: 0
  16: 0
  17: 0
  18: 0
  19: 0
  20: 0
  21: 0
  22: 0
  23: 0
  24: 0
  25: 0
  26: 0
  27: 0
  28: 0
  29: 0
  30: 0
  31: 0
  32: 0
  33: 0
  34: 0
  35: 0
  36: 0
  37: 0
  38: 0
  39: 0
  40: 0
  41: 0
  42: 0
  43: 0
  44: 0
  45: 0
  46: 0
  47: 0
  48: 0
  49: 0
  50: 0
  51: 0
  52: 0
  53: 0
  54: 0
  55: 0
  56: 0
  57: 0
  58: 0
  59: 0
  60: 0
  61: 0
  62: 0
  63: 0
 procInstrs: # Per-process instructions
  0: 100010213
  1: 0
  2: 0
  3: 0
  4: 0
  5: 0
  6: 0
  7: 0
  8: 0
  9: 0
  10: 0
  11: 0
  12: 0
  13: 0
  14: 0
  15: 0
  16: 0
  17: 0
  18: 0
  19: 0
  20: 0
  21: 0
  22: 0
  23: 0
  24: 0
  25: 0
  26: 0
  27: 0
  28: 0
  29: 0
  30: 0
  31: 0
  32: 0
  33: 0
  34: 0
  35: 0
  36: 0
  37: 0
  38: 0
  39: 0
  40: 0
  41: 0
  42: 0
  43: 0
  44: 0
  45: 0
  46: 0
  47: 0
  48: 0
  49: 0
  50: 0
  51: 0
  52: 0
  53: 0
  54: 0
  55: 0
  56: 0
  57: 0
  58: 0
  59: 0
  60: 0
  61: 0
  62: 0
  63: 0
 heartbeats: # Per-process heartbeats
  0: 0
  1: 0
  2: 0
  3: 0
  4: 0
  5: 0
  6: 0
  7: 0
  8: 0
  9: 0
  10: 0
  11: 0
  12: 0
  13: 0
  14: 0
  15: 0
  16: 0
  17: 0
  18: 0
  19: 0
  20: 0
  21: 0
  22: 0
  23: 0
  24: 0
  25: 0
  26: 0
  27: 0
  28: 0
  29: 0
  30: 0
  31: 0
  32: 0
  33: 0
  34: 0
  35: 0
  36: 0
  37: 0
  38: 0
  39: 0
  40: 0
  41: 0
  42: 0
  43: 0
  44: 0
  45: 0
  46: 0
  47: 0
  48: 0
  49: 0
  50: 0
  51: 0
  52: 0
  53: 0
  54: 0
  55: 0
  56: 0
  57: 0
  58: 0
  59: 0
  60: 0
  61: 0
  62: 0
  63: 0
===
