# zsim stats
===
root: # Stats
 contention: # Contention simulation stats
  domain-0: # Domain stats
   time: 1052833236 # Weave simulation time
 time: # Simulator time breakdown
  init: 316037875534
  bound: 6478316796
  weave: 1155225050
  ff: 0
 trigger: 20000 # Reason for this stats dump
 phase: 14725 # Simulated phases
 westmere: # Core stats
  westmere-0: # Core stats
   cycles: 147252492 # Simulated unhalted cycles
   cCycles: 27018145 # Cycles due to contention stalls
   instrs: 100003705 # Simulated instructions
   uops: 114162320 # Retired micro-ops
   bbls: 2329752 # Basic blocks
   approxInstrs: 553614 # Instrs with approx uop decoding
   mispredBranches: 3148 # Mispredicted branches
   condBranches: 915120 # conditional branches
 l1i: # Cache stats
  l1i-0: # Filter cache stats
   fhGETS: 9222252 # Filtered GETS hits
   fhGETX: 0 # Filtered GETX hits
   hGETS: 6 # GETS hits
   hGETX: 0 # GETX hits
   mGETS: 3107 # GETS misses
   mGETXIM: 0 # GETX I->M misses
   mGETXSM: 0 # GETX S->M misses (upgrade misses)
   PUTS: 0 # Clean evictions (from lower level)
   PUTX: 0 # Dirty evictions (from lower level)
   INV: 3018 # Invalidates (from upper level)
   INVX: 0 # Downgrades (from upper level)
   FWD: 0 # Forwards (from upper level)
   latGETnl: 385268 # GET request latency on next level
   latGETnet: 0 # GET request latency on network to next level
 l1d: # Cache stats
  l1d-0: # Filter cache stats
   fhGETS: 18017133 # Filtered GETS hits
   fhGETX: 5396223 # Filtered GETX hits
   hGETS: 951401 # GETS hits
   hGETX: 756853 # GETX hits
   mGETS: 786653 # GETS misses
   mGETXIM: 4308784 # GETX I->M misses
   mGETXSM: 0 # GETX S->M misses (upgrade misses)
   PUTS: 0 # Clean evictions (from lower level)
   PUTX: 0 # Dirty evictions (from lower level)
   INV: 270 # Invalidates (from upper level)
   INVX: 0 # Downgrades (from upper level)
   FWD: 0 # Forwards (from upper level)
   latGETnl: 403847106 # GET request latency on next level
   latGETnet: 0 # GET request latency on network to next level
 l2: # Cache stats
  l2-0: # Cache stats
   hGETS: 98 # GETS hits
   hGETX: 1999690 # GETX hits
   mGETS: 789662 # GETS misses
   mGETXIM: 2309094 # GETX I->M misses
   mGETXSM: 0 # GETX S->M misses (upgrade misses)
   PUTS: 785947 # Clean evictions (from lower level)
   PUTX: 4308708 # Dirty evictions (from lower level)
   INV: 3297 # Invalidates (from upper level)
   INVX: 0 # Downgrades (from upper level)
   FWD: 0 # Forwards (from upper level)
   latGETnl: 353246934 # GET request latency on next level
   latGETnet: 0 # GET request latency on network to next level
 l3: # Cache stats
  l3-0: # Cache stats
   hGETS: 75 # GETS hits
   hGETX: 50 # GETX hits
   mGETS: 789587 # GETS misses
   mGETXIM: 2309044 # GETX I->M misses
   mGETXSM: 0 # GETX S->M misses (upgrade misses)
   PUTS: 782352 # Clean evictions (from lower level)
   PUTX: 2309011 # Dirty evictions (from lower level)
   INV: 0 # Invalidates (from upper level)
   INVX: 0 # Downgrades (from upper level)
   FWD: 0 # Forwards (from upper level)
   latGETnl: 278876790 # GET request latency on next level
   latGETnet: 0 # GET request latency on network to next level
 mem: # Memory controller stats
  mem-0: # Memory controller stats
   rd: 774683 # Read requests
   wr: 574377 # Write requests
   rdlat: 110609667 # Total latency experienced by read requests
   wrlat: 101346288 # Total latency experienced by write requests
   rdhits: 59 # Read row hits
   wrhits: 12129 # Write row hits
   mlh: # latency histogram for memory requests
    0: 0
    1: 0
    2: 0
    3: 0
    4: 0
    5: 0
    6: 0
    7: 0
    8: 0
    9: 0
    10: 0
    11: 2
    12: 3
    13: 452107
    14: 156102
    15: 108583
    16: 7012
    17: 30845
    18: 1079
    19: 1571
    20: 2292
    21: 3248
    22: 2113
    23: 1707
    24: 882
    25: 611
    26: 398
    27: 503
    28: 502
    29: 368
    30: 317
    31: 341
    32: 365
    33: 366
    34: 384
    35: 291
    36: 263
    37: 190
    38: 207
    39: 371
    40: 300
    41: 308
    42: 302
    43: 169
    44: 97
    45: 42
    46: 85
    47: 72
    48: 142
    49: 70
    50: 21
    51: 14
    52: 11
    53: 10
    54: 8
    55: 2
    56: 3
    57: 1
    58: 1
    59: 1
    60: 1
    61: 0
    62: 0
    63: 0
    64: 0
    65: 0
    66: 0
    67: 0
    68: 0
    69: 0
    70: 0
    71: 0
    72: 0
    73: 0
    74: 0
    75: 0
    76: 0
    77: 0
    78: 0
    79: 0
    80: 0
    81: 0
    82: 0
    83: 0
    84: 0
    85: 0
    86: 0
    87: 0
    88: 0
    89: 0
    90: 0
    91: 0
    92: 0
    93: 0
    94: 0
    95: 0
    96: 0
    97: 0
    98: 0
    99: 0
  mem-1: # Memory controller stats
   rd: 774634 # Read requests
   wr: 574345 # Write requests
   rdlat: 110561019 # Total latency experienced by read requests
   wrlat: 100699734 # Total latency experienced by write requests
   rdhits: 91 # Read row hits
   wrhits: 13167 # Write row hits
   mlh: # latency histogram for memory requests
    0: 0
    1: 0
    2: 0
    3: 0
    4: 0
    5: 0
    6: 0
    7: 0
    8: 0
    9: 2
    10: 0
    11: 2
    12: 1
    13: 452516
    14: 156537
    15: 106960
    16: 8618
    17: 31337
    18: 820
    19: 1521
    20: 1933
    21: 2882
    22: 1911
    23: 1537
    24: 827
    25: 662
    26: 373
    27: 506
    28: 417
    29: 369
    30: 370
    31: 388
    32: 350
    33: 413
    34: 368
    35: 302
    36: 222
    37: 201
    38: 207
    39: 405
    40: 263
    41: 321
    42: 307
    43: 168
    44: 109
    45: 78
    46: 86
    47: 81
    48: 154
    49: 58
    50: 14
    51: 10
    52: 9
    53: 10
    54: 9
    55: 0
    56: 0
    57: 0
    58: 0
    59: 0
    60: 0
    61: 0
    62: 0
    63: 0
    64: 0
    65: 0
    66: 0
    67: 0
    68: 0
    69: 0
    70: 0
    71: 0
    72: 0
    73: 0
    74: 0
    75: 0
    76: 0
    77: 0
    78: 0
    79: 0
    80: 0
    81: 0
    82: 0
    83: 0
    84: 0
    85: 0
    86: 0
    87: 0
    88: 0
    89: 0
    90: 0
    91: 0
    92: 0
    93: 0
    94: 0
    95: 0
    96: 0
    97: 0
    98: 0
    99: 0
  mem-2: # Memory controller stats
   rd: 774627 # Read requests
   wr: 574332 # Write requests
   rdlat: 110641172 # Total latency experienced by read requests
   wrlat: 101257888 # Total latency experienced by write requests
   rdhits: 53 # Read row hits
   wrhits: 12959 # Write row hits
   mlh: # latency histogram for memory requests
    0: 0
    1: 0
    2: 0
    3: 0
    4: 0
    5: 0
    6: 0
    7: 0
    8: 0
    9: 0
    10: 0
    11: 5
    12: 0
    13: 451546
    14: 156000
    15: 108992
    16: 7076
    17: 30653
    18: 1069
    19: 1657
    20: 2340
    21: 3349
    22: 2175
    23: 1731
    24: 882
    25: 593
    26: 376
    27: 519
    28: 466
    29: 383
    30: 320
    31: 349
    32: 350
    33: 400
    34: 356
    35: 313
    36: 239
    37: 215
    38: 203
    39: 397
    40: 267
    41: 317
    42: 304
    43: 167
    44: 91
    45: 58
    46: 80
    47: 82
    48: 160
    49: 66
    50: 12
    51: 14
    52: 14
    53: 15
    54: 14
    55: 6
    56: 0
    57: 1
    58: 1
    59: 0
    60: 2
    61: 1
    62: 0
    63: 0
    64: 0
    65: 1
    66: 0
    67: 0
    68: 0
    69: 0
    70: 0
    71: 0
    72: 0
    73: 0
    74: 0
    75: 0
    76: 0
    77: 0
    78: 0
    79: 0
    80: 0
    81: 0
    82: 0
    83: 0
    84: 0
    85: 0
    86: 0
    87: 0
    88: 0
    89: 0
    90: 0
    91: 0
    92: 0
    93: 0
    94: 0
    95: 0
    96: 0
    97: 0
    98: 0
    99: 0
  mem-3: # Memory controller stats
   rd: 774624 # Read requests
   wr: 574397 # Write requests
   rdlat: 110598680 # Total latency experienced by read requests
   wrlat: 100670585 # Total latency experienced by write requests
   rdhits: 54 # Read row hits
   wrhits: 12795 # Write row hits
   mlh: # latency histogram for memory requests
    0: 0
    1: 0
    2: 0
    3: 0
    4: 0
    5: 0
    6: 0
    7: 0
    8: 0
    9: 0
    10: 0
    11: 2
    12: 0
    13: 451904
    14: 155992
    15: 107631
    16: 8704
    17: 31309
    18: 877
    19: 1607
    20: 2005
    21: 2977
    22: 1957
    23: 1665
    24: 826
    25: 642
    26: 426
    27: 557
    28: 448
    29: 304
    30: 340
    31: 335
    32: 325
    33: 402
    34: 349
    35: 280
    36: 229
    37: 219
    38: 209
    39: 421
    40: 266
    41: 304
    42: 309
    43: 151
    44: 125
    45: 51
    46: 83
    47: 64
    48: 183
    49: 79
    50: 23
    51: 14
    52: 9
    53: 9
    54: 11
    55: 0
    56: 1
    57: 0
    58: 0
    59: 0
    60: 0
    61: 0
    62: 0
    63: 0
    64: 0
    65: 0
    66: 0
    67: 0
    68: 0
    69: 0
    70: 0
    71: 0
    72: 0
    73: 0
    74: 0
    75: 0
    76: 0
    77: 0
    78: 0
    79: 0
    80: 0
    81: 0
    82: 0
    83: 0
    84: 0
    85: 0
    86: 0
    87: 0
    88: 0
    89: 0
    90: 0
    91: 0
    92: 0
    93: 0
    94: 0
    95: 0
    96: 0
    97: 0
    98: 0
    99: 0
 sched: # Scheduler stats
  thCr: 1 # Threads created
  thFn: 1 # Threads finished
  schedEvs: 1 # Schedule events
  waitEvs: 0 # Wait events
  handoffEvs: 0 # Handoff events
  sleepEvs: 0 # Sleep events
  idlePhases: 0 # Phases with no thread active
  idlePeriods: 0 # Periods with no thread active
  occHist: # Occupancy histogram
   0: 0
   1: 14725
  rqSzHist: # Run queue size histogram
   0: 14725
   1: 0
   2: 0
   3: 0
   4: 0
   5: 0
   6: 0
   7: 0
   8: 0
   9: 0
   10: 0
   11: 0
   12: 0
   13: 0
   14: 0
   15: 0
   16: 0
 procCycles: # Per-process unhalted core cycles
  0: 147252492
  1: 0
  2: 0
  3: 0
  4: 0
  5: 0
  6: 0
  7: 0
  8: 0
  9: 0
  10: 0
  11: 0
  12: 0
  13: 0
  14: 0
  15: 0
  16: 0
  17: 0
  18: 0
  19: 0
  20: 0
  21: 0
  22: 0
  23: 0
  24: 0
  25: 0
  26: 0
  27: 0
  28: 0
  29: 0
  30: 0
  31: 0
  32: 0
  33: 0
  34: 0
  35: 0
  36: 0
  37: 0
  38: 0
  39: 0
  40: 0
  41: 0
  42: 0
  43: 0
  44: 0
  45: 0
  46: 0
  47: 0
  48: 0
  49: 0
  50: 0
  51: 0
  52: 0
  53: 0
  54: 0
  55: 0
  56: 0
  57: 0
  58: 0
  59: 0
  60: 0
  61: 0
  62: 0
  63: 0
 procInstrs: # Per-process instructions
  0: 100003705
  1: 0
  2: 0
  3: 0
  4: 0
  5: 0
  6: 0
  7: 0
  8: 0
  9: 0
  10: 0
  11: 0
  12: 0
  13: 0
  14: 0
  15: 0
  16: 0
  17: 0
  18: 0
  19: 0
  20: 0
  21: 0
  22: 0
  23: 0
  24: 0
  25: 0
  26: 0
  27: 0
  28: 0
  29: 0
  30: 0
  31: 0
  32: 0
  33: 0
  34: 0
  35: 0
  36: 0
  37: 0
  38: 0
  39: 0
  40: 0
  41: 0
  42: 0
  43: 0
  44: 0
  45: 0
  46: 0
  47: 0
  48: 0
  49: 0
  50: 0
  51: 0
  52: 0
  53: 0
  54: 0
  55: 0
  56: 0
  57: 0
  58: 0
  59: 0
  60: 0
  61: 0
  62: 0
  63: 0
 heartbeats: # Per-process heartbeats
  0: 0
  1: 0
  2: 0
  3: 0
  4: 0
  5: 0
  6: 0
  7: 0
  8: 0
  9: 0
  10: 0
  11: 0
  12: 0
  13: 0
  14: 0
  15: 0
  16: 0
  17: 0
  18: 0
  19: 0
  20: 0
  21: 0
  22: 0
  23: 0
  24: 0
  25: 0
  26: 0
  27: 0
  28: 0
  29: 0
  30: 0
  31: 0
  32: 0
  33: 0
  34: 0
  35: 0
  36: 0
  37: 0
  38: 0
  39: 0
  40: 0
  41: 0
  42: 0
  43: 0
  44: 0
  45: 0
  46: 0
  47: 0
  48: 0
  49: 0
  50: 0
  51: 0
  52: 0
  53: 0
  54: 0
  55: 0
  56: 0
  57: 0
  58: 0
  59: 0
  60: 0
  61: 0
  62: 0
  63: 0
===
