[2025-04-20 14:37:04] Running command: ./hw4runscript SPEC bzip2 SRRIP
[2025-04-20 14:37:04] Launched simulation SPEC bzip2 with PID 117845
[2025-04-20 14:37:04] Running command: ./hw4runscript SPEC gcc SRRIP
[2025-04-20 14:37:04] Launched simulation SPEC gcc with PID 117846
[2025-04-20 14:37:04] Running command: ./hw4runscript SPEC mcf SRRIP
[2025-04-20 14:37:04] Launched simulation SPEC mcf with PID 117847
[2025-04-20 14:37:04] Running command: ./hw4runscript SPEC hmmer SRRIP
[2025-04-20 14:37:04] Launched simulation SPEC hmmer with PID 117848
[2025-04-20 14:37:04] Running command: ./hw4runscript SPEC sjeng SRRIP
[2025-04-20 14:37:04] Launched simulation SPEC sjeng with PID 117849
[2025-04-20 14:37:04] Running command: ./hw4runscript SPEC libquantum SRRIP
[2025-04-20 14:37:04] Launched simulation SPEC libquantum with PID 117850
[2025-04-20 14:37:04] Running command: ./hw4runscript SPEC xalan SRRIP
[2025-04-20 14:37:04] Launched simulation SPEC xalan with PID 117851
[2025-04-20 14:37:04] Running command: ./hw4runscript SPEC milc SRRIP
[2025-04-20 14:37:04] Launched simulation SPEC milc with PID 117852
[2025-04-20 14:37:04] Running command: ./hw4runscript SPEC cactusADM SRRIP
[2025-04-20 14:37:04] Launched simulation SPEC cactusADM with PID 117853
[2025-04-20 14:37:04] Running command: ./hw4runscript SPEC leslie3d SRRIP
[2025-04-20 14:37:04] Launched simulation SPEC leslie3d with PID 117854
[2025-04-20 14:37:04] Running command: ./hw4runscript SPEC namd SRRIP
[2025-04-20 14:37:04] Launched simulation SPEC namd with PID 117855
[2025-04-20 14:37:04] Running command: ./hw4runscript SPEC soplex SRRIP
[2025-04-20 14:37:04] Launched simulation SPEC soplex with PID 117856
[2025-04-20 14:37:04] Running command: ./hw4runscript SPEC calculix SRRIP
[2025-04-20 14:37:04] Launched simulation SPEC calculix with PID 117857
[2025-04-20 14:37:04] Running command: ./hw4runscript SPEC lbm SRRIP
[2025-04-20 14:37:04] Launched simulation SPEC lbm with PID 117858
[2025-04-20 14:37:04] Simulation with PID 117852 completed. Exit code: 112
[2025-04-20 14:37:04] Running command: ./hw4runscript PARSEC blackscholes SRRIP
[2025-04-20 14:37:04] Launched simulation PARSEC blackscholes with PID 117901
[2025-04-20 14:37:04] Simulation with PID 117854 completed. Exit code: 112
[2025-04-20 14:37:04] Running command: ./hw4runscript PARSEC bodytrack SRRIP
[2025-04-20 14:37:04] Launched simulation PARSEC bodytrack with PID 117902
[2025-04-20 14:37:11] Simulation with PID 117855 completed. Exit code: 0
[2025-04-20 14:37:11] Running command: ./hw4runscript PARSEC canneal SRRIP
[2025-04-20 14:37:11] Launched simulation PARSEC canneal with PID 118069
[2025-04-20 14:37:34] Simulation with PID 117845 completed. Exit code: 0
[2025-04-20 14:37:34] Running command: ./hw4runscript PARSEC dedup SRRIP
[2025-04-20 14:37:34] Launched simulation PARSEC dedup with PID 118317
[2025-04-20 14:37:34] Simulation with PID 118317 completed. Exit code: 0
[2025-04-20 14:37:34] Running command: ./hw4runscript PARSEC fluidanimate SRRIP
[2025-04-20 14:37:34] Launched simulation PARSEC fluidanimate with PID 118326
[2025-04-20 14:38:10] Simulation with PID 117901 completed. Exit code: 0
[2025-04-20 14:38:10] Running command: ./hw4runscript PARSEC freqmine SRRIP
[2025-04-20 14:38:10] Launched simulation PARSEC freqmine with PID 118697
[2025-04-20 14:38:11] Simulation with PID 118697 completed. Exit code: 0
[2025-04-20 14:38:11] Running command: ./hw4runscript PARSEC streamcluster SRRIP
[2025-04-20 14:38:11] Launched simulation PARSEC streamcluster with PID 118722
[2025-04-20 14:38:46] Simulation with PID 117902 completed. Exit code: 0
[2025-04-20 14:38:46] Running command: ./hw4runscript PARSEC swaptions SRRIP
[2025-04-20 14:38:46] Launched simulation PARSEC swaptions with PID 119068
[2025-04-20 14:39:19] Simulation with PID 118326 completed. Exit code: 0
[2025-04-20 14:39:19] Running command: ./hw4runscript PARSEC x264 SRRIP
[2025-04-20 14:39:19] Launched simulation PARSEC x264 with PID 119341
[2025-04-20 14:39:27] Simulation with PID 118069 completed. Exit code: 0
[2025-04-20 14:40:06] Simulation with PID 119068 completed. Exit code: 0
[2025-04-20 14:40:21] Simulation with PID 118722 completed. Exit code: 0
[2025-04-20 14:41:41] Simulation with PID 117847 completed. Exit code: 0
[2025-04-20 14:42:14] Simulation with PID 117846 completed. Exit code: 0
[2025-04-20 14:42:17] Simulation with PID 119341 completed. Exit code: 0
[2025-04-20 14:43:37] Simulation with PID 117858 completed. Exit code: 0
[2025-04-20 14:49:28] Simulation with PID 117856 completed. Exit code: 0
[2025-04-20 14:54:57] Simulation with PID 117849 completed. Exit code: 0
[2025-04-20 14:58:02] Simulation with PID 117851 completed. Exit code: 0
[2025-04-20 14:58:28] Simulation with PID 117848 completed. Exit code: 0
[2025-04-20 15:02:10] Simulation with PID 117853 completed. Exit code: 0
[2025-04-20 15:04:04] Simulation with PID 117857 completed. Exit code: 0
[2025-04-20 15:04:52] Simulation with PID 117850 completed. Exit code: 0
[2025-04-20 15:04:52] All simulations finished successfully!
