# zsim stats
===
root: # Stats
 contention: # Contention simulation stats
  domain-0: # Domain stats
   time: 42562661 # Weave simulation time
 time: # Simulator time breakdown
  init: 1283225438799
  bound: 4312531909
  weave: 78404211
  ff: 0
 trigger: 20000 # Reason for this stats dump
 phase: 6144 # Simulated phases
 westmere: # Core stats
  westmere-0: # Core stats
   cycles: 61440002 # Simulated unhalted cycles
   cCycles: 3733753 # Cycles due to contention stalls
   instrs: 100017792 # Simulated instructions
   uops: 142693882 # Retired micro-ops
   bbls: 4786287 # Basic blocks
   approxInstrs: 434 # Instrs with approx uop decoding
   mispredBranches: 23164 # Mispredicted branches
   condBranches: 4718959 # conditional branches
 l1i: # Cache stats
  l1i-0: # Filter cache stats
   fhGETS: 9441839 # Filtered GETS hits
   fhGETX: 0 # Filtered GETX hits
   hGETS: 20742 # GETS hits
   hGETX: 0 # GETX hits
   mGETS: 1950 # GETS misses
   mGETXIM: 0 # GETX I->M misses
   mGETXSM: 0 # GETX S->M misses (upgrade misses)
   PUTS: 0 # Clean evictions (from lower level)
   PUTX: 0 # Dirty evictions (from lower level)
   INV: 0 # Invalidates (from upper level)
   INVX: 0 # Downgrades (from upper level)
   FWD: 0 # Forwards (from upper level)
   latGETnl: 113556 # GET request latency on next level
   latGETnet: 0 # GET request latency on network to next level
 l1d: # Cache stats
  l1d-0: # Filter cache stats
   fhGETS: 27216501 # Filtered GETS hits
   fhGETX: 9114983 # Filtered GETX hits
   hGETS: 15623712 # GETS hits
   hGETX: 5941197 # GETX hits
   mGETS: 240483 # GETS misses
   mGETXIM: 291829 # GETX I->M misses
   mGETXSM: 0 # GETX S->M misses (upgrade misses)
   PUTS: 0 # Clean evictions (from lower level)
   PUTX: 0 # Dirty evictions (from lower level)
   INV: 0 # Invalidates (from upper level)
   INVX: 0 # Downgrades (from upper level)
   FWD: 0 # Forwards (from upper level)
   latGETnl: 24468154 # GET request latency on next level
   latGETnet: 0 # GET request latency on network to next level
 l2: # Cache stats
  l2-0: # Cache stats
   hGETS: 211803 # GETS hits
   hGETX: 1449 # GETX hits
   mGETS: 30630 # GETS misses
   mGETXIM: 290380 # GETX I->M misses
   mGETXSM: 0 # GETX S->M misses (upgrade misses)
   PUTS: 240746 # Clean evictions (from lower level)
   PUTX: 292566 # Dirty evictions (from lower level)
   INV: 0 # Invalidates (from upper level)
   INVX: 0 # Downgrades (from upper level)
   FWD: 0 # Forwards (from upper level)
   latGETnl: 19239090 # GET request latency on next level
   latGETnet: 0 # GET request latency on network to next level
 l3: # Cache stats
  l3-0: # Cache stats
   hGETS: 26137 # GETS hits
   hGETX: 166708 # GETX hits
   mGETS: 4493 # GETS misses
   mGETXIM: 123672 # GETX I->M misses
   mGETXSM: 0 # GETX S->M misses (upgrade misses)
   PUTS: 28323 # Clean evictions (from lower level)
   PUTX: 288591 # Dirty evictions (from lower level)
   INV: 0 # Invalidates (from upper level)
   INVX: 0 # Downgrades (from upper level)
   FWD: 0 # Forwards (from upper level)
   latGETnl: 11534850 # GET request latency on next level
   latGETnet: 0 # GET request latency on network to next level
 mem: # Memory controller stats
  mem-0: # Memory controller stats
   rd: 32028 # Read requests
   wr: 23341 # Write requests
   rdlat: 4641840 # Total latency experienced by read requests
   wrlat: 3376392 # Total latency experienced by write requests
   rdhits: 6 # Read row hits
   wrhits: 66 # Write row hits
   mlh: # latency histogram for memory requests
    0: 0
    1: 0
    2: 0
    3: 0
    4: 0
    5: 0
    6: 0
    7: 0
    8: 0
    9: 0
    10: 0
    11: 1
    12: 3
    13: 24543
    14: 4599
    15: 43
    16: 26
    17: 12
    18: 14
    19: 16
    20: 19
    21: 12
    22: 23
    23: 2209
    24: 31
    25: 44
    26: 41
    27: 38
    28: 12
    29: 25
    30: 25
    31: 11
    32: 8
    33: 17
    34: 27
    35: 20
    36: 20
    37: 12
    38: 10
    39: 18
    40: 29
    41: 22
    42: 22
    43: 11
    44: 7
    45: 2
    46: 5
    47: 33
    48: 6
    49: 3
    50: 2
    51: 2
    52: 3
    53: 2
    54: 0
    55: 0
    56: 0
    57: 0
    58: 0
    59: 0
    60: 0
    61: 0
    62: 0
    63: 0
    64: 0
    65: 0
    66: 0
    67: 0
    68: 0
    69: 0
    70: 0
    71: 0
    72: 0
    73: 0
    74: 0
    75: 0
    76: 0
    77: 0
    78: 0
    79: 0
    80: 0
    81: 0
    82: 0
    83: 0
    84: 0
    85: 0
    86: 0
    87: 0
    88: 0
    89: 0
    90: 0
    91: 0
    92: 0
    93: 0
    94: 0
    95: 0
    96: 0
    97: 0
    98: 0
    99: 0
  mem-1: # Memory controller stats
   rd: 32004 # Read requests
   wr: 23361 # Write requests
   rdlat: 4629082 # Total latency experienced by read requests
   wrlat: 3372500 # Total latency experienced by write requests
   rdhits: 4 # Read row hits
   wrhits: 65 # Write row hits
   mlh: # latency histogram for memory requests
    0: 0
    1: 0
    2: 0
    3: 0
    4: 0
    5: 0
    6: 0
    7: 0
    8: 0
    9: 0
    10: 0
    11: 0
    12: 1
    13: 24593
    14: 4586
    15: 41
    16: 30
    17: 18
    18: 13
    19: 13
    20: 14
    21: 16
    22: 21
    23: 2200
    24: 27
    25: 40
    26: 34
    27: 31
    28: 17
    29: 9
    30: 14
    31: 23
    32: 20
    33: 16
    34: 14
    35: 9
    36: 10
    37: 15
    38: 19
    39: 15
    40: 14
    41: 18
    42: 35
    43: 21
    44: 4
    45: 0
    46: 2
    47: 29
    48: 7
    49: 4
    50: 1
    51: 0
    52: 7
    53: 3
    54: 0
    55: 0
    56: 0
    57: 0
    58: 0
    59: 0
    60: 0
    61: 0
    62: 0
    63: 0
    64: 0
    65: 0
    66: 0
    67: 0
    68: 0
    69: 0
    70: 0
    71: 0
    72: 0
    73: 0
    74: 0
    75: 0
    76: 0
    77: 0
    78: 0
    79: 0
    80: 0
    81: 0
    82: 0
    83: 0
    84: 0
    85: 0
    86: 0
    87: 0
    88: 0
    89: 0
    90: 0
    91: 0
    92: 0
    93: 0
    94: 0
    95: 0
    96: 0
    97: 0
    98: 0
    99: 0
  mem-2: # Memory controller stats
   rd: 32074 # Read requests
   wr: 23396 # Write requests
   rdlat: 4636869 # Total latency experienced by read requests
   wrlat: 3375520 # Total latency experienced by write requests
   rdhits: 1 # Read row hits
   wrhits: 56 # Write row hits
   mlh: # latency histogram for memory requests
    0: 0
    1: 0
    2: 0
    3: 0
    4: 0
    5: 0
    6: 0
    7: 0
    8: 0
    9: 0
    10: 0
    11: 0
    12: 0
    13: 24636
    14: 4580
    15: 48
    16: 21
    17: 11
    18: 17
    19: 7
    20: 9
    21: 8
    22: 18
    23: 2247
    24: 29
    25: 41
    26: 38
    27: 44
    28: 29
    29: 13
    30: 11
    31: 14
    32: 25
    33: 14
    34: 17
    35: 13
    36: 11
    37: 19
    38: 25
    39: 23
    40: 24
    41: 25
    42: 16
    43: 16
    44: 4
    45: 2
    46: 0
    47: 9
    48: 4
    49: 1
    50: 1
    51: 1
    52: 2
    53: 1
    54: 0
    55: 0
    56: 0
    57: 0
    58: 0
    59: 0
    60: 0
    61: 0
    62: 0
    63: 0
    64: 0
    65: 0
    66: 0
    67: 0
    68: 0
    69: 0
    70: 0
    71: 0
    72: 0
    73: 0
    74: 0
    75: 0
    76: 0
    77: 0
    78: 0
    79: 0
    80: 0
    81: 0
    82: 0
    83: 0
    84: 0
    85: 0
    86: 0
    87: 0
    88: 0
    89: 0
    90: 0
    91: 0
    92: 0
    93: 0
    94: 0
    95: 0
    96: 0
    97: 0
    98: 0
    99: 0
  mem-3: # Memory controller stats
   rd: 32059 # Read requests
   wr: 23388 # Write requests
   rdlat: 4633363 # Total latency experienced by read requests
   wrlat: 3377580 # Total latency experienced by write requests
   rdhits: 5 # Read row hits
   wrhits: 45 # Write row hits
   mlh: # latency histogram for memory requests
    0: 0
    1: 0
    2: 0
    3: 0
    4: 0
    5: 0
    6: 0
    7: 0
    8: 0
    9: 0
    10: 0
    11: 0
    12: 1
    13: 24618
    14: 4610
    15: 65
    16: 23
    17: 11
    18: 15
    19: 15
    20: 12
    21: 9
    22: 18
    23: 2238
    24: 22
    25: 41
    26: 29
    27: 26
    28: 17
    29: 11
    30: 10
    31: 5
    32: 11
    33: 17
    34: 12
    35: 13
    36: 15
    37: 23
    38: 11
    39: 13
    40: 20
    41: 43
    42: 18
    43: 20
    44: 2
    45: 1
    46: 1
    47: 27
    48: 5
    49: 2
    50: 2
    51: 3
    52: 3
    53: 1
    54: 0
    55: 0
    56: 0
    57: 0
    58: 0
    59: 0
    60: 0
    61: 0
    62: 0
    63: 0
    64: 0
    65: 0
    66: 0
    67: 0
    68: 0
    69: 0
    70: 0
    71: 0
    72: 0
    73: 0
    74: 0
    75: 0
    76: 0
    77: 0
    78: 0
    79: 0
    80: 0
    81: 0
    82: 0
    83: 0
    84: 0
    85: 0
    86: 0
    87: 0
    88: 0
    89: 0
    90: 0
    91: 0
    92: 0
    93: 0
    94: 0
    95: 0
    96: 0
    97: 0
    98: 0
    99: 0
 sched: # Scheduler stats
  thCr: 1 # Threads created
  thFn: 1 # Threads finished
  schedEvs: 1 # Schedule events
  waitEvs: 0 # Wait events
  handoffEvs: 0 # Handoff events
  sleepEvs: 0 # Sleep events
  idlePhases: 0 # Phases with no thread active
  idlePeriods: 0 # Periods with no thread active
  occHist: # Occupancy histogram
   0: 0
   1: 6144
  rqSzHist: # Run queue size histogram
   0: 6144
   1: 0
   2: 0
   3: 0
   4: 0
   5: 0
   6: 0
   7: 0
   8: 0
   9: 0
   10: 0
   11: 0
   12: 0
   13: 0
   14: 0
   15: 0
   16: 0
 procCycles: # Per-process unhalted core cycles
  0: 61440002
  1: 0
  2: 0
  3: 0
  4: 0
  5: 0
  6: 0
  7: 0
  8: 0
  9: 0
  10: 0
  11: 0
  12: 0
  13: 0
  14: 0
  15: 0
  16: 0
  17: 0
  18: 0
  19: 0
  20: 0
  21: 0
  22: 0
  23: 0
  24: 0
  25: 0
  26: 0
  27: 0
  28: 0
  29: 0
  30: 0
  31: 0
  32: 0
  33: 0
  34: 0
  35: 0
  36: 0
  37: 0
  38: 0
  39: 0
  40: 0
  41: 0
  42: 0
  43: 0
  44: 0
  45: 0
  46: 0
  47: 0
  48: 0
  49: 0
  50: 0
  51: 0
  52: 0
  53: 0
  54: 0
  55: 0
  56: 0
  57: 0
  58: 0
  59: 0
  60: 0
  61: 0
  62: 0
  63: 0
 procInstrs: # Per-process instructions
  0: 100017792
  1: 0
  2: 0
  3: 0
  4: 0
  5: 0
  6: 0
  7: 0
  8: 0
  9: 0
  10: 0
  11: 0
  12: 0
  13: 0
  14: 0
  15: 0
  16: 0
  17: 0
  18: 0
  19: 0
  20: 0
  21: 0
  22: 0
  23: 0
  24: 0
  25: 0
  26: 0
  27: 0
  28: 0
  29: 0
  30: 0
  31: 0
  32: 0
  33: 0
  34: 0
  35: 0
  36: 0
  37: 0
  38: 0
  39: 0
  40: 0
  41: 0
  42: 0
  43: 0
  44: 0
  45: 0
  46: 0
  47: 0
  48: 0
  49: 0
  50: 0
  51: 0
  52: 0
  53: 0
  54: 0
  55: 0
  56: 0
  57: 0
  58: 0
  59: 0
  60: 0
  61: 0
  62: 0
  63: 0
 heartbeats: # Per-process heartbeats
  0: 0
  1: 0
  2: 0
  3: 0
  4: 0
  5: 0
  6: 0
  7: 0
  8: 0
  9: 0
  10: 0
  11: 0
  12: 0
  13: 0
  14: 0
  15: 0
  16: 0
  17: 0
  18: 0
  19: 0
  20: 0
  21: 0
  22: 0
  23: 0
  24: 0
  25: 0
  26: 0
  27: 0
  28: 0
  29: 0
  30: 0
  31: 0
  32: 0
  33: 0
  34: 0
  35: 0
  36: 0
  37: 0
  38: 0
  39: 0
  40: 0
  41: 0
  42: 0
  43: 0
  44: 0
  45: 0
  46: 0
  47: 0
  48: 0
  49: 0
  50: 0
  51: 0
  52: 0
  53: 0
  54: 0
  55: 0
  56: 0
  57: 0
  58: 0
  59: 0
  60: 0
  61: 0
  62: 0
  63: 0
===
