# zsim stats
===
root: # Stats
 contention: # Contention simulation stats
  domain-0: # Domain stats
   time: 109277933 # Weave simulation time
 time: # Simulator time breakdown
  init: 19662355540
  bound: 3753893075
  weave: 167441914
  ff: 0
 trigger: 20000 # Reason for this stats dump
 phase: 10932 # Simulated phases
 westmere: # Core stats
  westmere-0: # Core stats
   cycles: 109320128 # Simulated unhalted cycles
   cCycles: 8725863 # Cycles due to contention stalls
   instrs: 100017428 # Simulated instructions
   uops: 113817448 # Retired micro-ops
   bbls: 14847888 # Basic blocks
   approxInstrs: 596117 # Instrs with approx uop decoding
   mispredBranches: 789677 # Mispredicted branches
   condBranches: 12876917 # conditional branches
 l1i: # Cache stats
  l1i-0: # Filter cache stats
   fhGETS: 19609884 # Filtered GETS hits
   fhGETX: 0 # Filtered GETX hits
   hGETS: 198 # GETS hits
   hGETX: 0 # GETX hits
   mGETS: 162 # GETS misses
   mGETXIM: 0 # GETX I->M misses
   mGETXSM: 0 # GETX S->M misses (upgrade misses)
   PUTS: 0 # Clean evictions (from lower level)
   PUTX: 0 # Dirty evictions (from lower level)
   INV: 0 # Invalidates (from upper level)
   INVX: 0 # Downgrades (from upper level)
   FWD: 0 # Forwards (from upper level)
   latGETnl: 20088 # GET request latency on next level
   latGETnet: 0 # GET request latency on network to next level
 l1d: # Cache stats
  l1d-0: # Filter cache stats
   fhGETS: 25414818 # Filtered GETS hits
   fhGETX: 11465729 # Filtered GETX hits
   hGETS: 948061 # GETS hits
   hGETX: 1600682 # GETX hits
   mGETS: 1934934 # GETS misses
   mGETXIM: 1093063 # GETX I->M misses
   mGETXSM: 0 # GETX S->M misses (upgrade misses)
   PUTS: 0 # Clean evictions (from lower level)
   PUTX: 0 # Dirty evictions (from lower level)
   INV: 0 # Invalidates (from upper level)
   INVX: 0 # Downgrades (from upper level)
   FWD: 0 # Forwards (from upper level)
   latGETnl: 105039454 # GET request latency on next level
   latGETnet: 0 # GET request latency on network to next level
 l2: # Cache stats
  l2-0: # Cache stats
   hGETS: 941453 # GETS hits
   hGETX: 119103 # GETX hits
   mGETS: 993643 # GETS misses
   mGETXIM: 973960 # GETX I->M misses
   mGETXSM: 0 # GETX S->M misses (upgrade misses)
   PUTS: 942953 # Clean evictions (from lower level)
   PUTX: 2084532 # Dirty evictions (from lower level)
   INV: 0 # Invalidates (from upper level)
   INVX: 0 # Downgrades (from upper level)
   FWD: 0 # Forwards (from upper level)
   latGETnl: 74777952 # GET request latency on next level
   latGETnet: 0 # GET request latency on network to next level
 l3: # Cache stats
  l3-0: # Cache stats
   hGETS: 884898 # GETS hits
   hGETX: 776533 # GETX hits
   mGETS: 108745 # GETS misses
   mGETXIM: 197427 # GETX I->M misses
   mGETXSM: 0 # GETX S->M misses (upgrade misses)
   PUTS: 580247 # Clean evictions (from lower level)
   PUTX: 1383260 # Dirty evictions (from lower level)
   INV: 0 # Invalidates (from upper level)
   INVX: 0 # Downgrades (from upper level)
   FWD: 0 # Forwards (from upper level)
   latGETnl: 27555480 # GET request latency on next level
   latGETnet: 0 # GET request latency on network to next level
 mem: # Memory controller stats
  mem-0: # Memory controller stats
   rd: 76665 # Read requests
   wr: 57194 # Write requests
   rdlat: 10432073 # Total latency experienced by read requests
   wrlat: 8287643 # Total latency experienced by write requests
   rdhits: 1924 # Read row hits
   wrhits: 580 # Write row hits
   mlh: # latency histogram for memory requests
    0: 0
    1: 0
    2: 0
    3: 0
    4: 0
    5: 0
    6: 0
    7: 0
    8: 0
    9: 0
    10: 0
    11: 207
    12: 269
    13: 69739
    14: 1621
    15: 1195
    16: 727
    17: 383
    18: 403
    19: 447
    20: 485
    21: 219
    22: 75
    23: 76
    24: 81
    25: 45
    26: 43
    27: 41
    28: 29
    29: 33
    30: 44
    31: 28
    32: 48
    33: 39
    34: 37
    35: 30
    36: 24
    37: 46
    38: 31
    39: 36
    40: 53
    41: 38
    42: 46
    43: 10
    44: 7
    45: 5
    46: 2
    47: 8
    48: 2
    49: 1
    50: 2
    51: 4
    52: 0
    53: 0
    54: 0
    55: 4
    56: 2
    57: 0
    58: 0
    59: 0
    60: 0
    61: 0
    62: 0
    63: 0
    64: 0
    65: 0
    66: 0
    67: 0
    68: 0
    69: 0
    70: 0
    71: 0
    72: 0
    73: 0
    74: 0
    75: 0
    76: 0
    77: 0
    78: 0
    79: 0
    80: 0
    81: 0
    82: 0
    83: 0
    84: 0
    85: 0
    86: 0
    87: 0
    88: 0
    89: 0
    90: 0
    91: 0
    92: 0
    93: 0
    94: 0
    95: 0
    96: 0
    97: 0
    98: 0
    99: 0
  mem-1: # Memory controller stats
   rd: 76603 # Read requests
   wr: 57455 # Write requests
   rdlat: 10461578 # Total latency experienced by read requests
   wrlat: 8386419 # Total latency experienced by write requests
   rdhits: 2169 # Read row hits
   wrhits: 648 # Write row hits
   mlh: # latency histogram for memory requests
    0: 0
    1: 0
    2: 0
    3: 0
    4: 0
    5: 0
    6: 0
    7: 0
    8: 0
    9: 0
    10: 0
    11: 255
    12: 304
    13: 69354
    14: 1568
    15: 1209
    16: 764
    17: 435
    18: 446
    19: 459
    20: 510
    21: 231
    22: 63
    23: 79
    24: 57
    25: 59
    26: 47
    27: 47
    28: 31
    29: 35
    30: 41
    31: 36
    32: 31
    33: 48
    34: 56
    35: 38
    36: 54
    37: 61
    38: 53
    39: 49
    40: 44
    41: 42
    42: 50
    43: 15
    44: 9
    45: 4
    46: 4
    47: 8
    48: 4
    49: 1
    50: 1
    51: 1
    52: 0
    53: 0
    54: 0
    55: 0
    56: 0
    57: 0
    58: 0
    59: 0
    60: 0
    61: 0
    62: 0
    63: 0
    64: 0
    65: 0
    66: 0
    67: 0
    68: 0
    69: 0
    70: 0
    71: 0
    72: 0
    73: 0
    74: 0
    75: 0
    76: 0
    77: 0
    78: 0
    79: 0
    80: 0
    81: 0
    82: 0
    83: 0
    84: 0
    85: 0
    86: 0
    87: 0
    88: 0
    89: 0
    90: 0
    91: 0
    92: 0
    93: 0
    94: 0
    95: 0
    96: 0
    97: 0
    98: 0
    99: 0
  mem-2: # Memory controller stats
   rd: 76746 # Read requests
   wr: 57458 # Write requests
   rdlat: 10470577 # Total latency experienced by read requests
   wrlat: 8379948 # Total latency experienced by write requests
   rdhits: 2243 # Read row hits
   wrhits: 625 # Write row hits
   mlh: # latency histogram for memory requests
    0: 0
    1: 0
    2: 0
    3: 0
    4: 0
    5: 0
    6: 0
    7: 0
    8: 0
    9: 0
    10: 0
    11: 228
    12: 321
    13: 69378
    14: 1582
    15: 1226
    16: 779
    17: 467
    18: 460
    19: 491
    20: 502
    21: 276
    22: 96
    23: 82
    24: 66
    25: 54
    26: 44
    27: 46
    28: 26
    29: 31
    30: 35
    31: 40
    32: 51
    33: 48
    34: 45
    35: 38
    36: 36
    37: 50
    38: 36
    39: 42
    40: 47
    41: 44
    42: 32
    43: 13
    44: 8
    45: 7
    46: 4
    47: 3
    48: 1
    49: 0
    50: 0
    51: 0
    52: 0
    53: 1
    54: 6
    55: 1
    56: 1
    57: 1
    58: 0
    59: 0
    60: 1
    61: 0
    62: 0
    63: 0
    64: 0
    65: 0
    66: 0
    67: 0
    68: 0
    69: 0
    70: 0
    71: 0
    72: 0
    73: 0
    74: 0
    75: 0
    76: 0
    77: 0
    78: 0
    79: 0
    80: 0
    81: 0
    82: 0
    83: 0
    84: 0
    85: 0
    86: 0
    87: 0
    88: 0
    89: 0
    90: 0
    91: 0
    92: 0
    93: 0
    94: 0
    95: 0
    96: 0
    97: 0
    98: 0
    99: 0
  mem-3: # Memory controller stats
   rd: 76158 # Read requests
   wr: 57256 # Write requests
   rdlat: 10368865 # Total latency experienced by read requests
   wrlat: 8274465 # Total latency experienced by write requests
   rdhits: 1941 # Read row hits
   wrhits: 529 # Write row hits
   mlh: # latency histogram for memory requests
    0: 0
    1: 0
    2: 0
    3: 0
    4: 0
    5: 0
    6: 0
    7: 0
    8: 0
    9: 0
    10: 0
    11: 236
    12: 263
    13: 69319
    14: 1598
    15: 1173
    16: 691
    17: 358
    18: 404
    19: 436
    20: 495
    21: 233
    22: 57
    23: 61
    24: 64
    25: 44
    26: 32
    27: 30
    28: 37
    29: 57
    30: 47
    31: 33
    32: 42
    33: 35
    34: 57
    35: 40
    36: 42
    37: 41
    38: 35
    39: 46
    40: 39
    41: 33
    42: 42
    43: 18
    44: 4
    45: 6
    46: 4
    47: 3
    48: 1
    49: 0
    50: 1
    51: 0
    52: 0
    53: 0
    54: 1
    55: 0
    56: 0
    57: 0
    58: 0
    59: 0
    60: 0
    61: 0
    62: 0
    63: 0
    64: 0
    65: 0
    66: 0
    67: 0
    68: 0
    69: 0
    70: 0
    71: 0
    72: 0
    73: 0
    74: 0
    75: 0
    76: 0
    77: 0
    78: 0
    79: 0
    80: 0
    81: 0
    82: 0
    83: 0
    84: 0
    85: 0
    86: 0
    87: 0
    88: 0
    89: 0
    90: 0
    91: 0
    92: 0
    93: 0
    94: 0
    95: 0
    96: 0
    97: 0
    98: 0
    99: 0
 sched: # Scheduler stats
  thCr: 1 # Threads created
  thFn: 1 # Threads finished
  schedEvs: 1 # Schedule events
  waitEvs: 0 # Wait events
  handoffEvs: 0 # Handoff events
  sleepEvs: 0 # Sleep events
  idlePhases: 0 # Phases with no thread active
  idlePeriods: 0 # Periods with no thread active
  occHist: # Occupancy histogram
   0: 0
   1: 10932
  rqSzHist: # Run queue size histogram
   0: 10932
   1: 0
   2: 0
   3: 0
   4: 0
   5: 0
   6: 0
   7: 0
   8: 0
   9: 0
   10: 0
   11: 0
   12: 0
   13: 0
   14: 0
   15: 0
   16: 0
 procCycles: # Per-process unhalted core cycles
  0: 109320128
  1: 0
  2: 0
  3: 0
  4: 0
  5: 0
  6: 0
  7: 0
  8: 0
  9: 0
  10: 0
  11: 0
  12: 0
  13: 0
  14: 0
  15: 0
  16: 0
  17: 0
  18: 0
  19: 0
  20: 0
  21: 0
  22: 0
  23: 0
  24: 0
  25: 0
  26: 0
  27: 0
  28: 0
  29: 0
  30: 0
  31: 0
  32: 0
  33: 0
  34: 0
  35: 0
  36: 0
  37: 0
  38: 0
  39: 0
  40: 0
  41: 0
  42: 0
  43: 0
  44: 0
  45: 0
  46: 0
  47: 0
  48: 0
  49: 0
  50: 0
  51: 0
  52: 0
  53: 0
  54: 0
  55: 0
  56: 0
  57: 0
  58: 0
  59: 0
  60: 0
  61: 0
  62: 0
  63: 0
 procInstrs: # Per-process instructions
  0: 100017428
  1: 0
  2: 0
  3: 0
  4: 0
  5: 0
  6: 0
  7: 0
  8: 0
  9: 0
  10: 0
  11: 0
  12: 0
  13: 0
  14: 0
  15: 0
  16: 0
  17: 0
  18: 0
  19: 0
  20: 0
  21: 0
  22: 0
  23: 0
  24: 0
  25: 0
  26: 0
  27: 0
  28: 0
  29: 0
  30: 0
  31: 0
  32: 0
  33: 0
  34: 0
  35: 0
  36: 0
  37: 0
  38: 0
  39: 0
  40: 0
  41: 0
  42: 0
  43: 0
  44: 0
  45: 0
  46: 0
  47: 0
  48: 0
  49: 0
  50: 0
  51: 0
  52: 0
  53: 0
  54: 0
  55: 0
  56: 0
  57: 0
  58: 0
  59: 0
  60: 0
  61: 0
  62: 0
  63: 0
 heartbeats: # Per-process heartbeats
  0: 0
  1: 0
  2: 0
  3: 0
  4: 0
  5: 0
  6: 0
  7: 0
  8: 0
  9: 0
  10: 0
  11: 0
  12: 0
  13: 0
  14: 0
  15: 0
  16: 0
  17: 0
  18: 0
  19: 0
  20: 0
  21: 0
  22: 0
  23: 0
  24: 0
  25: 0
  26: 0
  27: 0
  28: 0
  29: 0
  30: 0
  31: 0
  32: 0
  33: 0
  34: 0
  35: 0
  36: 0
  37: 0
  38: 0
  39: 0
  40: 0
  41: 0
  42: 0
  43: 0
  44: 0
  45: 0
  46: 0
  47: 0
  48: 0
  49: 0
  50: 0
  51: 0
  52: 0
  53: 0
  54: 0
  55: 0
  56: 0
  57: 0
  58: 0
  59: 0
  60: 0
  61: 0
  62: 0
  63: 0
===
