# zsim stats
===
root: # Stats
 contention: # Contention simulation stats
  domain-0: # Domain stats
   time: 12073193 # Weave simulation time
 time: # Simulator time breakdown
  init: 1344707156
  bound: 4183990963
  weave: 47329529
  ff: 0
 trigger: 20000 # Reason for this stats dump
 phase: 5340 # Simulated phases
 westmere: # Core stats
  westmere-0: # Core stats
   cycles: 53400001 # Simulated unhalted cycles
   cCycles: 328058 # Cycles due to contention stalls
   instrs: 100015587 # Simulated instructions
   uops: 115462426 # Retired micro-ops
   bbls: 23509630 # Basic blocks
   approxInstrs: 1075756 # Instrs with approx uop decoding
   mispredBranches: 269505 # Mispredicted branches
   condBranches: 18725489 # conditional branches
 l1i: # Cache stats
  l1i-0: # Filter cache stats
   fhGETS: 21260435 # Filtered GETS hits
   fhGETX: 0 # Filtered GETX hits
   hGETS: 3814038 # GETS hits
   hGETX: 0 # GETX hits
   mGETS: 3026 # GETS misses
   mGETXIM: 0 # GETX I->M misses
   mGETXSM: 0 # GETX S->M misses (upgrade misses)
   PUTS: 0 # Clean evictions (from lower level)
   PUTX: 0 # Dirty evictions (from lower level)
   INV: 44 # Invalidates (from upper level)
   INVX: 0 # Downgrades (from upper level)
   FWD: 0 # Forwards (from upper level)
   latGETnl: 111446 # GET request latency on next level
   latGETnet: 0 # GET request latency on network to next level
 l1d: # Cache stats
  l1d-0: # Filter cache stats
   fhGETS: 20925930 # Filtered GETS hits
   fhGETX: 11206879 # Filtered GETX hits
   hGETS: 1477162 # GETS hits
   hGETX: 767646 # GETX hits
   mGETS: 10508 # GETS misses
   mGETXIM: 31126 # GETX I->M misses
   mGETXSM: 0 # GETX S->M misses (upgrade misses)
   PUTS: 0 # Clean evictions (from lower level)
   PUTX: 0 # Dirty evictions (from lower level)
   INV: 25 # Invalidates (from upper level)
   INVX: 0 # Downgrades (from upper level)
   FWD: 0 # Forwards (from upper level)
   latGETnl: 3436152 # GET request latency on next level
   latGETnet: 0 # GET request latency on network to next level
 l2: # Cache stats
  l2-0: # Cache stats
   hGETS: 11142 # GETS hits
   hGETX: 5286 # GETX hits
   mGETS: 2392 # GETS misses
   mGETXIM: 25840 # GETX I->M misses
   mGETXSM: 0 # GETX S->M misses (upgrade misses)
   PUTS: 8382 # Clean evictions (from lower level)
   PUTX: 35213 # Dirty evictions (from lower level)
   INV: 113 # Invalidates (from upper level)
   INVX: 0 # Downgrades (from upper level)
   FWD: 0 # Forwards (from upper level)
   latGETnl: 3100998 # GET request latency on next level
   latGETnet: 0 # GET request latency on network to next level
 l3: # Cache stats
  l3-0: # Cache stats
   hGETS: 1260 # GETS hits
   hGETX: 45 # GETX hits
   mGETS: 1132 # GETS misses
   mGETXIM: 25795 # GETX I->M misses
   mGETXSM: 0 # GETX S->M misses (upgrade misses)
   PUTS: 1631 # Clean evictions (from lower level)
   PUTX: 22392 # Dirty evictions (from lower level)
   INV: 0 # Invalidates (from upper level)
   INVX: 0 # Downgrades (from upper level)
   FWD: 0 # Forwards (from upper level)
   latGETnl: 2423430 # GET request latency on next level
   latGETnet: 0 # GET request latency on network to next level
 mem: # Memory controller stats
  mem-0: # Memory controller stats
   rd: 6733 # Read requests
   wr: 82 # Write requests
   rdlat: 904324 # Total latency experienced by read requests
   wrlat: 11713 # Total latency experienced by write requests
   rdhits: 2 # Read row hits
   wrhits: 0 # Write row hits
   mlh: # latency histogram for memory requests
    0: 0
    1: 0
    2: 0
    3: 0
    4: 0
    5: 0
    6: 0
    7: 0
    8: 0
    9: 0
    10: 0
    11: 0
    12: 1
    13: 6565
    14: 56
    15: 7
    16: 7
    17: 12
    18: 0
    19: 2
    20: 1
    21: 4
    22: 1
    23: 3
    24: 1
    25: 2
    26: 3
    27: 3
    28: 1
    29: 1
    30: 2
    31: 4
    32: 10
    33: 1
    34: 4
    35: 7
    36: 4
    37: 6
    38: 4
    39: 2
    40: 4
    41: 6
    42: 5
    43: 3
    44: 0
    45: 0
    46: 1
    47: 0
    48: 0
    49: 0
    50: 0
    51: 0
    52: 0
    53: 0
    54: 0
    55: 0
    56: 0
    57: 0
    58: 0
    59: 0
    60: 0
    61: 0
    62: 0
    63: 0
    64: 0
    65: 0
    66: 0
    67: 0
    68: 0
    69: 0
    70: 0
    71: 0
    72: 0
    73: 0
    74: 0
    75: 0
    76: 0
    77: 0
    78: 0
    79: 0
    80: 0
    81: 0
    82: 0
    83: 0
    84: 0
    85: 0
    86: 0
    87: 0
    88: 0
    89: 0
    90: 0
    91: 0
    92: 0
    93: 0
    94: 0
    95: 0
    96: 0
    97: 0
    98: 0
    99: 0
  mem-1: # Memory controller stats
   rd: 6733 # Read requests
   wr: 80 # Write requests
   rdlat: 903353 # Total latency experienced by read requests
   wrlat: 11191 # Total latency experienced by write requests
   rdhits: 3 # Read row hits
   wrhits: 0 # Write row hits
   mlh: # latency histogram for memory requests
    0: 0
    1: 0
    2: 0
    3: 0
    4: 0
    5: 0
    6: 0
    7: 0
    8: 0
    9: 0
    10: 0
    11: 0
    12: 1
    13: 6580
    14: 34
    15: 36
    16: 0
    17: 3
    18: 1
    19: 1
    20: 3
    21: 2
    22: 1
    23: 0
    24: 2
    25: 2
    26: 4
    27: 2
    28: 1
    29: 1
    30: 1
    31: 5
    32: 4
    33: 3
    34: 9
    35: 4
    36: 6
    37: 3
    38: 4
    39: 5
    40: 7
    41: 2
    42: 3
    43: 3
    44: 0
    45: 0
    46: 0
    47: 0
    48: 0
    49: 0
    50: 0
    51: 0
    52: 0
    53: 0
    54: 0
    55: 0
    56: 0
    57: 0
    58: 0
    59: 0
    60: 0
    61: 0
    62: 0
    63: 0
    64: 0
    65: 0
    66: 0
    67: 0
    68: 0
    69: 0
    70: 0
    71: 0
    72: 0
    73: 0
    74: 0
    75: 0
    76: 0
    77: 0
    78: 0
    79: 0
    80: 0
    81: 0
    82: 0
    83: 0
    84: 0
    85: 0
    86: 0
    87: 0
    88: 0
    89: 0
    90: 0
    91: 0
    92: 0
    93: 0
    94: 0
    95: 0
    96: 0
    97: 0
    98: 0
    99: 0
  mem-2: # Memory controller stats
   rd: 6723 # Read requests
   wr: 81 # Write requests
   rdlat: 902147 # Total latency experienced by read requests
   wrlat: 11677 # Total latency experienced by write requests
   rdhits: 2 # Read row hits
   wrhits: 0 # Write row hits
   mlh: # latency histogram for memory requests
    0: 0
    1: 0
    2: 0
    3: 0
    4: 0
    5: 0
    6: 0
    7: 0
    8: 0
    9: 0
    10: 0
    11: 0
    12: 0
    13: 6561
    14: 54
    15: 12
    16: 6
    17: 12
    18: 2
    19: 0
    20: 0
    21: 1
    22: 0
    23: 1
    24: 1
    25: 2
    26: 2
    27: 7
    28: 1
    29: 0
    30: 3
    31: 8
    32: 8
    33: 5
    34: 1
    35: 7
    36: 2
    37: 1
    38: 7
    39: 4
    40: 2
    41: 5
    42: 4
    43: 3
    44: 0
    45: 0
    46: 0
    47: 1
    48: 0
    49: 0
    50: 0
    51: 0
    52: 0
    53: 0
    54: 0
    55: 0
    56: 0
    57: 0
    58: 0
    59: 0
    60: 0
    61: 0
    62: 0
    63: 0
    64: 0
    65: 0
    66: 0
    67: 0
    68: 0
    69: 0
    70: 0
    71: 0
    72: 0
    73: 0
    74: 0
    75: 0
    76: 0
    77: 0
    78: 0
    79: 0
    80: 0
    81: 0
    82: 0
    83: 0
    84: 0
    85: 0
    86: 0
    87: 0
    88: 0
    89: 0
    90: 0
    91: 0
    92: 0
    93: 0
    94: 0
    95: 0
    96: 0
    97: 0
    98: 0
    99: 0
  mem-3: # Memory controller stats
   rd: 6738 # Read requests
   wr: 81 # Write requests
   rdlat: 902627 # Total latency experienced by read requests
   wrlat: 11549 # Total latency experienced by write requests
   rdhits: 0 # Read row hits
   wrhits: 0 # Write row hits
   mlh: # latency histogram for memory requests
    0: 0
    1: 0
    2: 0
    3: 0
    4: 0
    5: 0
    6: 0
    7: 0
    8: 0
    9: 0
    10: 0
    11: 0
    12: 0
    13: 6580
    14: 37
    15: 43
    16: 6
    17: 0
    18: 1
    19: 2
    20: 0
    21: 1
    22: 1
    23: 0
    24: 1
    25: 1
    26: 5
    27: 2
    28: 2
    29: 0
    30: 2
    31: 8
    32: 6
    33: 4
    34: 6
    35: 3
    36: 2
    37: 6
    38: 3
    39: 4
    40: 4
    41: 1
    42: 4
    43: 1
    44: 1
    45: 1
    46: 0
    47: 0
    48: 0
    49: 0
    50: 0
    51: 0
    52: 0
    53: 0
    54: 0
    55: 0
    56: 0
    57: 0
    58: 0
    59: 0
    60: 0
    61: 0
    62: 0
    63: 0
    64: 0
    65: 0
    66: 0
    67: 0
    68: 0
    69: 0
    70: 0
    71: 0
    72: 0
    73: 0
    74: 0
    75: 0
    76: 0
    77: 0
    78: 0
    79: 0
    80: 0
    81: 0
    82: 0
    83: 0
    84: 0
    85: 0
    86: 0
    87: 0
    88: 0
    89: 0
    90: 0
    91: 0
    92: 0
    93: 0
    94: 0
    95: 0
    96: 0
    97: 0
    98: 0
    99: 0
 sched: # Scheduler stats
  thCr: 1 # Threads created
  thFn: 1 # Threads finished
  schedEvs: 1 # Schedule events
  waitEvs: 0 # Wait events
  handoffEvs: 0 # Handoff events
  sleepEvs: 0 # Sleep events
  idlePhases: 0 # Phases with no thread active
  idlePeriods: 0 # Periods with no thread active
  occHist: # Occupancy histogram
   0: 0
   1: 5340
  rqSzHist: # Run queue size histogram
   0: 5340
   1: 0
   2: 0
   3: 0
   4: 0
   5: 0
   6: 0
   7: 0
   8: 0
   9: 0
   10: 0
   11: 0
   12: 0
   13: 0
   14: 0
   15: 0
   16: 0
 procCycles: # Per-process unhalted core cycles
  0: 53400001
  1: 0
  2: 0
  3: 0
  4: 0
  5: 0
  6: 0
  7: 0
  8: 0
  9: 0
  10: 0
  11: 0
  12: 0
  13: 0
  14: 0
  15: 0
  16: 0
  17: 0
  18: 0
  19: 0
  20: 0
  21: 0
  22: 0
  23: 0
  24: 0
  25: 0
  26: 0
  27: 0
  28: 0
  29: 0
  30: 0
  31: 0
  32: 0
  33: 0
  34: 0
  35: 0
  36: 0
  37: 0
  38: 0
  39: 0
  40: 0
  41: 0
  42: 0
  43: 0
  44: 0
  45: 0
  46: 0
  47: 0
  48: 0
  49: 0
  50: 0
  51: 0
  52: 0
  53: 0
  54: 0
  55: 0
  56: 0
  57: 0
  58: 0
  59: 0
  60: 0
  61: 0
  62: 0
  63: 0
 procInstrs: # Per-process instructions
  0: 100015587
  1: 0
  2: 0
  3: 0
  4: 0
  5: 0
  6: 0
  7: 0
  8: 0
  9: 0
  10: 0
  11: 0
  12: 0
  13: 0
  14: 0
  15: 0
  16: 0
  17: 0
  18: 0
  19: 0
  20: 0
  21: 0
  22: 0
  23: 0
  24: 0
  25: 0
  26: 0
  27: 0
  28: 0
  29: 0
  30: 0
  31: 0
  32: 0
  33: 0
  34: 0
  35: 0
  36: 0
  37: 0
  38: 0
  39: 0
  40: 0
  41: 0
  42: 0
  43: 0
  44: 0
  45: 0
  46: 0
  47: 0
  48: 0
  49: 0
  50: 0
  51: 0
  52: 0
  53: 0
  54: 0
  55: 0
  56: 0
  57: 0
  58: 0
  59: 0
  60: 0
  61: 0
  62: 0
  63: 0
 heartbeats: # Per-process heartbeats
  0: 0
  1: 0
  2: 0
  3: 0
  4: 0
  5: 0
  6: 0
  7: 0
  8: 0
  9: 0
  10: 0
  11: 0
  12: 0
  13: 0
  14: 0
  15: 0
  16: 0
  17: 0
  18: 0
  19: 0
  20: 0
  21: 0
  22: 0
  23: 0
  24: 0
  25: 0
  26: 0
  27: 0
  28: 0
  29: 0
  30: 0
  31: 0
  32: 0
  33: 0
  34: 0
  35: 0
  36: 0
  37: 0
  38: 0
  39: 0
  40: 0
  41: 0
  42: 0
  43: 0
  44: 0
  45: 0
  46: 0
  47: 0
  48: 0
  49: 0
  50: 0
  51: 0
  52: 0
  53: 0
  54: 0
  55: 0
  56: 0
  57: 0
  58: 0
  59: 0
  60: 0
  61: 0
  62: 0
  63: 0
===
