# zsim stats
===
root: # Stats
 contention: # Contention simulation stats
  domain-0: # Domain stats
   time: 114883407 # Weave simulation time
 time: # Simulator time breakdown
  init: 20604087390
  bound: 3652021866
  weave: 176355468
  ff: 0
 trigger: 20000 # Reason for this stats dump
 phase: 10954 # Simulated phases
 westmere: # Core stats
  westmere-0: # Core stats
   cycles: 109540085 # Simulated unhalted cycles
   cCycles: 8839489 # Cycles due to contention stalls
   instrs: 100001900 # Simulated instructions
   uops: 113801556 # Retired micro-ops
   bbls: 14845323 # Basic blocks
   approxInstrs: 596117 # Instrs with approx uop decoding
   mispredBranches: 789658 # Mispredicted branches
   condBranches: 12874392 # conditional branches
 l1i: # Cache stats
  l1i-0: # Filter cache stats
   fhGETS: 19605057 # Filtered GETS hits
   fhGETX: 0 # Filtered GETX hits
   hGETS: 195 # GETS hits
   hGETX: 0 # GETX hits
   mGETS: 1284 # GETS misses
   mGETXIM: 0 # GETX I->M misses
   mGETXSM: 0 # GETX S->M misses (upgrade misses)
   PUTS: 0 # Clean evictions (from lower level)
   PUTX: 0 # Dirty evictions (from lower level)
   INV: 1253 # Invalidates (from upper level)
   INVX: 0 # Downgrades (from upper level)
   FWD: 0 # Forwards (from upper level)
   latGETnl: 159216 # GET request latency on next level
   latGETnet: 0 # GET request latency on network to next level
 l1d: # Cache stats
  l1d-0: # Filter cache stats
   fhGETS: 25319235 # Filtered GETS hits
   fhGETX: 11417268 # Filtered GETX hits
   hGETS: 1040777 # GETS hits
   hGETX: 1646668 # GETX hits
   mGETS: 1934910 # GETS misses
   mGETXIM: 1092952 # GETX I->M misses
   mGETXSM: 0 # GETX S->M misses (upgrade misses)
   PUTS: 0 # Clean evictions (from lower level)
   PUTX: 0 # Dirty evictions (from lower level)
   INV: 544 # Invalidates (from upper level)
   INVX: 0 # Downgrades (from upper level)
   FWD: 0 # Forwards (from upper level)
   latGETnl: 104948494 # GET request latency on next level
   latGETnet: 0 # GET request latency on network to next level
 l2: # Cache stats
  l2-0: # Cache stats
   hGETS: 947692 # GETS hits
   hGETX: 121559 # GETX hits
   mGETS: 988502 # GETS misses
   mGETXIM: 971393 # GETX I->M misses
   mGETXSM: 0 # GETX S->M misses (upgrade misses)
   PUTS: 942741 # Clean evictions (from lower level)
   PUTX: 2084065 # Dirty evictions (from lower level)
   INV: 5596 # Invalidates (from upper level)
   INVX: 0 # Downgrades (from upper level)
   FWD: 0 # Forwards (from upper level)
   latGETnl: 74816250 # GET request latency on next level
   latGETnet: 0 # GET request latency on network to next level
 l3: # Cache stats
  l3-0: # Cache stats
   hGETS: 878126 # GETS hits
   hGETX: 773116 # GETX hits
   mGETS: 110376 # GETS misses
   mGETXIM: 198277 # GETX I->M misses
   mGETXSM: 0 # GETX S->M misses (upgrade misses)
   PUTS: 575145 # Clean evictions (from lower level)
   PUTX: 1375058 # Dirty evictions (from lower level)
   INV: 0 # Invalidates (from upper level)
   INVX: 0 # Downgrades (from upper level)
   FWD: 0 # Forwards (from upper level)
   latGETnl: 27778770 # GET request latency on next level
   latGETnet: 0 # GET request latency on network to next level
 mem: # Memory controller stats
  mem-0: # Memory controller stats
   rd: 77330 # Read requests
   wr: 56840 # Write requests
   rdlat: 10528358 # Total latency experienced by read requests
   wrlat: 8218067 # Total latency experienced by write requests
   rdhits: 1665 # Read row hits
   wrhits: 497 # Write row hits
   mlh: # latency histogram for memory requests
    0: 0
    1: 0
    2: 0
    3: 0
    4: 0
    5: 0
    6: 0
    7: 0
    8: 0
    9: 0
    10: 0
    11: 222
    12: 264
    13: 70557
    14: 1515
    15: 1176
    16: 710
    17: 362
    18: 370
    19: 445
    20: 454
    21: 233
    22: 57
    23: 89
    24: 56
    25: 53
    26: 33
    27: 37
    28: 38
    29: 35
    30: 39
    31: 40
    32: 47
    33: 49
    34: 42
    35: 36
    36: 40
    37: 50
    38: 42
    39: 48
    40: 54
    41: 44
    42: 43
    43: 14
    44: 6
    45: 6
    46: 5
    47: 4
    48: 3
    49: 2
    50: 0
    51: 3
    52: 1
    53: 0
    54: 2
    55: 4
    56: 0
    57: 0
    58: 0
    59: 0
    60: 0
    61: 0
    62: 0
    63: 0
    64: 0
    65: 0
    66: 0
    67: 0
    68: 0
    69: 0
    70: 0
    71: 0
    72: 0
    73: 0
    74: 0
    75: 0
    76: 0
    77: 0
    78: 0
    79: 0
    80: 0
    81: 0
    82: 0
    83: 0
    84: 0
    85: 0
    86: 0
    87: 0
    88: 0
    89: 0
    90: 0
    91: 0
    92: 0
    93: 0
    94: 0
    95: 0
    96: 0
    97: 0
    98: 0
    99: 0
  mem-1: # Memory controller stats
   rd: 77011 # Read requests
   wr: 56777 # Write requests
   rdlat: 10484692 # Total latency experienced by read requests
   wrlat: 8198934 # Total latency experienced by write requests
   rdhits: 1708 # Read row hits
   wrhits: 488 # Write row hits
   mlh: # latency histogram for memory requests
    0: 0
    1: 0
    2: 0
    3: 0
    4: 0
    5: 0
    6: 0
    7: 0
    8: 0
    9: 0
    10: 0
    11: 244
    12: 250
    13: 70264
    14: 1545
    15: 1179
    16: 712
    17: 344
    18: 402
    19: 384
    20: 467
    21: 217
    22: 59
    23: 73
    24: 71
    25: 55
    26: 50
    27: 30
    28: 23
    29: 34
    30: 48
    31: 36
    32: 51
    33: 34
    34: 41
    35: 36
    36: 33
    37: 62
    38: 29
    39: 52
    40: 39
    41: 42
    42: 43
    43: 25
    44: 7
    45: 10
    46: 9
    47: 6
    48: 2
    49: 2
    50: 0
    51: 0
    52: 0
    53: 0
    54: 0
    55: 1
    56: 0
    57: 0
    58: 0
    59: 0
    60: 0
    61: 0
    62: 0
    63: 0
    64: 0
    65: 0
    66: 0
    67: 0
    68: 0
    69: 0
    70: 0
    71: 0
    72: 0
    73: 0
    74: 0
    75: 0
    76: 0
    77: 0
    78: 0
    79: 0
    80: 0
    81: 0
    82: 0
    83: 0
    84: 0
    85: 0
    86: 0
    87: 0
    88: 0
    89: 0
    90: 0
    91: 0
    92: 0
    93: 0
    94: 0
    95: 0
    96: 0
    97: 0
    98: 0
    99: 0
  mem-2: # Memory controller stats
   rd: 77562 # Read requests
   wr: 56980 # Write requests
   rdlat: 10567803 # Total latency experienced by read requests
   wrlat: 8280300 # Total latency experienced by write requests
   rdhits: 1935 # Read row hits
   wrhits: 504 # Write row hits
   mlh: # latency histogram for memory requests
    0: 0
    1: 0
    2: 0
    3: 0
    4: 0
    5: 0
    6: 0
    7: 0
    8: 0
    9: 0
    10: 0
    11: 235
    12: 271
    13: 70532
    14: 1574
    15: 1166
    16: 690
    17: 422
    18: 423
    19: 451
    20: 507
    21: 258
    22: 86
    23: 71
    24: 64
    25: 47
    26: 42
    27: 35
    28: 38
    29: 47
    30: 41
    31: 41
    32: 49
    33: 40
    34: 36
    35: 44
    36: 40
    37: 56
    38: 41
    39: 40
    40: 39
    41: 46
    42: 38
    43: 23
    44: 7
    45: 9
    46: 4
    47: 7
    48: 1
    49: 0
    50: 0
    51: 1
    52: 0
    53: 0
    54: 0
    55: 0
    56: 0
    57: 0
    58: 0
    59: 0
    60: 0
    61: 0
    62: 0
    63: 0
    64: 0
    65: 0
    66: 0
    67: 0
    68: 0
    69: 0
    70: 0
    71: 0
    72: 0
    73: 0
    74: 0
    75: 0
    76: 0
    77: 0
    78: 0
    79: 0
    80: 0
    81: 0
    82: 0
    83: 0
    84: 0
    85: 0
    86: 0
    87: 0
    88: 0
    89: 0
    90: 0
    91: 0
    92: 0
    93: 0
    94: 0
    95: 0
    96: 0
    97: 0
    98: 0
    99: 0
  mem-3: # Memory controller stats
   rd: 76749 # Read requests
   wr: 56410 # Write requests
   rdlat: 10439751 # Total latency experienced by read requests
   wrlat: 8150911 # Total latency experienced by write requests
   rdhits: 1669 # Read row hits
   wrhits: 476 # Write row hits
   mlh: # latency histogram for memory requests
    0: 0
    1: 0
    2: 0
    3: 0
    4: 0
    5: 0
    6: 0
    7: 0
    8: 0
    9: 0
    10: 0
    11: 218
    12: 262
    13: 70239
    14: 1516
    15: 1149
    16: 671
    17: 356
    18: 356
    19: 369
    20: 412
    21: 199
    22: 60
    23: 60
    24: 69
    25: 57
    26: 32
    27: 34
    28: 36
    29: 39
    30: 49
    31: 29
    32: 42
    33: 46
    34: 56
    35: 49
    36: 28
    37: 60
    38: 41
    39: 48
    40: 34
    41: 49
    42: 48
    43: 12
    44: 5
    45: 7
    46: 6
    47: 2
    48: 2
    49: 1
    50: 1
    51: 0
    52: 0
    53: 0
    54: 0
    55: 0
    56: 0
    57: 0
    58: 0
    59: 0
    60: 0
    61: 0
    62: 0
    63: 0
    64: 0
    65: 0
    66: 0
    67: 0
    68: 0
    69: 0
    70: 0
    71: 0
    72: 0
    73: 0
    74: 0
    75: 0
    76: 0
    77: 0
    78: 0
    79: 0
    80: 0
    81: 0
    82: 0
    83: 0
    84: 0
    85: 0
    86: 0
    87: 0
    88: 0
    89: 0
    90: 0
    91: 0
    92: 0
    93: 0
    94: 0
    95: 0
    96: 0
    97: 0
    98: 0
    99: 0
 sched: # Scheduler stats
  thCr: 1 # Threads created
  thFn: 1 # Threads finished
  schedEvs: 1 # Schedule events
  waitEvs: 0 # Wait events
  handoffEvs: 0 # Handoff events
  sleepEvs: 0 # Sleep events
  idlePhases: 0 # Phases with no thread active
  idlePeriods: 0 # Periods with no thread active
  occHist: # Occupancy histogram
   0: 0
   1: 10954
  rqSzHist: # Run queue size histogram
   0: 10954
   1: 0
   2: 0
   3: 0
   4: 0
   5: 0
   6: 0
   7: 0
   8: 0
   9: 0
   10: 0
   11: 0
   12: 0
   13: 0
   14: 0
   15: 0
   16: 0
 procCycles: # Per-process unhalted core cycles
  0: 109540085
  1: 0
  2: 0
  3: 0
  4: 0
  5: 0
  6: 0
  7: 0
  8: 0
  9: 0
  10: 0
  11: 0
  12: 0
  13: 0
  14: 0
  15: 0
  16: 0
  17: 0
  18: 0
  19: 0
  20: 0
  21: 0
  22: 0
  23: 0
  24: 0
  25: 0
  26: 0
  27: 0
  28: 0
  29: 0
  30: 0
  31: 0
  32: 0
  33: 0
  34: 0
  35: 0
  36: 0
  37: 0
  38: 0
  39: 0
  40: 0
  41: 0
  42: 0
  43: 0
  44: 0
  45: 0
  46: 0
  47: 0
  48: 0
  49: 0
  50: 0
  51: 0
  52: 0
  53: 0
  54: 0
  55: 0
  56: 0
  57: 0
  58: 0
  59: 0
  60: 0
  61: 0
  62: 0
  63: 0
 procInstrs: # Per-process instructions
  0: 100001900
  1: 0
  2: 0
  3: 0
  4: 0
  5: 0
  6: 0
  7: 0
  8: 0
  9: 0
  10: 0
  11: 0
  12: 0
  13: 0
  14: 0
  15: 0
  16: 0
  17: 0
  18: 0
  19: 0
  20: 0
  21: 0
  22: 0
  23: 0
  24: 0
  25: 0
  26: 0
  27: 0
  28: 0
  29: 0
  30: 0
  31: 0
  32: 0
  33: 0
  34: 0
  35: 0
  36: 0
  37: 0
  38: 0
  39: 0
  40: 0
  41: 0
  42: 0
  43: 0
  44: 0
  45: 0
  46: 0
  47: 0
  48: 0
  49: 0
  50: 0
  51: 0
  52: 0
  53: 0
  54: 0
  55: 0
  56: 0
  57: 0
  58: 0
  59: 0
  60: 0
  61: 0
  62: 0
  63: 0
 heartbeats: # Per-process heartbeats
  0: 0
  1: 0
  2: 0
  3: 0
  4: 0
  5: 0
  6: 0
  7: 0
  8: 0
  9: 0
  10: 0
  11: 0
  12: 0
  13: 0
  14: 0
  15: 0
  16: 0
  17: 0
  18: 0
  19: 0
  20: 0
  21: 0
  22: 0
  23: 0
  24: 0
  25: 0
  26: 0
  27: 0
  28: 0
  29: 0
  30: 0
  31: 0
  32: 0
  33: 0
  34: 0
  35: 0
  36: 0
  37: 0
  38: 0
  39: 0
  40: 0
  41: 0
  42: 0
  43: 0
  44: 0
  45: 0
  46: 0
  47: 0
  48: 0
  49: 0
  50: 0
  51: 0
  52: 0
  53: 0
  54: 0
  55: 0
  56: 0
  57: 0
  58: 0
  59: 0
  60: 0
  61: 0
  62: 0
  63: 0
===
