# zsim stats
===
root: # Stats
 contention: # Contention simulation stats
  domain-0: # Domain stats
   time: 2314432315 # Weave simulation time
 time: # Simulator time breakdown
  init: 1409077074
  bound: 48358570318
  weave: 3958157659
  ff: 0
 trigger: 20000 # Reason for this stats dump
 phase: 51546 # Simulated phases
 westmere: # Core stats
  westmere-0: # Core stats
   cycles: 446231605 # Simulated unhalted cycles
   cCycles: 18098333 # Cycles due to contention stalls
   instrs: 609025573 # Simulated instructions
   uops: 642700428 # Retired micro-ops
   bbls: 87800652 # Basic blocks
   approxInstrs: 82 # Instrs with approx uop decoding
   mispredBranches: 3969459 # Mispredicted branches
   condBranches: 84551390 # conditional branches
  westmere-1: # Core stats
   cycles: 442239567 # Simulated unhalted cycles
   cCycles: 16393590 # Cycles due to contention stalls
   instrs: 630004946 # Simulated instructions
   uops: 657900754 # Retired micro-ops
   bbls: 90326910 # Basic blocks
   approxInstrs: 26 # Instrs with approx uop decoding
   mispredBranches: 4120924 # Mispredicted branches
   condBranches: 88035728 # conditional branches
  westmere-2: # Core stats
   cycles: 472539611 # Simulated unhalted cycles
   cCycles: 16938407 # Cycles due to contention stalls
   instrs: 662501627 # Simulated instructions
   uops: 696404410 # Retired micro-ops
   bbls: 95184012 # Basic blocks
   approxInstrs: 32 # Instrs with approx uop decoding
   mispredBranches: 4297691 # Mispredicted branches
   condBranches: 92079502 # conditional branches
  westmere-3: # Core stats
   cycles: 404564239 # Simulated unhalted cycles
   cCycles: 18175905 # Cycles due to contention stalls
   instrs: 558377907 # Simulated instructions
   uops: 584325746 # Retired micro-ops
   bbls: 80647896 # Basic blocks
   approxInstrs: 47 # Instrs with approx uop decoding
   mispredBranches: 3612935 # Mispredicted branches
   condBranches: 78298297 # conditional branches
  westmere-4: # Core stats
   cycles: 431081270 # Simulated unhalted cycles
   cCycles: 18823089 # Cycles due to contention stalls
   instrs: 586845238 # Simulated instructions
   uops: 617877151 # Retired micro-ops
   bbls: 84922523 # Basic blocks
   approxInstrs: 33 # Instrs with approx uop decoding
   mispredBranches: 3762586 # Mispredicted branches
   condBranches: 81887797 # conditional branches
  westmere-5: # Core stats
   cycles: 486591707 # Simulated unhalted cycles
   cCycles: 16505559 # Cycles due to contention stalls
   instrs: 671921947 # Simulated instructions
   uops: 710623046 # Retired micro-ops
   bbls: 98078629 # Basic blocks
   approxInstrs: 30 # Instrs with approx uop decoding
   mispredBranches: 4199208 # Mispredicted branches
   condBranches: 93856026 # conditional branches
  westmere-6: # Core stats
   cycles: 515450139 # Simulated unhalted cycles
   cCycles: 16921513 # Cycles due to contention stalls
   instrs: 702467536 # Simulated instructions
   uops: 747054097 # Retired micro-ops
   bbls: 102431032 # Basic blocks
   approxInstrs: 26 # Instrs with approx uop decoding
   mispredBranches: 4374826 # Mispredicted branches
   condBranches: 97419302 # conditional branches
  westmere-7: # Core stats
   cycles: 417644331 # Simulated unhalted cycles
   cCycles: 17413492 # Cycles due to contention stalls
   instrs: 578945133 # Simulated instructions
   uops: 607099118 # Retired micro-ops
   bbls: 83271866 # Basic blocks
   approxInstrs: 31 # Instrs with approx uop decoding
   mispredBranches: 3805249 # Mispredicted branches
   condBranches: 80770425 # conditional branches
 l1i: # Cache stats
  l1i-0: # Filter cache stats
   fhGETS: 121356202 # Filtered GETS hits
   fhGETX: 0 # Filtered GETX hits
   hGETS: 808709 # GETS hits
   hGETX: 0 # GETX hits
   mGETS: 2096 # GETS misses
   mGETXIM: 0 # GETX I->M misses
   mGETXSM: 0 # GETX S->M misses (upgrade misses)
   PUTS: 0 # Clean evictions (from lower level)
   PUTX: 0 # Dirty evictions (from lower level)
   INV: 1969 # Invalidates (from upper level)
   INVX: 0 # Downgrades (from upper level)
   FWD: 0 # Forwards (from upper level)
   latGETnl: 100064 # GET request latency on next level
   latGETnet: 0 # GET request latency on network to next level
  l1i-1: # Filter cache stats
   fhGETS: 125521402 # Filtered GETS hits
   fhGETX: 0 # Filtered GETX hits
   hGETS: 563378 # GETS hits
   hGETX: 0 # GETX hits
   mGETS: 1929 # GETS misses
   mGETXIM: 0 # GETX I->M misses
   mGETXSM: 0 # GETX S->M misses (upgrade misses)
   PUTS: 0 # Clean evictions (from lower level)
   PUTX: 0 # Dirty evictions (from lower level)
   INV: 1799 # Invalidates (from upper level)
   INVX: 0 # Downgrades (from upper level)
   FWD: 0 # Forwards (from upper level)
   latGETnl: 89886 # GET request latency on next level
   latGETnet: 0 # GET request latency on network to next level
  l1i-2: # Filter cache stats
   fhGETS: 131790996 # Filtered GETS hits
   fhGETX: 0 # Filtered GETX hits
   hGETS: 765975 # GETS hits
   hGETX: 0 # GETX hits
   mGETS: 1931 # GETS misses
   mGETXIM: 0 # GETX I->M misses
   mGETXSM: 0 # GETX S->M misses (upgrade misses)
   PUTS: 0 # Clean evictions (from lower level)
   PUTX: 0 # Dirty evictions (from lower level)
   INV: 1805 # Invalidates (from upper level)
   INVX: 0 # Downgrades (from upper level)
   FWD: 0 # Forwards (from upper level)
   latGETnl: 86084 # GET request latency on next level
   latGETnet: 0 # GET request latency on network to next level
  l1i-3: # Filter cache stats
   fhGETS: 111289425 # Filtered GETS hits
   fhGETX: 0 # Filtered GETX hits
   hGETS: 642466 # GETS hits
   hGETX: 0 # GETX hits
   mGETS: 1962 # GETS misses
   mGETXIM: 0 # GETX I->M misses
   mGETXSM: 0 # GETX S->M misses (upgrade misses)
   PUTS: 0 # Clean evictions (from lower level)
   PUTX: 0 # Dirty evictions (from lower level)
   INV: 1833 # Invalidates (from upper level)
   INVX: 0 # Downgrades (from upper level)
   FWD: 0 # Forwards (from upper level)
   latGETnl: 113148 # GET request latency on next level
   latGETnet: 0 # GET request latency on network to next level
  l1i-4: # Filter cache stats
   fhGETS: 116775661 # Filtered GETS hits
   fhGETX: 0 # Filtered GETX hits
   hGETS: 812571 # GETS hits
   hGETX: 0 # GETX hits
   mGETS: 1958 # GETS misses
   mGETXIM: 0 # GETX I->M misses
   mGETXSM: 0 # GETX S->M misses (upgrade misses)
   PUTS: 0 # Clean evictions (from lower level)
   PUTX: 0 # Dirty evictions (from lower level)
   INV: 1839 # Invalidates (from upper level)
   INVX: 0 # Downgrades (from upper level)
   FWD: 0 # Forwards (from upper level)
   latGETnl: 85112 # GET request latency on next level
   latGETnet: 0 # GET request latency on network to next level
  l1i-5: # Filter cache stats
   fhGETS: 133497498 # Filtered GETS hits
   fhGETX: 0 # Filtered GETX hits
   hGETS: 1076269 # GETS hits
   hGETX: 0 # GETX hits
   mGETS: 1994 # GETS misses
   mGETXIM: 0 # GETX I->M misses
   mGETXSM: 0 # GETX S->M misses (upgrade misses)
   PUTS: 0 # Clean evictions (from lower level)
   PUTX: 0 # Dirty evictions (from lower level)
   INV: 1862 # Invalidates (from upper level)
   INVX: 0 # Downgrades (from upper level)
   FWD: 0 # Forwards (from upper level)
   latGETnl: 83816 # GET request latency on next level
   latGETnet: 0 # GET request latency on network to next level
  l1i-6: # Filter cache stats
   fhGETS: 139291587 # Filtered GETS hits
   fhGETX: 0 # Filtered GETX hits
   hGETS: 1269284 # GETS hits
   hGETX: 0 # GETX hits
   mGETS: 1844 # GETS misses
   mGETXIM: 0 # GETX I->M misses
   mGETXSM: 0 # GETX S->M misses (upgrade misses)
   PUTS: 0 # Clean evictions (from lower level)
   PUTX: 0 # Dirty evictions (from lower level)
   INV: 1726 # Invalidates (from upper level)
   INVX: 0 # Downgrades (from upper level)
   FWD: 0 # Forwards (from upper level)
   latGETnl: 91766 # GET request latency on next level
   latGETnet: 0 # GET request latency on network to next level
  l1i-7: # Filter cache stats
   fhGETS: 115525756 # Filtered GETS hits
   fhGETX: 0 # Filtered GETX hits
   hGETS: 622677 # GETS hits
   hGETX: 0 # GETX hits
   mGETS: 1951 # GETS misses
   mGETXIM: 0 # GETX I->M misses
   mGETXSM: 0 # GETX S->M misses (upgrade misses)
   PUTS: 0 # Clean evictions (from lower level)
   PUTX: 0 # Dirty evictions (from lower level)
   INV: 1823 # Invalidates (from upper level)
   INVX: 0 # Downgrades (from upper level)
   FWD: 0 # Forwards (from upper level)
   latGETnl: 95764 # GET request latency on next level
   latGETnet: 0 # GET request latency on network to next level
 l1d: # Cache stats
  l1d-0: # Filter cache stats
   fhGETS: 147555542 # Filtered GETS hits
   fhGETX: 23726272 # Filtered GETX hits
   hGETS: 13570035 # GETS hits
   hGETX: 3432938 # GETX hits
   mGETS: 653470 # GETS misses
   mGETXIM: 171255 # GETX I->M misses
   mGETXSM: 7822 # GETX S->M misses (upgrade misses)
   PUTS: 0 # Clean evictions (from lower level)
   PUTX: 0 # Dirty evictions (from lower level)
   INV: 10041 # Invalidates (from upper level)
   INVX: 16725 # Downgrades (from upper level)
   FWD: 0 # Forwards (from upper level)
   latGETnl: 75970933 # GET request latency on next level
   latGETnet: 0 # GET request latency on network to next level
  l1d-1: # Filter cache stats
   fhGETS: 149638685 # Filtered GETS hits
   fhGETX: 22490972 # Filtered GETX hits
   hGETS: 14463593 # GETS hits
   hGETX: 3472347 # GETX hits
   mGETS: 664985 # GETS misses
   mGETXIM: 185024 # GETX I->M misses
   mGETXSM: 30282 # GETX S->M misses (upgrade misses)
   PUTS: 0 # Clean evictions (from lower level)
   PUTX: 0 # Dirty evictions (from lower level)
   INV: 5170 # Invalidates (from upper level)
   INVX: 6643 # Downgrades (from upper level)
   FWD: 0 # Forwards (from upper level)
   latGETnl: 75736968 # GET request latency on next level
   latGETnet: 0 # GET request latency on network to next level
  l1d-2: # Filter cache stats
   fhGETS: 158643900 # Filtered GETS hits
   fhGETX: 24746467 # Filtered GETX hits
   hGETS: 15634225 # GETS hits
   hGETX: 3756685 # GETX hits
   mGETS: 702500 # GETS misses
   mGETXIM: 187307 # GETX I->M misses
   mGETXSM: 28022 # GETX S->M misses (upgrade misses)
   PUTS: 0 # Clean evictions (from lower level)
   PUTX: 0 # Dirty evictions (from lower level)
   INV: 5528 # Invalidates (from upper level)
   INVX: 6783 # Downgrades (from upper level)
   FWD: 0 # Forwards (from upper level)
   latGETnl: 78063551 # GET request latency on next level
   latGETnet: 0 # GET request latency on network to next level
  l1d-3: # Filter cache stats
   fhGETS: 133280343 # Filtered GETS hits
   fhGETX: 20643613 # Filtered GETX hits
   hGETS: 12513632 # GETS hits
   hGETX: 3055329 # GETX hits
   mGETS: 658751 # GETS misses
   mGETXIM: 164193 # GETX I->M misses
   mGETXSM: 13379 # GETX S->M misses (upgrade misses)
   PUTS: 0 # Clean evictions (from lower level)
   PUTX: 0 # Dirty evictions (from lower level)
   INV: 15036 # Invalidates (from upper level)
   INVX: 31636 # Downgrades (from upper level)
   FWD: 0 # Forwards (from upper level)
   latGETnl: 76442072 # GET request latency on next level
   latGETnet: 0 # GET request latency on network to next level
  l1d-4: # Filter cache stats
   fhGETS: 141253598 # Filtered GETS hits
   fhGETX: 22584598 # Filtered GETX hits
   hGETS: 13449832 # GETS hits
   hGETX: 3307881 # GETX hits
   mGETS: 690083 # GETS misses
   mGETXIM: 165661 # GETX I->M misses
   mGETXSM: 11648 # GETX S->M misses (upgrade misses)
   PUTS: 0 # Clean evictions (from lower level)
   PUTX: 0 # Dirty evictions (from lower level)
   INV: 13730 # Invalidates (from upper level)
   INVX: 29045 # Downgrades (from upper level)
   FWD: 0 # Forwards (from upper level)
   latGETnl: 78773394 # GET request latency on next level
   latGETnet: 0 # GET request latency on network to next level
  l1d-5: # Filter cache stats
   fhGETS: 162008937 # Filtered GETS hits
   fhGETX: 27275442 # Filtered GETX hits
   hGETS: 15035058 # GETS hits
   hGETX: 3780538 # GETX hits
   mGETS: 758988 # GETS misses
   mGETXIM: 185251 # GETX I->M misses
   mGETXSM: 38329 # GETX S->M misses (upgrade misses)
   PUTS: 0 # Clean evictions (from lower level)
   PUTX: 0 # Dirty evictions (from lower level)
   INV: 7302 # Invalidates (from upper level)
   INVX: 11815 # Downgrades (from upper level)
   FWD: 0 # Forwards (from upper level)
   latGETnl: 78692232 # GET request latency on next level
   latGETnet: 0 # GET request latency on network to next level
  l1d-6: # Filter cache stats
   fhGETS: 170511851 # Filtered GETS hits
   fhGETX: 29213256 # Filtered GETX hits
   hGETS: 16004957 # GETS hits
   hGETX: 4045377 # GETX hits
   mGETS: 796557 # GETS misses
   mGETXIM: 187272 # GETX I->M misses
   mGETXSM: 40123 # GETX S->M misses (upgrade misses)
   PUTS: 0 # Clean evictions (from lower level)
   PUTX: 0 # Dirty evictions (from lower level)
   INV: 8939 # Invalidates (from upper level)
   INVX: 14289 # Downgrades (from upper level)
   FWD: 0 # Forwards (from upper level)
   latGETnl: 81134855 # GET request latency on next level
   latGETnet: 0 # GET request latency on network to next level
  l1d-7: # Filter cache stats
   fhGETS: 139094243 # Filtered GETS hits
   fhGETX: 21629026 # Filtered GETX hits
   hGETS: 12585578 # GETS hits
   hGETX: 3154919 # GETX hits
   mGETS: 623256 # GETS misses
   mGETXIM: 169140 # GETX I->M misses
   mGETXSM: 6712 # GETX S->M misses (upgrade misses)
   PUTS: 0 # Clean evictions (from lower level)
   PUTX: 0 # Dirty evictions (from lower level)
   INV: 11716 # Invalidates (from upper level)
   INVX: 19164 # Downgrades (from upper level)
   FWD: 0 # Forwards (from upper level)
   latGETnl: 73466617 # GET request latency on next level
   latGETnet: 0 # GET request latency on network to next level
 l2: # Cache stats
  l2-0: # Cache stats
   hGETS: 146642 # GETS hits
   hGETX: 2 # GETX hits
   mGETS: 508924 # GETS misses
   mGETXIM: 170912 # GETX I->M misses
   mGETXSM: 8163 # GETX S->M misses (upgrade misses)
   PUTS: 422987 # Clean evictions (from lower level)
   PUTX: 391195 # Dirty evictions (from lower level)
   INV: 33961 # Invalidates (from upper level)
   INVX: 67172 # Downgrades (from upper level)
   FWD: 0 # Forwards (from upper level)
   latGETnl: 67724567 # GET request latency on next level
   latGETnet: 0 # GET request latency on network to next level
  l2-1: # Cache stats
   hGETS: 136394 # GETS hits
   hGETX: 3 # GETX hits
   mGETS: 530520 # GETS misses
   mGETXIM: 185032 # GETX I->M misses
   mGETXSM: 30271 # GETX S->M misses (upgrade misses)
   PUTS: 444592 # Clean evictions (from lower level)
   PUTX: 399758 # Dirty evictions (from lower level)
   INV: 18267 # Invalidates (from upper level)
   INVX: 16840 # Downgrades (from upper level)
   FWD: 0 # Forwards (from upper level)
   latGETnl: 67004654 # GET request latency on next level
   latGETnet: 0 # GET request latency on network to next level
  l2-2: # Cache stats
   hGETS: 147475 # GETS hits
   hGETX: 6 # GETX hits
   mGETS: 556956 # GETS misses
   mGETXIM: 187305 # GETX I->M misses
   mGETXSM: 28018 # GETX S->M misses (upgrade misses)
   PUTS: 458513 # Clean evictions (from lower level)
   PUTX: 425274 # Dirty evictions (from lower level)
   INV: 14647 # Invalidates (from upper level)
   INVX: 12880 # Downgrades (from upper level)
   FWD: 0 # Forwards (from upper level)
   latGETnl: 68952035 # GET request latency on next level
   latGETnet: 0 # GET request latency on network to next level
  l2-3: # Cache stats
   hGETS: 139650 # GETS hits
   hGETX: 2 # GETX hits
   mGETS: 521063 # GETS misses
   mGETXIM: 163859 # GETX I->M misses
   mGETXSM: 13711 # GETX S->M misses (upgrade misses)
   PUTS: 430554 # Clean evictions (from lower level)
   PUTX: 376891 # Dirty evictions (from lower level)
   INV: 57973 # Invalidates (from upper level)
   INVX: 113957 # Downgrades (from upper level)
   FWD: 0 # Forwards (from upper level)
   latGETnl: 68172370 # GET request latency on next level
   latGETnet: 0 # GET request latency on network to next level
  l2-4: # Cache stats
   hGETS: 147216 # GETS hits
   hGETX: 2 # GETX hits
   mGETS: 544825 # GETS misses
   mGETXIM: 165329 # GETX I->M misses
   mGETXSM: 11978 # GETX S->M misses (upgrade misses)
   PUTS: 440954 # Clean evictions (from lower level)
   PUTX: 400567 # Dirty evictions (from lower level)
   INV: 52450 # Invalidates (from upper level)
   INVX: 108745 # Downgrades (from upper level)
   FWD: 0 # Forwards (from upper level)
   latGETnl: 70165006 # GET request latency on next level
   latGETnet: 0 # GET request latency on network to next level
  l2-5: # Cache stats
   hGETS: 149599 # GETS hits
   hGETX: 4 # GETX hits
   mGETS: 611383 # GETS misses
   mGETXIM: 185257 # GETX I->M misses
   mGETXSM: 38319 # GETX S->M misses (upgrade misses)
   PUTS: 480020 # Clean evictions (from lower level)
   PUTX: 456453 # Dirty evictions (from lower level)
   INV: 19751 # Invalidates (from upper level)
   INVX: 20182 # Downgrades (from upper level)
   FWD: 0 # Forwards (from upper level)
   latGETnl: 68930428 # GET request latency on next level
   latGETnet: 0 # GET request latency on network to next level
  l2-6: # Cache stats
   hGETS: 157788 # GETS hits
   hGETX: 4 # GETX hits
   mGETS: 640613 # GETS misses
   mGETXIM: 187278 # GETX I->M misses
   mGETXSM: 40113 # GETX S->M misses (upgrade misses)
   PUTS: 493005 # Clean evictions (from lower level)
   PUTX: 481416 # Dirty evictions (from lower level)
   INV: 18498 # Invalidates (from upper level)
   INVX: 20459 # Downgrades (from upper level)
   FWD: 0 # Forwards (from upper level)
   latGETnl: 70968661 # GET request latency on next level
   latGETnet: 0 # GET request latency on network to next level
  l2-7: # Cache stats
   hGETS: 141670 # GETS hits
   hGETX: 3 # GETX hits
   mGETS: 483537 # GETS misses
   mGETXIM: 168771 # GETX I->M misses
   mGETXSM: 7078 # GETX S->M misses (upgrade misses)
   PUTS: 412642 # Clean evictions (from lower level)
   PUTX: 367563 # Dirty evictions (from lower level)
   INV: 35366 # Invalidates (from upper level)
   INVX: 66442 # Downgrades (from upper level)
   FWD: 0 # Forwards (from upper level)
   latGETnl: 65551791 # GET request latency on next level
   latGETnet: 0 # GET request latency on network to next level
 l3: # Cache stats
  l3-0b0: # Cache stats
   hGETS: 168409 # GETS hits
   hGETX: 27543 # GETX hits
   mGETS: 381208 # GETS misses
   mGETXIM: 171046 # GETX I->M misses
   mGETXSM: 0 # GETX S->M misses (upgrade misses)
   PUTS: 358488 # Clean evictions (from lower level)
   PUTX: 332743 # Dirty evictions (from lower level)
   INV: 0 # Invalidates (from upper level)
   INVX: 0 # Downgrades (from upper level)
   FWD: 0 # Forwards (from upper level)
   latGETnl: 49702860 # GET request latency on next level
   latGETnet: 0 # GET request latency on network to next level
  l3-0b1: # Cache stats
   hGETS: 168894 # GETS hits
   hGETX: 27534 # GETX hits
   mGETS: 380229 # GETS misses
   mGETXIM: 170914 # GETX I->M misses
   mGETXSM: 0 # GETX S->M misses (upgrade misses)
   PUTS: 358759 # Clean evictions (from lower level)
   PUTX: 332185 # Dirty evictions (from lower level)
   INV: 0 # Invalidates (from upper level)
   INVX: 0 # Downgrades (from upper level)
   FWD: 0 # Forwards (from upper level)
   latGETnl: 49602870 # GET request latency on next level
   latGETnet: 0 # GET request latency on network to next level
  l3-0b2: # Cache stats
   hGETS: 170453 # GETS hits
   hGETX: 29027 # GETX hits
   mGETS: 380847 # GETS misses
   mGETXIM: 171100 # GETX I->M misses
   mGETXSM: 0 # GETX S->M misses (upgrade misses)
   PUTS: 359362 # Clean evictions (from lower level)
   PUTX: 332109 # Dirty evictions (from lower level)
   INV: 0 # Invalidates (from upper level)
   INVX: 0 # Downgrades (from upper level)
   FWD: 0 # Forwards (from upper level)
   latGETnl: 49675230 # GET request latency on next level
   latGETnet: 0 # GET request latency on network to next level
  l3-0b3: # Cache stats
   hGETS: 170368 # GETS hits
   hGETX: 28217 # GETX hits
   mGETS: 380320 # GETS misses
   mGETXIM: 170976 # GETX I->M misses
   mGETXSM: 0 # GETX S->M misses (upgrade misses)
   PUTS: 358906 # Clean evictions (from lower level)
   PUTX: 332681 # Dirty evictions (from lower level)
   INV: 0 # Invalidates (from upper level)
   INVX: 0 # Downgrades (from upper level)
   FWD: 0 # Forwards (from upper level)
   latGETnl: 49616640 # GET request latency on next level
   latGETnet: 0 # GET request latency on network to next level
  l3-0b4: # Cache stats
   hGETS: 169455 # GETS hits
   hGETX: 27963 # GETX hits
   mGETS: 380314 # GETS misses
   mGETXIM: 170992 # GETX I->M misses
   mGETXSM: 0 # GETX S->M misses (upgrade misses)
   PUTS: 359209 # Clean evictions (from lower level)
   PUTX: 331596 # Dirty evictions (from lower level)
   INV: 0 # Invalidates (from upper level)
   INVX: 0 # Downgrades (from upper level)
   FWD: 0 # Forwards (from upper level)
   latGETnl: 49617540 # GET request latency on next level
   latGETnet: 0 # GET request latency on network to next level
  l3-0b5: # Cache stats
   hGETS: 169088 # GETS hits
   hGETX: 28220 # GETX hits
   mGETS: 380385 # GETS misses
   mGETXIM: 171040 # GETX I->M misses
   mGETXSM: 0 # GETX S->M misses (upgrade misses)
   PUTS: 358142 # Clean evictions (from lower level)
   PUTX: 332522 # Dirty evictions (from lower level)
   INV: 0 # Invalidates (from upper level)
   INVX: 0 # Downgrades (from upper level)
   FWD: 0 # Forwards (from upper level)
   latGETnl: 49628250 # GET request latency on next level
   latGETnet: 0 # GET request latency on network to next level
  l3-0b6: # Cache stats
   hGETS: 168879 # GETS hits
   hGETX: 27344 # GETX hits
   mGETS: 380649 # GETS misses
   mGETXIM: 170946 # GETX I->M misses
   mGETXSM: 0 # GETX S->M misses (upgrade misses)
   PUTS: 358830 # Clean evictions (from lower level)
   PUTX: 332400 # Dirty evictions (from lower level)
   INV: 0 # Invalidates (from upper level)
   INVX: 0 # Downgrades (from upper level)
   FWD: 0 # Forwards (from upper level)
   latGETnl: 49643550 # GET request latency on next level
   latGETnet: 0 # GET request latency on network to next level
  l3-0b7: # Cache stats
   hGETS: 168015 # GETS hits
   hGETX: 27569 # GETX hits
   mGETS: 380308 # GETS misses
   mGETXIM: 170963 # GETX I->M misses
   mGETXSM: 0 # GETX S->M misses (upgrade misses)
   PUTS: 358328 # Clean evictions (from lower level)
   PUTX: 332020 # Dirty evictions (from lower level)
   INV: 0 # Invalidates (from upper level)
   INVX: 0 # Downgrades (from upper level)
   FWD: 0 # Forwards (from upper level)
   latGETnl: 49614390 # GET request latency on next level
   latGETnet: 0 # GET request latency on network to next level
 mem: # Memory controller stats
  mem-0: # Memory controller stats
   rd: 1104567 # Read requests
   wr: 570036 # Write requests
   rdlat: 165741652 # Total latency experienced by read requests
   wrlat: 128896137 # Total latency experienced by write requests
   rdhits: 21206 # Read row hits
   wrhits: 6290 # Write row hits
   mlh: # latency histogram for memory requests
    0: 0
    1: 0
    2: 0
    3: 0
    4: 0
    5: 0
    6: 0
    7: 0
    8: 0
    9: 0
    10: 0
    11: 1025
    12: 1304
    13: 777798
    14: 94494
    15: 67898
    16: 39983
    17: 15349
    18: 10987
    19: 11034
    20: 9718
    21: 8465
    22: 6675
    23: 5986
    24: 5763
    25: 3871
    26: 2409
    27: 2147
    28: 2119
    29: 1943
    30: 1969
    31: 2040
    32: 2061
    33: 2184
    34: 2199
    35: 2262
    36: 2193
    37: 2298
    38: 2328
    39: 1993
    40: 1984
    41: 1984
    42: 1820
    43: 1383
    44: 1134
    45: 999
    46: 879
    47: 729
    48: 578
    49: 383
    50: 292
    51: 220
    52: 143
    53: 139
    54: 117
    55: 89
    56: 69
    57: 59
    58: 52
    59: 58
    60: 50
    61: 58
    62: 64
    63: 51
    64: 76
    65: 63
    66: 72
    67: 63
    68: 51
    69: 55
    70: 68
    71: 37
    72: 40
    73: 36
    74: 21
    75: 20
    76: 19
    77: 12
    78: 7
    79: 7
    80: 14
    81: 14
    82: 10
    83: 10
    84: 9
    85: 6
    86: 3
    87: 0
    88: 3
    89: 1
    90: 3
    91: 3
    92: 5
    93: 0
    94: 1
    95: 2
    96: 3
    97: 3
    98: 0
    99: 1
  mem-1: # Memory controller stats
   rd: 1102662 # Read requests
   wr: 570760 # Write requests
   rdlat: 166154500 # Total latency experienced by read requests
   wrlat: 129027155 # Total latency experienced by write requests
   rdhits: 21989 # Read row hits
   wrhits: 6369 # Write row hits
   mlh: # latency histogram for memory requests
    0: 0
    1: 0
    2: 0
    3: 0
    4: 0
    5: 0
    6: 0
    7: 0
    8: 0
    9: 0
    10: 1
    11: 985
    12: 1249
    13: 776122
    14: 93327
    15: 66681
    16: 39860
    17: 14852
    18: 10775
    19: 10918
    20: 9651
    21: 8712
    22: 6735
    23: 6176
    24: 5626
    25: 4050
    26: 2417
    27: 2330
    28: 2198
    29: 2053
    30: 2011
    31: 2174
    32: 2263
    33: 2284
    34: 2312
    35: 2439
    36: 2372
    37: 2408
    38: 2294
    39: 2240
    40: 2142
    41: 2014
    42: 1834
    43: 1443
    44: 1270
    45: 1074
    46: 999
    47: 864
    48: 598
    49: 441
    50: 347
    51: 291
    52: 202
    53: 180
    54: 152
    55: 105
    56: 103
    57: 81
    58: 65
    59: 50
    60: 63
    61: 50
    62: 46
    63: 57
    64: 63
    65: 39
    66: 39
    67: 43
    68: 62
    69: 42
    70: 49
    71: 44
    72: 38
    73: 42
    74: 27
    75: 24
    76: 32
    77: 27
    78: 18
    79: 18
    80: 7
    81: 10
    82: 8
    83: 7
    84: 9
    85: 7
    86: 10
    87: 2
    88: 2
    89: 1
    90: 1
    91: 0
    92: 0
    93: 0
    94: 0
    95: 0
    96: 0
    97: 0
    98: 0
    99: 5
  mem-2: # Memory controller stats
   rd: 1103173 # Read requests
   wr: 569331 # Write requests
   rdlat: 165578340 # Total latency experienced by read requests
   wrlat: 128648157 # Total latency experienced by write requests
   rdhits: 21028 # Read row hits
   wrhits: 6128 # Write row hits
   mlh: # latency histogram for memory requests
    0: 0
    1: 0
    2: 0
    3: 0
    4: 0
    5: 0
    6: 0
    7: 0
    8: 0
    9: 0
    10: 0
    11: 994
    12: 1279
    13: 777245
    14: 93718
    15: 67535
    16: 40125
    17: 15171
    18: 11031
    19: 10862
    20: 9681
    21: 8589
    22: 6791
    23: 5976
    24: 5607
    25: 3895
    26: 2316
    27: 2281
    28: 2242
    29: 2155
    30: 2071
    31: 2149
    32: 2161
    33: 2176
    34: 2227
    35: 2286
    36: 2159
    37: 2286
    38: 2213
    39: 2037
    40: 1963
    41: 1882
    42: 1739
    43: 1516
    44: 1208
    45: 1022
    46: 855
    47: 754
    48: 527
    49: 356
    50: 262
    51: 204
    52: 174
    53: 160
    54: 118
    55: 87
    56: 75
    57: 60
    58: 48
    59: 51
    60: 49
    61: 45
    62: 38
    63: 42
    64: 47
    65: 47
    66: 62
    67: 56
    68: 73
    69: 47
    70: 47
    71: 47
    72: 39
    73: 40
    74: 23
    75: 20
    76: 14
    77: 23
    78: 17
    79: 11
    80: 11
    81: 5
    82: 9
    83: 9
    84: 4
    85: 4
    86: 7
    87: 6
    88: 1
    89: 5
    90: 3
    91: 0
    92: 0
    93: 1
    94: 1
    95: 0
    96: 0
    97: 0
    98: 0
    99: 1
  mem-3: # Memory controller stats
   rd: 1101832 # Read requests
   wr: 570269 # Write requests
   rdlat: 165838941 # Total latency experienced by read requests
   wrlat: 128987017 # Total latency experienced by write requests
   rdhits: 21674 # Read row hits
   wrhits: 6287 # Write row hits
   mlh: # latency histogram for memory requests
    0: 0
    1: 0
    2: 0
    3: 0
    4: 0
    5: 0
    6: 0
    7: 0
    8: 0
    9: 0
    10: 0
    11: 1039
    12: 1253
    13: 774745
    14: 93736
    15: 67285
    16: 39988
    17: 15341
    18: 10941
    19: 10949
    20: 9919
    21: 8501
    22: 6559
    23: 6073
    24: 5560
    25: 3887
    26: 2441
    27: 2109
    28: 2158
    29: 2119
    30: 2051
    31: 2019
    32: 2033
    33: 2189
    34: 2232
    35: 2348
    36: 2453
    37: 2397
    38: 2349
    39: 2161
    40: 2264
    41: 2048
    42: 1826
    43: 1508
    44: 1285
    45: 1120
    46: 903
    47: 781
    48: 602
    49: 409
    50: 301
    51: 245
    52: 211
    53: 165
    54: 103
    55: 97
    56: 69
    57: 62
    58: 53
    59: 51
    60: 40
    61: 33
    62: 53
    63: 61
    64: 48
    65: 44
    66: 53
    67: 44
    68: 47
    69: 41
    70: 59
    71: 55
    72: 45
    73: 41
    74: 23
    75: 17
    76: 26
    77: 14
    78: 29
    79: 20
    80: 7
    81: 14
    82: 13
    83: 12
    84: 11
    85: 7
    86: 8
    87: 6
    88: 4
    89: 3
    90: 0
    91: 1
    92: 1
    93: 0
    94: 0
    95: 2
    96: 3
    97: 3
    98: 3
    99: 3
 sched: # Scheduler stats
  thCr: 9 # Threads created
  thFn: 0 # Threads finished
  schedEvs: 9 # Schedule events
  waitEvs: 1 # Wait events
  handoffEvs: 0 # Handoff events
  sleepEvs: 0 # Sleep events
  idlePhases: 0 # Phases with no thread active
  idlePeriods: 0 # Periods with no thread active
  occHist: # Occupancy histogram
   0: 0
   1: 1
   2: 0
   3: 0
   4: 0
   5: 0
   6: 0
   7: 0
   8: 51545
  rqSzHist: # Run queue size histogram
   0: 51546
   1: 0
   2: 0
   3: 0
   4: 0
   5: 0
   6: 0
   7: 0
   8: 0
   9: 0
   10: 0
   11: 0
   12: 0
   13: 0
   14: 0
   15: 0
   16: 0
 procCycles: # Per-process unhalted core cycles
  0: 3616342469
  1: 0
  2: 0
  3: 0
  4: 0
  5: 0
  6: 0
  7: 0
  8: 0
  9: 0
  10: 0
  11: 0
  12: 0
  13: 0
  14: 0
  15: 0
  16: 0
  17: 0
  18: 0
  19: 0
  20: 0
  21: 0
  22: 0
  23: 0
  24: 0
  25: 0
  26: 0
  27: 0
  28: 0
  29: 0
  30: 0
  31: 0
  32: 0
  33: 0
  34: 0
  35: 0
  36: 0
  37: 0
  38: 0
  39: 0
  40: 0
  41: 0
  42: 0
  43: 0
  44: 0
  45: 0
  46: 0
  47: 0
  48: 0
  49: 0
  50: 0
  51: 0
  52: 0
  53: 0
  54: 0
  55: 0
  56: 0
  57: 0
  58: 0
  59: 0
  60: 0
  61: 0
  62: 0
  63: 0
 procInstrs: # Per-process instructions
  0: 5000089907
  1: 0
  2: 0
  3: 0
  4: 0
  5: 0
  6: 0
  7: 0
  8: 0
  9: 0
  10: 0
  11: 0
  12: 0
  13: 0
  14: 0
  15: 0
  16: 0
  17: 0
  18: 0
  19: 0
  20: 0
  21: 0
  22: 0
  23: 0
  24: 0
  25: 0
  26: 0
  27: 0
  28: 0
  29: 0
  30: 0
  31: 0
  32: 0
  33: 0
  34: 0
  35: 0
  36: 0
  37: 0
  38: 0
  39: 0
  40: 0
  41: 0
  42: 0
  43: 0
  44: 0
  45: 0
  46: 0
  47: 0
  48: 0
  49: 0
  50: 0
  51: 0
  52: 0
  53: 0
  54: 0
  55: 0
  56: 0
  57: 0
  58: 0
  59: 0
  60: 0
  61: 0
  62: 0
  63: 0
 heartbeats: # Per-process heartbeats
  0: 0
  1: 0
  2: 0
  3: 0
  4: 0
  5: 0
  6: 0
  7: 0
  8: 0
  9: 0
  10: 0
  11: 0
  12: 0
  13: 0
  14: 0
  15: 0
  16: 0
  17: 0
  18: 0
  19: 0
  20: 0
  21: 0
  22: 0
  23: 0
  24: 0
  25: 0
  26: 0
  27: 0
  28: 0
  29: 0
  30: 0
  31: 0
  32: 0
  33: 0
  34: 0
  35: 0
  36: 0
  37: 0
  38: 0
  39: 0
  40: 0
  41: 0
  42: 0
  43: 0
  44: 0
  45: 0
  46: 0
  47: 0
  48: 0
  49: 0
  50: 0
  51: 0
  52: 0
  53: 0
  54: 0
  55: 0
  56: 0
  57: 0
  58: 0
  59: 0
  60: 0
  61: 0
  62: 0
  63: 0
===
