# zsim stats
===
root: # Stats
 contention: # Contention simulation stats
  domain-0: # Domain stats
   time: 96226556 # Weave simulation time
 time: # Simulator time breakdown
  init: 231963937391
  bound: 5158788468
  weave: 164068638
  ff: 0
 trigger: 20000 # Reason for this stats dump
 phase: 12374 # Simulated phases
 westmere: # Core stats
  westmere-0: # Core stats
   cycles: 123740045 # Simulated unhalted cycles
   cCycles: 8187885 # Cycles due to contention stalls
   instrs: 100000340 # Simulated instructions
   uops: 119735142 # Retired micro-ops
   bbls: 21956000 # Basic blocks
   approxInstrs: 221496 # Instrs with approx uop decoding
   mispredBranches: 1075447 # Mispredicted branches
   condBranches: 17158965 # conditional branches
 l1i: # Cache stats
  l1i-0: # Filter cache stats
   fhGETS: 24404950 # Filtered GETS hits
   fhGETX: 0 # Filtered GETX hits
   hGETS: 1892648 # GETS hits
   hGETX: 0 # GETX hits
   mGETS: 676293 # GETS misses
   mGETXIM: 0 # GETX I->M misses
   mGETXSM: 0 # GETX S->M misses (upgrade misses)
   PUTS: 0 # Clean evictions (from lower level)
   PUTX: 0 # Dirty evictions (from lower level)
   INV: 20 # Invalidates (from upper level)
   INVX: 0 # Downgrades (from upper level)
   FWD: 0 # Forwards (from upper level)
   latGETnl: 8504652 # GET request latency on next level
   latGETnet: 0 # GET request latency on network to next level
 l1d: # Cache stats
  l1d-0: # Filter cache stats
   fhGETS: 22665519 # Filtered GETS hits
   fhGETX: 15873385 # Filtered GETX hits
   hGETS: 1947669 # GETS hits
   hGETX: 1047641 # GETX hits
   mGETS: 1516998 # GETS misses
   mGETXIM: 1940913 # GETX I->M misses
   mGETXSM: 0 # GETX S->M misses (upgrade misses)
   PUTS: 0 # Clean evictions (from lower level)
   PUTX: 0 # Dirty evictions (from lower level)
   INV: 3 # Invalidates (from upper level)
   INVX: 0 # Downgrades (from upper level)
   FWD: 0 # Forwards (from upper level)
   latGETnl: 102236070 # GET request latency on next level
   latGETnet: 0 # GET request latency on network to next level
 l2: # Cache stats
  l2-0: # Cache stats
   hGETS: 1128849 # GETS hits
   hGETX: 1195832 # GETX hits
   mGETS: 1064442 # GETS misses
   mGETXIM: 745081 # GETX I->M misses
   mGETXSM: 0 # GETX S->M misses (upgrade misses)
   PUTS: 1835632 # Clean evictions (from lower level)
   PUTX: 2297525 # Dirty evictions (from lower level)
   INV: 9 # Invalidates (from upper level)
   INVX: 0 # Downgrades (from upper level)
   FWD: 0 # Forwards (from upper level)
   latGETnl: 69398682 # GET request latency on next level
   latGETnet: 0 # GET request latency on network to next level
 l3: # Cache stats
  l3-0: # Cache stats
   hGETS: 835074 # GETS hits
   hGETX: 685892 # GETX hits
   mGETS: 229368 # GETS misses
   mGETXIM: 59189 # GETX I->M misses
   mGETXSM: 0 # GETX S->M misses (upgrade misses)
   PUTS: 887975 # Clean evictions (from lower level)
   PUTX: 917443 # Dirty evictions (from lower level)
   INV: 0 # Invalidates (from upper level)
   INVX: 0 # Downgrades (from upper level)
   FWD: 0 # Forwards (from upper level)
   latGETnl: 25970130 # GET request latency on next level
   latGETnet: 0 # GET request latency on network to next level
 mem: # Memory controller stats
  mem-0: # Memory controller stats
   rd: 74976 # Read requests
   wr: 18758 # Write requests
   rdlat: 10053041 # Total latency experienced by read requests
   wrlat: 2738204 # Total latency experienced by write requests
   rdhits: 11 # Read row hits
   wrhits: 15 # Write row hits
   mlh: # latency histogram for memory requests
    0: 0
    1: 0
    2: 0
    3: 0
    4: 0
    5: 0
    6: 0
    7: 0
    8: 0
    9: 0
    10: 0
    11: 0
    12: 3
    13: 72639
    14: 572
    15: 483
    16: 175
    17: 47
    18: 42
    19: 45
    20: 47
    21: 55
    22: 48
    23: 41
    24: 45
    25: 51
    26: 38
    27: 24
    28: 37
    29: 34
    30: 30
    31: 45
    32: 46
    33: 47
    34: 29
    35: 40
    36: 55
    37: 42
    38: 32
    39: 32
    40: 43
    41: 42
    42: 35
    43: 18
    44: 4
    45: 5
    46: 5
    47: 0
    48: 0
    49: 0
    50: 0
    51: 0
    52: 0
    53: 0
    54: 0
    55: 0
    56: 0
    57: 0
    58: 0
    59: 0
    60: 0
    61: 0
    62: 0
    63: 0
    64: 0
    65: 0
    66: 0
    67: 0
    68: 0
    69: 0
    70: 0
    71: 0
    72: 0
    73: 0
    74: 0
    75: 0
    76: 0
    77: 0
    78: 0
    79: 0
    80: 0
    81: 0
    82: 0
    83: 0
    84: 0
    85: 0
    86: 0
    87: 0
    88: 0
    89: 0
    90: 0
    91: 0
    92: 0
    93: 0
    94: 0
    95: 0
    96: 0
    97: 0
    98: 0
    99: 0
  mem-1: # Memory controller stats
   rd: 68988 # Read requests
   wr: 18351 # Write requests
   rdlat: 9260950 # Total latency experienced by read requests
   wrlat: 2673852 # Total latency experienced by write requests
   rdhits: 28 # Read row hits
   wrhits: 15 # Write row hits
   mlh: # latency histogram for memory requests
    0: 0
    1: 0
    2: 0
    3: 0
    4: 0
    5: 0
    6: 0
    7: 0
    8: 0
    9: 0
    10: 0
    11: 2
    12: 3
    13: 66735
    14: 542
    15: 438
    16: 182
    17: 42
    18: 45
    19: 49
    20: 64
    21: 40
    22: 38
    23: 34
    24: 61
    25: 42
    26: 40
    27: 32
    28: 39
    29: 39
    30: 24
    31: 53
    32: 46
    33: 38
    34: 34
    35: 37
    36: 42
    37: 38
    38: 35
    39: 31
    40: 47
    41: 39
    42: 36
    43: 11
    44: 1
    45: 2
    46: 3
    47: 2
    48: 1
    49: 1
    50: 0
    51: 0
    52: 0
    53: 0
    54: 0
    55: 0
    56: 0
    57: 0
    58: 0
    59: 0
    60: 0
    61: 0
    62: 0
    63: 0
    64: 0
    65: 0
    66: 0
    67: 0
    68: 0
    69: 0
    70: 0
    71: 0
    72: 0
    73: 0
    74: 0
    75: 0
    76: 0
    77: 0
    78: 0
    79: 0
    80: 0
    81: 0
    82: 0
    83: 0
    84: 0
    85: 0
    86: 0
    87: 0
    88: 0
    89: 0
    90: 0
    91: 0
    92: 0
    93: 0
    94: 0
    95: 0
    96: 0
    97: 0
    98: 0
    99: 0
  mem-2: # Memory controller stats
   rd: 76082 # Read requests
   wr: 18936 # Write requests
   rdlat: 10215362 # Total latency experienced by read requests
   wrlat: 2770001 # Total latency experienced by write requests
   rdhits: 45 # Read row hits
   wrhits: 19 # Write row hits
   mlh: # latency histogram for memory requests
    0: 0
    1: 0
    2: 0
    3: 0
    4: 0
    5: 0
    6: 0
    7: 0
    8: 0
    9: 0
    10: 0
    11: 1
    12: 18
    13: 73619
    14: 582
    15: 486
    16: 197
    17: 51
    18: 43
    19: 39
    20: 45
    21: 44
    22: 56
    23: 55
    24: 66
    25: 37
    26: 35
    27: 42
    28: 33
    29: 29
    30: 45
    31: 38
    32: 48
    33: 44
    34: 47
    35: 25
    36: 46
    37: 56
    38: 38
    39: 48
    40: 36
    41: 51
    42: 43
    43: 18
    44: 2
    45: 4
    46: 5
    47: 7
    48: 1
    49: 1
    50: 0
    51: 0
    52: 0
    53: 1
    54: 0
    55: 0
    56: 0
    57: 0
    58: 0
    59: 0
    60: 0
    61: 0
    62: 0
    63: 0
    64: 0
    65: 0
    66: 0
    67: 0
    68: 0
    69: 0
    70: 0
    71: 0
    72: 0
    73: 0
    74: 0
    75: 0
    76: 0
    77: 0
    78: 0
    79: 0
    80: 0
    81: 0
    82: 0
    83: 0
    84: 0
    85: 0
    86: 0
    87: 0
    88: 0
    89: 0
    90: 0
    91: 0
    92: 0
    93: 0
    94: 0
    95: 0
    96: 0
    97: 0
    98: 0
    99: 0
  mem-3: # Memory controller stats
   rd: 68511 # Read requests
   wr: 18185 # Write requests
   rdlat: 9205405 # Total latency experienced by read requests
   wrlat: 2656974 # Total latency experienced by write requests
   rdhits: 42 # Read row hits
   wrhits: 19 # Write row hits
   mlh: # latency histogram for memory requests
    0: 0
    1: 0
    2: 0
    3: 0
    4: 0
    5: 0
    6: 0
    7: 0
    8: 0
    9: 0
    10: 0
    11: 5
    12: 25
    13: 66129
    14: 537
    15: 497
    16: 223
    17: 51
    18: 56
    19: 55
    20: 41
    21: 39
    22: 39
    23: 46
    24: 31
    25: 39
    26: 42
    27: 30
    28: 32
    29: 42
    30: 42
    31: 37
    32: 42
    33: 32
    34: 47
    35: 39
    36: 49
    37: 43
    38: 44
    39: 30
    40: 31
    41: 46
    42: 30
    43: 19
    44: 7
    45: 5
    46: 5
    47: 1
    48: 2
    49: 0
    50: 1
    51: 0
    52: 0
    53: 0
    54: 0
    55: 0
    56: 0
    57: 0
    58: 0
    59: 0
    60: 0
    61: 0
    62: 0
    63: 0
    64: 0
    65: 0
    66: 0
    67: 0
    68: 0
    69: 0
    70: 0
    71: 0
    72: 0
    73: 0
    74: 0
    75: 0
    76: 0
    77: 0
    78: 0
    79: 0
    80: 0
    81: 0
    82: 0
    83: 0
    84: 0
    85: 0
    86: 0
    87: 0
    88: 0
    89: 0
    90: 0
    91: 0
    92: 0
    93: 0
    94: 0
    95: 0
    96: 0
    97: 0
    98: 0
    99: 0
 sched: # Scheduler stats
  thCr: 1 # Threads created
  thFn: 1 # Threads finished
  schedEvs: 1 # Schedule events
  waitEvs: 0 # Wait events
  handoffEvs: 0 # Handoff events
  sleepEvs: 0 # Sleep events
  idlePhases: 0 # Phases with no thread active
  idlePeriods: 0 # Periods with no thread active
  occHist: # Occupancy histogram
   0: 0
   1: 12374
  rqSzHist: # Run queue size histogram
   0: 12374
   1: 0
   2: 0
   3: 0
   4: 0
   5: 0
   6: 0
   7: 0
   8: 0
   9: 0
   10: 0
   11: 0
   12: 0
   13: 0
   14: 0
   15: 0
   16: 0
 procCycles: # Per-process unhalted core cycles
  0: 123740045
  1: 0
  2: 0
  3: 0
  4: 0
  5: 0
  6: 0
  7: 0
  8: 0
  9: 0
  10: 0
  11: 0
  12: 0
  13: 0
  14: 0
  15: 0
  16: 0
  17: 0
  18: 0
  19: 0
  20: 0
  21: 0
  22: 0
  23: 0
  24: 0
  25: 0
  26: 0
  27: 0
  28: 0
  29: 0
  30: 0
  31: 0
  32: 0
  33: 0
  34: 0
  35: 0
  36: 0
  37: 0
  38: 0
  39: 0
  40: 0
  41: 0
  42: 0
  43: 0
  44: 0
  45: 0
  46: 0
  47: 0
  48: 0
  49: 0
  50: 0
  51: 0
  52: 0
  53: 0
  54: 0
  55: 0
  56: 0
  57: 0
  58: 0
  59: 0
  60: 0
  61: 0
  62: 0
  63: 0
 procInstrs: # Per-process instructions
  0: 100000340
  1: 0
  2: 0
  3: 0
  4: 0
  5: 0
  6: 0
  7: 0
  8: 0
  9: 0
  10: 0
  11: 0
  12: 0
  13: 0
  14: 0
  15: 0
  16: 0
  17: 0
  18: 0
  19: 0
  20: 0
  21: 0
  22: 0
  23: 0
  24: 0
  25: 0
  26: 0
  27: 0
  28: 0
  29: 0
  30: 0
  31: 0
  32: 0
  33: 0
  34: 0
  35: 0
  36: 0
  37: 0
  38: 0
  39: 0
  40: 0
  41: 0
  42: 0
  43: 0
  44: 0
  45: 0
  46: 0
  47: 0
  48: 0
  49: 0
  50: 0
  51: 0
  52: 0
  53: 0
  54: 0
  55: 0
  56: 0
  57: 0
  58: 0
  59: 0
  60: 0
  61: 0
  62: 0
  63: 0
 heartbeats: # Per-process heartbeats
  0: 0
  1: 0
  2: 0
  3: 0
  4: 0
  5: 0
  6: 0
  7: 0
  8: 0
  9: 0
  10: 0
  11: 0
  12: 0
  13: 0
  14: 0
  15: 0
  16: 0
  17: 0
  18: 0
  19: 0
  20: 0
  21: 0
  22: 0
  23: 0
  24: 0
  25: 0
  26: 0
  27: 0
  28: 0
  29: 0
  30: 0
  31: 0
  32: 0
  33: 0
  34: 0
  35: 0
  36: 0
  37: 0
  38: 0
  39: 0
  40: 0
  41: 0
  42: 0
  43: 0
  44: 0
  45: 0
  46: 0
  47: 0
  48: 0
  49: 0
  50: 0
  51: 0
  52: 0
  53: 0
  54: 0
  55: 0
  56: 0
  57: 0
  58: 0
  59: 0
  60: 0
  61: 0
  62: 0
  63: 0
===
