# zsim stats
===
root: # Stats
 contention: # Contention simulation stats
  domain-0: # Domain stats
   time: 108208501 # Weave simulation time
 time: # Simulator time breakdown
  init: 19545953925
  bound: 3776889084
  weave: 162474671
  ff: 0
 trigger: 20000 # Reason for this stats dump
 phase: 10857 # Simulated phases
 westmere: # Core stats
  westmere-0: # Core stats
   cycles: 108570376 # Simulated unhalted cycles
   cCycles: 8545709 # Cycles due to contention stalls
   instrs: 100017899 # Simulated instructions
   uops: 113817922 # Retired micro-ops
   bbls: 14847966 # Basic blocks
   approxInstrs: 596117 # Instrs with approx uop decoding
   mispredBranches: 789678 # Mispredicted branches
   condBranches: 12876994 # conditional branches
 l1i: # Cache stats
  l1i-0: # Filter cache stats
   fhGETS: 19606890 # Filtered GETS hits
   fhGETX: 0 # Filtered GETX hits
   hGETS: 195 # GETS hits
   hGETX: 0 # GETX hits
   mGETS: 1702 # GETS misses
   mGETXIM: 0 # GETX I->M misses
   mGETXSM: 0 # GETX S->M misses (upgrade misses)
   PUTS: 0 # Clean evictions (from lower level)
   PUTX: 0 # Dirty evictions (from lower level)
   INV: 1671 # Invalidates (from upper level)
   INVX: 0 # Downgrades (from upper level)
   FWD: 0 # Forwards (from upper level)
   latGETnl: 211048 # GET request latency on next level
   latGETnet: 0 # GET request latency on network to next level
 l1d: # Cache stats
  l1d-0: # Filter cache stats
   fhGETS: 25395044 # Filtered GETS hits
   fhGETX: 11434046 # Filtered GETX hits
   hGETS: 967433 # GETS hits
   hGETX: 1632447 # GETX hits
   mGETS: 1935416 # GETS misses
   mGETXIM: 1093058 # GETX I->M misses
   mGETXSM: 0 # GETX S->M misses (upgrade misses)
   PUTS: 0 # Clean evictions (from lower level)
   PUTX: 0 # Dirty evictions (from lower level)
   INV: 1318 # Invalidates (from upper level)
   INVX: 0 # Downgrades (from upper level)
   FWD: 0 # Forwards (from upper level)
   latGETnl: 104256070 # GET request latency on next level
   latGETnet: 0 # GET request latency on network to next level
 l2: # Cache stats
  l2-0: # Cache stats
   hGETS: 948679 # GETS hits
   hGETX: 121430 # GETX hits
   mGETS: 988439 # GETS misses
   mGETXIM: 971628 # GETX I->M misses
   mGETXSM: 0 # GETX S->M misses (upgrade misses)
   PUTS: 942120 # Clean evictions (from lower level)
   PUTX: 2084524 # Dirty evictions (from lower level)
   INV: 12094 # Invalidates (from upper level)
   INVX: 0 # Downgrades (from upper level)
   FWD: 0 # Forwards (from upper level)
   latGETnl: 74165358 # GET request latency on next level
   latGETnet: 0 # GET request latency on network to next level
 l3: # Cache stats
  l3-0: # Cache stats
   hGETS: 886424 # GETS hits
   hGETX: 772268 # GETX hits
   mGETS: 102015 # GETS misses
   mGETXIM: 199360 # GETX I->M misses
   mGETXSM: 0 # GETX S->M misses (upgrade misses)
   PUTS: 571153 # Clean evictions (from lower level)
   PUTX: 1372724 # Dirty evictions (from lower level)
   INV: 0 # Invalidates (from upper level)
   INVX: 0 # Downgrades (from upper level)
   FWD: 0 # Forwards (from upper level)
   latGETnl: 27123750 # GET request latency on next level
   latGETnet: 0 # GET request latency on network to next level
 mem: # Memory controller stats
  mem-0: # Memory controller stats
   rd: 75201 # Read requests
   wr: 54380 # Write requests
   rdlat: 10211633 # Total latency experienced by read requests
   wrlat: 7794990 # Total latency experienced by write requests
   rdhits: 1228 # Read row hits
   wrhits: 377 # Write row hits
   mlh: # latency histogram for memory requests
    0: 0
    1: 0
    2: 0
    3: 0
    4: 0
    5: 0
    6: 0
    7: 0
    8: 0
    9: 0
    10: 0
    11: 190
    12: 231
    13: 69116
    14: 1471
    15: 1102
    16: 617
    17: 282
    18: 283
    19: 307
    20: 404
    21: 234
    22: 62
    23: 88
    24: 65
    25: 53
    26: 32
    27: 32
    28: 32
    29: 34
    30: 34
    31: 34
    32: 37
    33: 33
    34: 42
    35: 33
    36: 40
    37: 47
    38: 44
    39: 37
    40: 50
    41: 30
    42: 48
    43: 14
    44: 9
    45: 10
    46: 7
    47: 9
    48: 6
    49: 1
    50: 0
    51: 0
    52: 0
    53: 0
    54: 1
    55: 0
    56: 0
    57: 0
    58: 0
    59: 0
    60: 0
    61: 0
    62: 0
    63: 0
    64: 0
    65: 0
    66: 0
    67: 0
    68: 0
    69: 0
    70: 0
    71: 0
    72: 0
    73: 0
    74: 0
    75: 0
    76: 0
    77: 0
    78: 0
    79: 0
    80: 0
    81: 0
    82: 0
    83: 0
    84: 0
    85: 0
    86: 0
    87: 0
    88: 0
    89: 0
    90: 0
    91: 0
    92: 0
    93: 0
    94: 0
    95: 0
    96: 0
    97: 0
    98: 0
    99: 0
  mem-1: # Memory controller stats
   rd: 75005 # Read requests
   wr: 54330 # Write requests
   rdlat: 10190767 # Total latency experienced by read requests
   wrlat: 7789871 # Total latency experienced by write requests
   rdhits: 1373 # Read row hits
   wrhits: 402 # Write row hits
   mlh: # latency histogram for memory requests
    0: 0
    1: 0
    2: 0
    3: 0
    4: 0
    5: 0
    6: 0
    7: 0
    8: 0
    9: 0
    10: 0
    11: 208
    12: 236
    13: 68771
    14: 1573
    15: 1129
    16: 685
    17: 256
    18: 278
    19: 302
    20: 423
    21: 175
    22: 52
    23: 71
    24: 57
    25: 57
    26: 37
    27: 32
    28: 47
    29: 27
    30: 44
    31: 41
    32: 43
    33: 58
    34: 35
    35: 49
    36: 34
    37: 32
    38: 53
    39: 38
    40: 27
    41: 45
    42: 39
    43: 19
    44: 7
    45: 6
    46: 5
    47: 7
    48: 4
    49: 1
    50: 0
    51: 1
    52: 0
    53: 0
    54: 1
    55: 0
    56: 0
    57: 0
    58: 0
    59: 0
    60: 0
    61: 0
    62: 0
    63: 0
    64: 0
    65: 0
    66: 0
    67: 0
    68: 0
    69: 0
    70: 0
    71: 0
    72: 0
    73: 0
    74: 0
    75: 0
    76: 0
    77: 0
    78: 0
    79: 0
    80: 0
    81: 0
    82: 0
    83: 0
    84: 0
    85: 0
    86: 0
    87: 0
    88: 0
    89: 0
    90: 0
    91: 0
    92: 0
    93: 0
    94: 0
    95: 0
    96: 0
    97: 0
    98: 0
    99: 0
  mem-2: # Memory controller stats
   rd: 75742 # Read requests
   wr: 54808 # Write requests
   rdlat: 10315851 # Total latency experienced by read requests
   wrlat: 7923499 # Total latency experienced by write requests
   rdhits: 1583 # Read row hits
   wrhits: 432 # Write row hits
   mlh: # latency histogram for memory requests
    0: 0
    1: 0
    2: 0
    3: 0
    4: 0
    5: 0
    6: 0
    7: 0
    8: 0
    9: 0
    10: 0
    11: 205
    12: 286
    13: 69033
    14: 1539
    15: 1116
    16: 701
    17: 349
    18: 368
    19: 414
    20: 481
    21: 242
    22: 65
    23: 82
    24: 63
    25: 46
    26: 35
    27: 35
    28: 32
    29: 28
    30: 37
    31: 39
    32: 56
    33: 46
    34: 43
    35: 32
    36: 49
    37: 55
    38: 52
    39: 41
    40: 47
    41: 42
    42: 33
    43: 23
    44: 6
    45: 7
    46: 2
    47: 7
    48: 3
    49: 0
    50: 1
    51: 0
    52: 0
    53: 0
    54: 0
    55: 0
    56: 0
    57: 0
    58: 0
    59: 0
    60: 0
    61: 1
    62: 0
    63: 0
    64: 0
    65: 0
    66: 0
    67: 0
    68: 0
    69: 0
    70: 0
    71: 0
    72: 0
    73: 0
    74: 0
    75: 0
    76: 0
    77: 0
    78: 0
    79: 0
    80: 0
    81: 0
    82: 0
    83: 0
    84: 0
    85: 0
    86: 0
    87: 0
    88: 0
    89: 0
    90: 0
    91: 0
    92: 0
    93: 0
    94: 0
    95: 0
    96: 0
    97: 0
    98: 0
    99: 0
  mem-3: # Memory controller stats
   rd: 75427 # Read requests
   wr: 54663 # Write requests
   rdlat: 10271075 # Total latency experienced by read requests
   wrlat: 7904744 # Total latency experienced by write requests
   rdhits: 1479 # Read row hits
   wrhits: 416 # Write row hits
   mlh: # latency histogram for memory requests
    0: 0
    1: 0
    2: 0
    3: 0
    4: 0
    5: 0
    6: 0
    7: 0
    8: 0
    9: 0
    10: 0
    11: 201
    12: 240
    13: 68790
    14: 1596
    15: 1168
    16: 669
    17: 390
    18: 332
    19: 382
    20: 446
    21: 206
    22: 54
    23: 70
    24: 76
    25: 53
    26: 36
    27: 45
    28: 39
    29: 30
    30: 49
    31: 48
    32: 51
    33: 44
    34: 41
    35: 39
    36: 21
    37: 60
    38: 38
    39: 45
    40: 42
    41: 34
    42: 50
    43: 22
    44: 4
    45: 8
    46: 3
    47: 4
    48: 0
    49: 1
    50: 0
    51: 0
    52: 0
    53: 0
    54: 0
    55: 0
    56: 0
    57: 0
    58: 0
    59: 0
    60: 0
    61: 0
    62: 0
    63: 0
    64: 0
    65: 0
    66: 0
    67: 0
    68: 0
    69: 0
    70: 0
    71: 0
    72: 0
    73: 0
    74: 0
    75: 0
    76: 0
    77: 0
    78: 0
    79: 0
    80: 0
    81: 0
    82: 0
    83: 0
    84: 0
    85: 0
    86: 0
    87: 0
    88: 0
    89: 0
    90: 0
    91: 0
    92: 0
    93: 0
    94: 0
    95: 0
    96: 0
    97: 0
    98: 0
    99: 0
 sched: # Scheduler stats
  thCr: 1 # Threads created
  thFn: 1 # Threads finished
  schedEvs: 1 # Schedule events
  waitEvs: 0 # Wait events
  handoffEvs: 0 # Handoff events
  sleepEvs: 0 # Sleep events
  idlePhases: 0 # Phases with no thread active
  idlePeriods: 0 # Periods with no thread active
  occHist: # Occupancy histogram
   0: 0
   1: 10857
  rqSzHist: # Run queue size histogram
   0: 10857
   1: 0
   2: 0
   3: 0
   4: 0
   5: 0
   6: 0
   7: 0
   8: 0
   9: 0
   10: 0
   11: 0
   12: 0
   13: 0
   14: 0
   15: 0
   16: 0
 procCycles: # Per-process unhalted core cycles
  0: 108570376
  1: 0
  2: 0
  3: 0
  4: 0
  5: 0
  6: 0
  7: 0
  8: 0
  9: 0
  10: 0
  11: 0
  12: 0
  13: 0
  14: 0
  15: 0
  16: 0
  17: 0
  18: 0
  19: 0
  20: 0
  21: 0
  22: 0
  23: 0
  24: 0
  25: 0
  26: 0
  27: 0
  28: 0
  29: 0
  30: 0
  31: 0
  32: 0
  33: 0
  34: 0
  35: 0
  36: 0
  37: 0
  38: 0
  39: 0
  40: 0
  41: 0
  42: 0
  43: 0
  44: 0
  45: 0
  46: 0
  47: 0
  48: 0
  49: 0
  50: 0
  51: 0
  52: 0
  53: 0
  54: 0
  55: 0
  56: 0
  57: 0
  58: 0
  59: 0
  60: 0
  61: 0
  62: 0
  63: 0
 procInstrs: # Per-process instructions
  0: 100017899
  1: 0
  2: 0
  3: 0
  4: 0
  5: 0
  6: 0
  7: 0
  8: 0
  9: 0
  10: 0
  11: 0
  12: 0
  13: 0
  14: 0
  15: 0
  16: 0
  17: 0
  18: 0
  19: 0
  20: 0
  21: 0
  22: 0
  23: 0
  24: 0
  25: 0
  26: 0
  27: 0
  28: 0
  29: 0
  30: 0
  31: 0
  32: 0
  33: 0
  34: 0
  35: 0
  36: 0
  37: 0
  38: 0
  39: 0
  40: 0
  41: 0
  42: 0
  43: 0
  44: 0
  45: 0
  46: 0
  47: 0
  48: 0
  49: 0
  50: 0
  51: 0
  52: 0
  53: 0
  54: 0
  55: 0
  56: 0
  57: 0
  58: 0
  59: 0
  60: 0
  61: 0
  62: 0
  63: 0
 heartbeats: # Per-process heartbeats
  0: 0
  1: 0
  2: 0
  3: 0
  4: 0
  5: 0
  6: 0
  7: 0
  8: 0
  9: 0
  10: 0
  11: 0
  12: 0
  13: 0
  14: 0
  15: 0
  16: 0
  17: 0
  18: 0
  19: 0
  20: 0
  21: 0
  22: 0
  23: 0
  24: 0
  25: 0
  26: 0
  27: 0
  28: 0
  29: 0
  30: 0
  31: 0
  32: 0
  33: 0
  34: 0
  35: 0
  36: 0
  37: 0
  38: 0
  39: 0
  40: 0
  41: 0
  42: 0
  43: 0
  44: 0
  45: 0
  46: 0
  47: 0
  48: 0
  49: 0
  50: 0
  51: 0
  52: 0
  53: 0
  54: 0
  55: 0
  56: 0
  57: 0
  58: 0
  59: 0
  60: 0
  61: 0
  62: 0
  63: 0
===
