# zsim stats
===
root: # Stats
 contention: # Contention simulation stats
  domain-0: # Domain stats
   time: 621924180 # Weave simulation time
 time: # Simulator time breakdown
  init: 654692001458
  bound: 5597439477
  weave: 733638388
  ff: 0
 trigger: 20000 # Reason for this stats dump
 phase: 22318 # Simulated phases
 westmere: # Core stats
  westmere-0: # Core stats
   cycles: 223181764 # Simulated unhalted cycles
   cCycles: 41829958 # Cycles due to contention stalls
   instrs: 100001326 # Simulated instructions
   uops: 108913990 # Retired micro-ops
   bbls: 19844694 # Basic blocks
   approxInstrs: 1672492 # Instrs with approx uop decoding
   mispredBranches: 1185102 # Mispredicted branches
   condBranches: 18692631 # conditional branches
 l1i: # Cache stats
  l1i-0: # Filter cache stats
   fhGETS: 25985696 # Filtered GETS hits
   fhGETX: 0 # Filtered GETX hits
   hGETS: 190208 # GETS hits
   hGETX: 0 # GETX hits
   mGETS: 2281 # GETS misses
   mGETXIM: 0 # GETX I->M misses
   mGETXSM: 0 # GETX S->M misses (upgrade misses)
   PUTS: 0 # Clean evictions (from lower level)
   PUTX: 0 # Dirty evictions (from lower level)
   INV: 7 # Invalidates (from upper level)
   INVX: 0 # Downgrades (from upper level)
   FWD: 0 # Forwards (from upper level)
   latGETnl: 267826 # GET request latency on next level
   latGETnet: 0 # GET request latency on network to next level
 l1d: # Cache stats
  l1d-0: # Filter cache stats
   fhGETS: 22326430 # Filtered GETS hits
   fhGETX: 4013433 # Filtered GETX hits
   hGETS: 2596609 # GETS hits
   hGETX: 2706454 # GETX hits
   mGETS: 3381411 # GETS misses
   mGETXIM: 691274 # GETX I->M misses
   mGETXSM: 0 # GETX S->M misses (upgrade misses)
   PUTS: 0 # Clean evictions (from lower level)
   PUTX: 0 # Dirty evictions (from lower level)
   INV: 0 # Invalidates (from upper level)
   INVX: 0 # Downgrades (from upper level)
   FWD: 0 # Forwards (from upper level)
   latGETnl: 308041478 # GET request latency on next level
   latGETnet: 0 # GET request latency on network to next level
 l2: # Cache stats
  l2-0: # Cache stats
   hGETS: 691392 # GETS hits
   hGETX: 100738 # GETX hits
   mGETS: 2692300 # GETS misses
   mGETXIM: 590536 # GETX I->M misses
   mGETXSM: 0 # GETX S->M misses (upgrade misses)
   PUTS: 2317081 # Clean evictions (from lower level)
   PUTX: 1756858 # Dirty evictions (from lower level)
   INV: 0 # Invalidates (from upper level)
   INVX: 0 # Downgrades (from upper level)
   FWD: 0 # Forwards (from upper level)
   latGETnl: 267559644 # GET request latency on next level
   latGETnet: 0 # GET request latency on network to next level
 l3: # Cache stats
  l3-0: # Cache stats
   hGETS: 966833 # GETS hits
   hGETX: 218541 # GETX hits
   mGETS: 1725467 # GETS misses
   mGETXIM: 371995 # GETX I->M misses
   mGETXSM: 0 # GETX S->M misses (upgrade misses)
   PUTS: 1956126 # Clean evictions (from lower level)
   PUTX: 1322614 # Dirty evictions (from lower level)
   INV: 0 # Invalidates (from upper level)
   INVX: 0 # Downgrades (from upper level)
   FWD: 0 # Forwards (from upper level)
   latGETnl: 188771580 # GET request latency on next level
   latGETnet: 0 # GET request latency on network to next level
 mem: # Memory controller stats
  mem-0: # Memory controller stats
   rd: 524219 # Read requests
   wr: 206712 # Write requests
   rdlat: 71279161 # Total latency experienced by read requests
   wrlat: 30819689 # Total latency experienced by write requests
   rdhits: 13268 # Read row hits
   wrhits: 1334 # Write row hits
   mlh: # latency histogram for memory requests
    0: 0
    1: 0
    2: 0
    3: 0
    4: 0
    5: 0
    6: 0
    7: 0
    8: 0
    9: 0
    10: 0
    11: 628
    12: 579
    13: 462955
    14: 39058
    15: 7244
    16: 3098
    17: 1021
    18: 427
    19: 479
    20: 445
    21: 574
    22: 458
    23: 547
    24: 922
    25: 614
    26: 168
    27: 190
    28: 239
    29: 262
    30: 321
    31: 347
    32: 335
    33: 305
    34: 333
    35: 335
    36: 301
    37: 317
    38: 281
    39: 265
    40: 279
    41: 275
    42: 282
    43: 114
    44: 50
    45: 31
    46: 33
    47: 36
    48: 50
    49: 7
    50: 6
    51: 3
    52: 3
    53: 1
    54: 0
    55: 0
    56: 0
    57: 1
    58: 0
    59: 0
    60: 0
    61: 0
    62: 0
    63: 0
    64: 0
    65: 0
    66: 0
    67: 0
    68: 0
    69: 0
    70: 0
    71: 0
    72: 0
    73: 0
    74: 0
    75: 0
    76: 0
    77: 0
    78: 0
    79: 0
    80: 0
    81: 0
    82: 0
    83: 0
    84: 0
    85: 0
    86: 0
    87: 0
    88: 0
    89: 0
    90: 0
    91: 0
    92: 0
    93: 0
    94: 0
    95: 0
    96: 0
    97: 0
    98: 0
    99: 0
  mem-1: # Memory controller stats
   rd: 524653 # Read requests
   wr: 206505 # Write requests
   rdlat: 71365254 # Total latency experienced by read requests
   wrlat: 30865394 # Total latency experienced by write requests
   rdhits: 13058 # Read row hits
   wrhits: 1296 # Write row hits
   mlh: # latency histogram for memory requests
    0: 0
    1: 0
    2: 0
    3: 0
    4: 0
    5: 0
    6: 0
    7: 0
    8: 0
    9: 0
    10: 0
    11: 584
    12: 497
    13: 463237
    14: 38250
    15: 7788
    16: 3629
    17: 1097
    18: 351
    19: 403
    20: 464
    21: 652
    22: 452
    23: 555
    24: 862
    25: 536
    26: 186
    27: 213
    28: 249
    29: 261
    30: 322
    31: 321
    32: 337
    33: 334
    34: 343
    35: 333
    36: 338
    37: 300
    38: 282
    39: 311
    40: 270
    41: 254
    42: 310
    43: 117
    44: 41
    45: 36
    46: 34
    47: 39
    48: 51
    49: 4
    50: 2
    51: 4
    52: 0
    53: 2
    54: 1
    55: 0
    56: 1
    57: 0
    58: 0
    59: 0
    60: 0
    61: 0
    62: 0
    63: 0
    64: 0
    65: 0
    66: 0
    67: 0
    68: 0
    69: 0
    70: 0
    71: 0
    72: 0
    73: 0
    74: 0
    75: 0
    76: 0
    77: 0
    78: 0
    79: 0
    80: 0
    81: 0
    82: 0
    83: 0
    84: 0
    85: 0
    86: 0
    87: 0
    88: 0
    89: 0
    90: 0
    91: 0
    92: 0
    93: 0
    94: 0
    95: 0
    96: 0
    97: 0
    98: 0
    99: 0
  mem-2: # Memory controller stats
   rd: 523486 # Read requests
   wr: 205578 # Write requests
   rdlat: 71176447 # Total latency experienced by read requests
   wrlat: 30641996 # Total latency experienced by write requests
   rdhits: 12789 # Read row hits
   wrhits: 1231 # Write row hits
   mlh: # latency histogram for memory requests
    0: 0
    1: 0
    2: 0
    3: 0
    4: 0
    5: 0
    6: 0
    7: 0
    8: 0
    9: 0
    10: 0
    11: 571
    12: 524
    13: 461805
    14: 40158
    15: 6969
    16: 3033
    17: 997
    18: 356
    19: 394
    20: 429
    21: 567
    22: 394
    23: 558
    24: 969
    25: 655
    26: 199
    27: 174
    28: 209
    29: 267
    30: 270
    31: 296
    32: 327
    33: 338
    34: 335
    35: 357
    36: 315
    37: 301
    38: 253
    39: 280
    40: 283
    41: 266
    42: 301
    43: 123
    44: 46
    45: 26
    46: 41
    47: 30
    48: 53
    49: 5
    50: 5
    51: 2
    52: 1
    53: 4
    54: 0
    55: 0
    56: 0
    57: 0
    58: 0
    59: 0
    60: 0
    61: 0
    62: 0
    63: 0
    64: 0
    65: 0
    66: 0
    67: 0
    68: 0
    69: 0
    70: 0
    71: 0
    72: 0
    73: 0
    74: 0
    75: 0
    76: 0
    77: 0
    78: 0
    79: 0
    80: 0
    81: 0
    82: 0
    83: 0
    84: 0
    85: 0
    86: 0
    87: 0
    88: 0
    89: 0
    90: 0
    91: 0
    92: 0
    93: 0
    94: 0
    95: 0
    96: 0
    97: 0
    98: 0
    99: 0
  mem-3: # Memory controller stats
   rd: 525089 # Read requests
   wr: 205830 # Write requests
   rdlat: 71419094 # Total latency experienced by read requests
   wrlat: 30726517 # Total latency experienced by write requests
   rdhits: 13130 # Read row hits
   wrhits: 1242 # Write row hits
   mlh: # latency histogram for memory requests
    0: 0
    1: 0
    2: 0
    3: 0
    4: 0
    5: 0
    6: 0
    7: 0
    8: 0
    9: 0
    10: 0
    11: 704
    12: 498
    13: 463076
    14: 39616
    15: 7303
    16: 3090
    17: 1093
    18: 444
    19: 448
    20: 514
    21: 558
    22: 491
    23: 505
    24: 991
    25: 569
    26: 170
    27: 192
    28: 238
    29: 257
    30: 281
    31: 311
    32: 359
    33: 318
    34: 298
    35: 318
    36: 337
    37: 327
    38: 332
    39: 282
    40: 281
    41: 235
    42: 282
    43: 143
    44: 53
    45: 33
    46: 33
    47: 37
    48: 51
    49: 7
    50: 2
    51: 1
    52: 4
    53: 6
    54: 1
    55: 0
    56: 0
    57: 0
    58: 0
    59: 0
    60: 0
    61: 0
    62: 0
    63: 0
    64: 0
    65: 0
    66: 0
    67: 0
    68: 0
    69: 0
    70: 0
    71: 0
    72: 0
    73: 0
    74: 0
    75: 0
    76: 0
    77: 0
    78: 0
    79: 0
    80: 0
    81: 0
    82: 0
    83: 0
    84: 0
    85: 0
    86: 0
    87: 0
    88: 0
    89: 0
    90: 0
    91: 0
    92: 0
    93: 0
    94: 0
    95: 0
    96: 0
    97: 0
    98: 0
    99: 0
 sched: # Scheduler stats
  thCr: 1 # Threads created
  thFn: 1 # Threads finished
  schedEvs: 1 # Schedule events
  waitEvs: 0 # Wait events
  handoffEvs: 0 # Handoff events
  sleepEvs: 0 # Sleep events
  idlePhases: 0 # Phases with no thread active
  idlePeriods: 0 # Periods with no thread active
  occHist: # Occupancy histogram
   0: 0
   1: 22318
  rqSzHist: # Run queue size histogram
   0: 22318
   1: 0
   2: 0
   3: 0
   4: 0
   5: 0
   6: 0
   7: 0
   8: 0
   9: 0
   10: 0
   11: 0
   12: 0
   13: 0
   14: 0
   15: 0
   16: 0
 procCycles: # Per-process unhalted core cycles
  0: 223181764
  1: 0
  2: 0
  3: 0
  4: 0
  5: 0
  6: 0
  7: 0
  8: 0
  9: 0
  10: 0
  11: 0
  12: 0
  13: 0
  14: 0
  15: 0
  16: 0
  17: 0
  18: 0
  19: 0
  20: 0
  21: 0
  22: 0
  23: 0
  24: 0
  25: 0
  26: 0
  27: 0
  28: 0
  29: 0
  30: 0
  31: 0
  32: 0
  33: 0
  34: 0
  35: 0
  36: 0
  37: 0
  38: 0
  39: 0
  40: 0
  41: 0
  42: 0
  43: 0
  44: 0
  45: 0
  46: 0
  47: 0
  48: 0
  49: 0
  50: 0
  51: 0
  52: 0
  53: 0
  54: 0
  55: 0
  56: 0
  57: 0
  58: 0
  59: 0
  60: 0
  61: 0
  62: 0
  63: 0
 procInstrs: # Per-process instructions
  0: 100001326
  1: 0
  2: 0
  3: 0
  4: 0
  5: 0
  6: 0
  7: 0
  8: 0
  9: 0
  10: 0
  11: 0
  12: 0
  13: 0
  14: 0
  15: 0
  16: 0
  17: 0
  18: 0
  19: 0
  20: 0
  21: 0
  22: 0
  23: 0
  24: 0
  25: 0
  26: 0
  27: 0
  28: 0
  29: 0
  30: 0
  31: 0
  32: 0
  33: 0
  34: 0
  35: 0
  36: 0
  37: 0
  38: 0
  39: 0
  40: 0
  41: 0
  42: 0
  43: 0
  44: 0
  45: 0
  46: 0
  47: 0
  48: 0
  49: 0
  50: 0
  51: 0
  52: 0
  53: 0
  54: 0
  55: 0
  56: 0
  57: 0
  58: 0
  59: 0
  60: 0
  61: 0
  62: 0
  63: 0
 heartbeats: # Per-process heartbeats
  0: 0
  1: 0
  2: 0
  3: 0
  4: 0
  5: 0
  6: 0
  7: 0
  8: 0
  9: 0
  10: 0
  11: 0
  12: 0
  13: 0
  14: 0
  15: 0
  16: 0
  17: 0
  18: 0
  19: 0
  20: 0
  21: 0
  22: 0
  23: 0
  24: 0
  25: 0
  26: 0
  27: 0
  28: 0
  29: 0
  30: 0
  31: 0
  32: 0
  33: 0
  34: 0
  35: 0
  36: 0
  37: 0
  38: 0
  39: 0
  40: 0
  41: 0
  42: 0
  43: 0
  44: 0
  45: 0
  46: 0
  47: 0
  48: 0
  49: 0
  50: 0
  51: 0
  52: 0
  53: 0
  54: 0
  55: 0
  56: 0
  57: 0
  58: 0
  59: 0
  60: 0
  61: 0
  62: 0
  63: 0
===
