# zsim stats
===
root: # Stats
 contention: # Contention simulation stats
  domain-0: # Domain stats
   time: 92354172 # Weave simulation time
 time: # Simulator time breakdown
  init: 232091570383
  bound: 5020940881
  weave: 162895018
  ff: 0
 trigger: 20000 # Reason for this stats dump
 phase: 12326 # Simulated phases
 westmere: # Core stats
  westmere-0: # Core stats
   cycles: 123260043 # Simulated unhalted cycles
   cCycles: 8099337 # Cycles due to contention stalls
   instrs: 100008860 # Simulated instructions
   uops: 119747657 # Retired micro-ops
   bbls: 21957083 # Basic blocks
   approxInstrs: 221497 # Instrs with approx uop decoding
   mispredBranches: 1075446 # Mispredicted branches
   condBranches: 17160079 # conditional branches
 l1i: # Cache stats
  l1i-0: # Filter cache stats
   fhGETS: 24404364 # Filtered GETS hits
   fhGETX: 0 # Filtered GETX hits
   hGETS: 1891784 # GETS hits
   hGETX: 0 # GETX hits
   mGETS: 677296 # GETS misses
   mGETXIM: 0 # GETX I->M misses
   mGETXSM: 0 # GETX S->M misses (upgrade misses)
   PUTS: 0 # Clean evictions (from lower level)
   PUTX: 0 # Dirty evictions (from lower level)
   INV: 2890 # Invalidates (from upper level)
   INVX: 0 # Downgrades (from upper level)
   FWD: 0 # Forwards (from upper level)
   latGETnl: 8743204 # GET request latency on next level
   latGETnet: 0 # GET request latency on network to next level
 l1d: # Cache stats
  l1d-0: # Filter cache stats
   fhGETS: 22788867 # Filtered GETS hits
   fhGETX: 15956997 # Filtered GETX hits
   hGETS: 1824613 # GETS hits
   hGETX: 968237 # GETX hits
   mGETS: 1516309 # GETS misses
   mGETXIM: 1942073 # GETX I->M misses
   mGETXSM: 0 # GETX S->M misses (upgrade misses)
   PUTS: 0 # Clean evictions (from lower level)
   PUTX: 0 # Dirty evictions (from lower level)
   INV: 297 # Invalidates (from upper level)
   INVX: 0 # Downgrades (from upper level)
   FWD: 0 # Forwards (from upper level)
   latGETnl: 101683788 # GET request latency on next level
   latGETnet: 0 # GET request latency on network to next level
 l2: # Cache stats
  l2-0: # Cache stats
   hGETS: 1128812 # GETS hits
   hGETX: 1197968 # GETX hits
   mGETS: 1064793 # GETS misses
   mGETXIM: 744105 # GETX I->M misses
   mGETXSM: 0 # GETX S->M misses (upgrade misses)
   PUTS: 1833016 # Clean evictions (from lower level)
   PUTX: 2298452 # Dirty evictions (from lower level)
   INV: 6328 # Invalidates (from upper level)
   INVX: 0 # Downgrades (from upper level)
   FWD: 0 # Forwards (from upper level)
   latGETnl: 69070212 # GET request latency on next level
   latGETnet: 0 # GET request latency on network to next level
 l3: # Cache stats
  l3-0: # Cache stats
   hGETS: 842296 # GETS hits
   hGETX: 681528 # GETX hits
   mGETS: 222497 # GETS misses
   mGETXIM: 62577 # GETX I->M misses
   mGETXSM: 0 # GETX S->M misses (upgrade misses)
   PUTS: 883758 # Clean evictions (from lower level)
   PUTX: 914716 # Dirty evictions (from lower level)
   INV: 0 # Invalidates (from upper level)
   INVX: 0 # Downgrades (from upper level)
   FWD: 0 # Forwards (from upper level)
   latGETnl: 25656660 # GET request latency on next level
   latGETnet: 0 # GET request latency on network to next level
 mem: # Memory controller stats
  mem-0: # Memory controller stats
   rd: 73995 # Read requests
   wr: 19802 # Write requests
   rdlat: 9924949 # Total latency experienced by read requests
   wrlat: 2883616 # Total latency experienced by write requests
   rdhits: 22 # Read row hits
   wrhits: 14 # Write row hits
   mlh: # latency histogram for memory requests
    0: 0
    1: 0
    2: 0
    3: 0
    4: 0
    5: 0
    6: 0
    7: 0
    8: 0
    9: 0
    10: 0
    11: 4
    12: 3
    13: 71540
    14: 619
    15: 536
    16: 196
    17: 61
    18: 43
    19: 50
    20: 52
    21: 50
    22: 46
    23: 36
    24: 40
    25: 28
    26: 32
    27: 35
    28: 37
    29: 33
    30: 32
    31: 38
    32: 45
    33: 41
    34: 45
    35: 55
    36: 26
    37: 55
    38: 36
    39: 39
    40: 48
    41: 34
    42: 41
    43: 11
    44: 2
    45: 3
    46: 1
    47: 2
    48: 0
    49: 0
    50: 0
    51: 0
    52: 0
    53: 0
    54: 0
    55: 0
    56: 0
    57: 0
    58: 0
    59: 0
    60: 0
    61: 0
    62: 0
    63: 0
    64: 0
    65: 0
    66: 0
    67: 0
    68: 0
    69: 0
    70: 0
    71: 0
    72: 0
    73: 0
    74: 0
    75: 0
    76: 0
    77: 0
    78: 0
    79: 0
    80: 0
    81: 0
    82: 0
    83: 0
    84: 0
    85: 0
    86: 0
    87: 0
    88: 0
    89: 0
    90: 0
    91: 0
    92: 0
    93: 0
    94: 0
    95: 0
    96: 0
    97: 0
    98: 0
    99: 0
  mem-1: # Memory controller stats
   rd: 68322 # Read requests
   wr: 19273 # Write requests
   rdlat: 9166436 # Total latency experienced by read requests
   wrlat: 2799917 # Total latency experienced by write requests
   rdhits: 35 # Read row hits
   wrhits: 16 # Write row hits
   mlh: # latency histogram for memory requests
    0: 0
    1: 0
    2: 0
    3: 0
    4: 0
    5: 0
    6: 0
    7: 0
    8: 0
    9: 0
    10: 0
    11: 3
    12: 4
    13: 66074
    14: 563
    15: 465
    16: 195
    17: 38
    18: 40
    19: 43
    20: 47
    21: 44
    22: 39
    23: 38
    24: 54
    25: 35
    26: 36
    27: 22
    28: 28
    29: 33
    30: 42
    31: 29
    32: 46
    33: 41
    34: 47
    35: 44
    36: 36
    37: 39
    38: 38
    39: 37
    40: 33
    41: 40
    42: 33
    43: 12
    44: 0
    45: 3
    46: 0
    47: 0
    48: 0
    49: 0
    50: 0
    51: 1
    52: 0
    53: 0
    54: 0
    55: 0
    56: 0
    57: 0
    58: 0
    59: 0
    60: 0
    61: 0
    62: 0
    63: 0
    64: 0
    65: 0
    66: 0
    67: 0
    68: 0
    69: 0
    70: 0
    71: 0
    72: 0
    73: 0
    74: 0
    75: 0
    76: 0
    77: 0
    78: 0
    79: 0
    80: 0
    81: 0
    82: 0
    83: 0
    84: 0
    85: 0
    86: 0
    87: 0
    88: 0
    89: 0
    90: 0
    91: 0
    92: 0
    93: 0
    94: 0
    95: 0
    96: 0
    97: 0
    98: 0
    99: 0
  mem-2: # Memory controller stats
   rd: 74730 # Read requests
   wr: 19928 # Write requests
   rdlat: 10026099 # Total latency experienced by read requests
   wrlat: 2907476 # Total latency experienced by write requests
   rdhits: 31 # Read row hits
   wrhits: 19 # Write row hits
   mlh: # latency histogram for memory requests
    0: 0
    1: 0
    2: 0
    3: 0
    4: 0
    5: 0
    6: 0
    7: 0
    8: 0
    9: 0
    10: 0
    11: 1
    12: 16
    13: 72260
    14: 585
    15: 523
    16: 220
    17: 49
    18: 46
    19: 50
    20: 50
    21: 37
    22: 40
    23: 63
    24: 50
    25: 45
    26: 29
    27: 36
    28: 37
    29: 36
    30: 45
    31: 37
    32: 44
    33: 51
    34: 39
    35: 33
    36: 41
    37: 47
    38: 33
    39: 40
    40: 31
    41: 42
    42: 47
    43: 19
    44: 3
    45: 2
    46: 1
    47: 1
    48: 1
    49: 0
    50: 0
    51: 0
    52: 0
    53: 0
    54: 0
    55: 0
    56: 0
    57: 0
    58: 0
    59: 0
    60: 0
    61: 0
    62: 0
    63: 0
    64: 0
    65: 0
    66: 0
    67: 0
    68: 0
    69: 0
    70: 0
    71: 0
    72: 0
    73: 0
    74: 0
    75: 0
    76: 0
    77: 0
    78: 0
    79: 0
    80: 0
    81: 0
    82: 0
    83: 0
    84: 0
    85: 0
    86: 0
    87: 0
    88: 0
    89: 0
    90: 0
    91: 0
    92: 0
    93: 0
    94: 0
    95: 0
    96: 0
    97: 0
    98: 0
    99: 0
  mem-3: # Memory controller stats
   rd: 68027 # Read requests
   wr: 19332 # Write requests
   rdlat: 9133023 # Total latency experienced by read requests
   wrlat: 2801153 # Total latency experienced by write requests
   rdhits: 27 # Read row hits
   wrhits: 26 # Write row hits
   mlh: # latency histogram for memory requests
    0: 0
    1: 0
    2: 0
    3: 0
    4: 0
    5: 0
    6: 0
    7: 0
    8: 0
    9: 0
    10: 0
    11: 1
    12: 22
    13: 65772
    14: 540
    15: 450
    16: 213
    17: 36
    18: 45
    19: 51
    20: 51
    21: 35
    22: 48
    23: 30
    24: 41
    25: 35
    26: 28
    27: 28
    28: 28
    29: 34
    30: 26
    31: 30
    32: 45
    33: 49
    34: 45
    35: 38
    36: 36
    37: 44
    38: 44
    39: 36
    40: 34
    41: 39
    42: 42
    43: 21
    44: 1
    45: 4
    46: 2
    47: 3
    48: 0
    49: 0
    50: 0
    51: 0
    52: 0
    53: 0
    54: 0
    55: 0
    56: 0
    57: 0
    58: 0
    59: 0
    60: 0
    61: 0
    62: 0
    63: 0
    64: 0
    65: 0
    66: 0
    67: 0
    68: 0
    69: 0
    70: 0
    71: 0
    72: 0
    73: 0
    74: 0
    75: 0
    76: 0
    77: 0
    78: 0
    79: 0
    80: 0
    81: 0
    82: 0
    83: 0
    84: 0
    85: 0
    86: 0
    87: 0
    88: 0
    89: 0
    90: 0
    91: 0
    92: 0
    93: 0
    94: 0
    95: 0
    96: 0
    97: 0
    98: 0
    99: 0
 sched: # Scheduler stats
  thCr: 1 # Threads created
  thFn: 1 # Threads finished
  schedEvs: 1 # Schedule events
  waitEvs: 0 # Wait events
  handoffEvs: 0 # Handoff events
  sleepEvs: 0 # Sleep events
  idlePhases: 0 # Phases with no thread active
  idlePeriods: 0 # Periods with no thread active
  occHist: # Occupancy histogram
   0: 0
   1: 12326
  rqSzHist: # Run queue size histogram
   0: 12326
   1: 0
   2: 0
   3: 0
   4: 0
   5: 0
   6: 0
   7: 0
   8: 0
   9: 0
   10: 0
   11: 0
   12: 0
   13: 0
   14: 0
   15: 0
   16: 0
 procCycles: # Per-process unhalted core cycles
  0: 123260043
  1: 0
  2: 0
  3: 0
  4: 0
  5: 0
  6: 0
  7: 0
  8: 0
  9: 0
  10: 0
  11: 0
  12: 0
  13: 0
  14: 0
  15: 0
  16: 0
  17: 0
  18: 0
  19: 0
  20: 0
  21: 0
  22: 0
  23: 0
  24: 0
  25: 0
  26: 0
  27: 0
  28: 0
  29: 0
  30: 0
  31: 0
  32: 0
  33: 0
  34: 0
  35: 0
  36: 0
  37: 0
  38: 0
  39: 0
  40: 0
  41: 0
  42: 0
  43: 0
  44: 0
  45: 0
  46: 0
  47: 0
  48: 0
  49: 0
  50: 0
  51: 0
  52: 0
  53: 0
  54: 0
  55: 0
  56: 0
  57: 0
  58: 0
  59: 0
  60: 0
  61: 0
  62: 0
  63: 0
 procInstrs: # Per-process instructions
  0: 100008860
  1: 0
  2: 0
  3: 0
  4: 0
  5: 0
  6: 0
  7: 0
  8: 0
  9: 0
  10: 0
  11: 0
  12: 0
  13: 0
  14: 0
  15: 0
  16: 0
  17: 0
  18: 0
  19: 0
  20: 0
  21: 0
  22: 0
  23: 0
  24: 0
  25: 0
  26: 0
  27: 0
  28: 0
  29: 0
  30: 0
  31: 0
  32: 0
  33: 0
  34: 0
  35: 0
  36: 0
  37: 0
  38: 0
  39: 0
  40: 0
  41: 0
  42: 0
  43: 0
  44: 0
  45: 0
  46: 0
  47: 0
  48: 0
  49: 0
  50: 0
  51: 0
  52: 0
  53: 0
  54: 0
  55: 0
  56: 0
  57: 0
  58: 0
  59: 0
  60: 0
  61: 0
  62: 0
  63: 0
 heartbeats: # Per-process heartbeats
  0: 0
  1: 0
  2: 0
  3: 0
  4: 0
  5: 0
  6: 0
  7: 0
  8: 0
  9: 0
  10: 0
  11: 0
  12: 0
  13: 0
  14: 0
  15: 0
  16: 0
  17: 0
  18: 0
  19: 0
  20: 0
  21: 0
  22: 0
  23: 0
  24: 0
  25: 0
  26: 0
  27: 0
  28: 0
  29: 0
  30: 0
  31: 0
  32: 0
  33: 0
  34: 0
  35: 0
  36: 0
  37: 0
  38: 0
  39: 0
  40: 0
  41: 0
  42: 0
  43: 0
  44: 0
  45: 0
  46: 0
  47: 0
  48: 0
  49: 0
  50: 0
  51: 0
  52: 0
  53: 0
  54: 0
  55: 0
  56: 0
  57: 0
  58: 0
  59: 0
  60: 0
  61: 0
  62: 0
  63: 0
===
