# zsim stats
===
root: # Stats
 contention: # Contention simulation stats
  domain-0: # Domain stats
   time: 132564827 # Weave simulation time
 time: # Simulator time breakdown
  init: 1457385230457
  bound: 5019947081
  weave: 181347331
  ff: 0
 trigger: 20000 # Reason for this stats dump
 phase: 8424 # Simulated phases
 westmere: # Core stats
  westmere-0: # Core stats
   cycles: 84240928 # Simulated unhalted cycles
   cCycles: 9966988 # Cycles due to contention stalls
   instrs: 100008971 # Simulated instructions
   uops: 132225277 # Retired micro-ops
   bbls: 1458072 # Basic blocks
   approxInstrs: 967635 # Instrs with approx uop decoding
   mispredBranches: 1056 # Mispredicted branches
   condBranches: 120271 # conditional branches
 l1i: # Cache stats
  l1i-0: # Filter cache stats
   fhGETS: 6774034 # Filtered GETS hits
   fhGETX: 0 # Filtered GETX hits
   hGETS: 4033612 # GETS hits
   hGETX: 0 # GETX hits
   mGETS: 259 # GETS misses
   mGETXIM: 0 # GETX I->M misses
   mGETXSM: 0 # GETX S->M misses (upgrade misses)
   PUTS: 0 # Clean evictions (from lower level)
   PUTX: 0 # Dirty evictions (from lower level)
   INV: 14 # Invalidates (from upper level)
   INVX: 0 # Downgrades (from upper level)
   FWD: 0 # Forwards (from upper level)
   latGETnl: 32116 # GET request latency on next level
   latGETnet: 0 # GET request latency on network to next level
 l1d: # Cache stats
  l1d-0: # Filter cache stats
   fhGETS: 37116545 # Filtered GETS hits
   fhGETX: 9788929 # Filtered GETX hits
   hGETS: 5088938 # GETS hits
   hGETX: 1420435 # GETX hits
   mGETS: 617663 # GETS misses
   mGETXIM: 139990 # GETX I->M misses
   mGETXSM: 0 # GETX S->M misses (upgrade misses)
   PUTS: 0 # Clean evictions (from lower level)
   PUTX: 0 # Dirty evictions (from lower level)
   INV: 4 # Invalidates (from upper level)
   INVX: 0 # Downgrades (from upper level)
   FWD: 0 # Forwards (from upper level)
   latGETnl: 62663028 # GET request latency on next level
   latGETnet: 0 # GET request latency on network to next level
 l2: # Cache stats
  l2-0: # Cache stats
   hGETS: 257161 # GETS hits
   hGETX: 5 # GETX hits
   mGETS: 360761 # GETS misses
   mGETXIM: 139985 # GETX I->M misses
   mGETXSM: 0 # GETX S->M misses (upgrade misses)
   PUTS: 616496 # Clean evictions (from lower level)
   PUTX: 140641 # Dirty evictions (from lower level)
   INV: 0 # Invalidates (from upper level)
   INVX: 0 # Downgrades (from upper level)
   FWD: 0 # Forwards (from upper level)
   latGETnl: 55116024 # GET request latency on next level
   latGETnet: 0 # GET request latency on network to next level
 l3: # Cache stats
  l3-0: # Cache stats
   hGETS: 16808 # GETS hits
   hGETX: 5070 # GETX hits
   mGETS: 343953 # GETS misses
   mGETXIM: 134915 # GETX I->M misses
   mGETXSM: 0 # GETX S->M misses (upgrade misses)
   PUTS: 356754 # Clean evictions (from lower level)
   PUTX: 139896 # Dirty evictions (from lower level)
   INV: 0 # Invalidates (from upper level)
   INVX: 0 # Downgrades (from upper level)
   FWD: 0 # Forwards (from upper level)
   latGETnl: 43098120 # GET request latency on next level
   latGETnet: 0 # GET request latency on network to next level
 mem: # Memory controller stats
  mem-0: # Memory controller stats
   rd: 119675 # Read requests
   wr: 33924 # Write requests
   rdlat: 17448568 # Total latency experienced by read requests
   wrlat: 5527443 # Total latency experienced by write requests
   rdhits: 8 # Read row hits
   wrhits: 93 # Write row hits
   mlh: # latency histogram for memory requests
    0: 0
    1: 0
    2: 0
    3: 0
    4: 0
    5: 0
    6: 0
    7: 0
    8: 0
    9: 0
    10: 0
    11: 0
    12: 0
    13: 77595
    14: 20812
    15: 6170
    16: 1502
    17: 5016
    18: 876
    19: 1057
    20: 896
    21: 159
    22: 443
    23: 117
    24: 321
    25: 3024
    26: 355
    27: 98
    28: 132
    29: 75
    30: 56
    31: 48
    32: 51
    33: 39
    34: 51
    35: 63
    36: 70
    37: 43
    38: 60
    39: 65
    40: 77
    41: 57
    42: 75
    43: 60
    44: 29
    45: 22
    46: 17
    47: 37
    48: 43
    49: 15
    50: 10
    51: 13
    52: 6
    53: 6
    54: 2
    55: 7
    56: 2
    57: 2
    58: 0
    59: 1
    60: 0
    61: 0
    62: 0
    63: 0
    64: 0
    65: 0
    66: 0
    67: 0
    68: 0
    69: 0
    70: 0
    71: 0
    72: 0
    73: 0
    74: 0
    75: 0
    76: 0
    77: 0
    78: 0
    79: 0
    80: 0
    81: 0
    82: 0
    83: 0
    84: 0
    85: 0
    86: 0
    87: 0
    88: 0
    89: 0
    90: 0
    91: 0
    92: 0
    93: 0
    94: 0
    95: 0
    96: 0
    97: 0
    98: 0
    99: 0
  mem-1: # Memory controller stats
   rd: 119714 # Read requests
   wr: 33927 # Write requests
   rdlat: 17482848 # Total latency experienced by read requests
   wrlat: 5528635 # Total latency experienced by write requests
   rdhits: 7 # Read row hits
   wrhits: 92 # Write row hits
   mlh: # latency histogram for memory requests
    0: 0
    1: 0
    2: 0
    3: 0
    4: 0
    5: 0
    6: 0
    7: 0
    8: 0
    9: 0
    10: 0
    11: 0
    12: 0
    13: 77523
    14: 20872
    15: 6120
    16: 1488
    17: 4968
    18: 909
    19: 1048
    20: 881
    21: 174
    22: 447
    23: 141
    24: 418
    25: 2930
    26: 363
    27: 105
    28: 144
    29: 61
    30: 44
    31: 53
    32: 57
    33: 45
    34: 46
    35: 65
    36: 66
    37: 51
    38: 82
    39: 84
    40: 73
    41: 75
    42: 76
    43: 66
    44: 41
    45: 20
    46: 18
    47: 35
    48: 41
    49: 22
    50: 17
    51: 12
    52: 13
    53: 3
    54: 3
    55: 5
    56: 1
    57: 6
    58: 1
    59: 1
    60: 0
    61: 0
    62: 0
    63: 0
    64: 0
    65: 0
    66: 0
    67: 0
    68: 0
    69: 0
    70: 0
    71: 0
    72: 0
    73: 0
    74: 0
    75: 0
    76: 0
    77: 0
    78: 0
    79: 0
    80: 0
    81: 0
    82: 0
    83: 0
    84: 0
    85: 0
    86: 0
    87: 0
    88: 0
    89: 0
    90: 0
    91: 0
    92: 0
    93: 0
    94: 0
    95: 0
    96: 0
    97: 0
    98: 0
    99: 0
  mem-2: # Memory controller stats
   rd: 119759 # Read requests
   wr: 33958 # Write requests
   rdlat: 17476530 # Total latency experienced by read requests
   wrlat: 5514715 # Total latency experienced by write requests
   rdhits: 2 # Read row hits
   wrhits: 72 # Write row hits
   mlh: # latency histogram for memory requests
    0: 0
    1: 0
    2: 0
    3: 0
    4: 0
    5: 0
    6: 0
    7: 0
    8: 0
    9: 0
    10: 0
    11: 0
    12: 0
    13: 77584
    14: 20858
    15: 6106
    16: 1537
    17: 4997
    18: 909
    19: 1041
    20: 882
    21: 152
    22: 422
    23: 171
    24: 351
    25: 2978
    26: 382
    27: 105
    28: 131
    29: 64
    30: 58
    31: 40
    32: 47
    33: 44
    34: 58
    35: 91
    36: 82
    37: 57
    38: 78
    39: 71
    40: 65
    41: 60
    42: 63
    43: 60
    44: 33
    45: 15
    46: 13
    47: 46
    48: 44
    49: 19
    50: 12
    51: 10
    52: 4
    53: 4
    54: 5
    55: 6
    56: 0
    57: 0
    58: 2
    59: 2
    60: 0
    61: 0
    62: 0
    63: 0
    64: 0
    65: 0
    66: 0
    67: 0
    68: 0
    69: 0
    70: 0
    71: 0
    72: 0
    73: 0
    74: 0
    75: 0
    76: 0
    77: 0
    78: 0
    79: 0
    80: 0
    81: 0
    82: 0
    83: 0
    84: 0
    85: 0
    86: 0
    87: 0
    88: 0
    89: 0
    90: 0
    91: 0
    92: 0
    93: 0
    94: 0
    95: 0
    96: 0
    97: 0
    98: 0
    99: 0
  mem-3: # Memory controller stats
   rd: 119719 # Read requests
   wr: 33940 # Write requests
   rdlat: 17497577 # Total latency experienced by read requests
   wrlat: 5523002 # Total latency experienced by write requests
   rdhits: 1 # Read row hits
   wrhits: 68 # Write row hits
   mlh: # latency histogram for memory requests
    0: 0
    1: 0
    2: 0
    3: 0
    4: 0
    5: 0
    6: 0
    7: 0
    8: 0
    9: 0
    10: 0
    11: 0
    12: 0
    13: 77459
    14: 20889
    15: 6073
    16: 1530
    17: 5008
    18: 911
    19: 1022
    20: 885
    21: 175
    22: 441
    23: 167
    24: 417
    25: 2908
    26: 365
    27: 129
    28: 129
    29: 77
    30: 59
    31: 40
    32: 39
    33: 46
    34: 43
    35: 56
    36: 57
    37: 68
    38: 73
    39: 74
    40: 79
    41: 68
    42: 80
    43: 68
    44: 48
    45: 18
    46: 19
    47: 44
    48: 44
    49: 30
    50: 16
    51: 18
    52: 12
    53: 8
    54: 3
    55: 8
    56: 7
    57: 5
    58: 2
    59: 2
    60: 0
    61: 0
    62: 0
    63: 0
    64: 0
    65: 0
    66: 0
    67: 0
    68: 0
    69: 0
    70: 0
    71: 0
    72: 0
    73: 0
    74: 0
    75: 0
    76: 0
    77: 0
    78: 0
    79: 0
    80: 0
    81: 0
    82: 0
    83: 0
    84: 0
    85: 0
    86: 0
    87: 0
    88: 0
    89: 0
    90: 0
    91: 0
    92: 0
    93: 0
    94: 0
    95: 0
    96: 0
    97: 0
    98: 0
    99: 0
 sched: # Scheduler stats
  thCr: 1 # Threads created
  thFn: 1 # Threads finished
  schedEvs: 1 # Schedule events
  waitEvs: 0 # Wait events
  handoffEvs: 0 # Handoff events
  sleepEvs: 0 # Sleep events
  idlePhases: 0 # Phases with no thread active
  idlePeriods: 0 # Periods with no thread active
  occHist: # Occupancy histogram
   0: 0
   1: 8424
  rqSzHist: # Run queue size histogram
   0: 8424
   1: 0
   2: 0
   3: 0
   4: 0
   5: 0
   6: 0
   7: 0
   8: 0
   9: 0
   10: 0
   11: 0
   12: 0
   13: 0
   14: 0
   15: 0
   16: 0
 procCycles: # Per-process unhalted core cycles
  0: 84240928
  1: 0
  2: 0
  3: 0
  4: 0
  5: 0
  6: 0
  7: 0
  8: 0
  9: 0
  10: 0
  11: 0
  12: 0
  13: 0
  14: 0
  15: 0
  16: 0
  17: 0
  18: 0
  19: 0
  20: 0
  21: 0
  22: 0
  23: 0
  24: 0
  25: 0
  26: 0
  27: 0
  28: 0
  29: 0
  30: 0
  31: 0
  32: 0
  33: 0
  34: 0
  35: 0
  36: 0
  37: 0
  38: 0
  39: 0
  40: 0
  41: 0
  42: 0
  43: 0
  44: 0
  45: 0
  46: 0
  47: 0
  48: 0
  49: 0
  50: 0
  51: 0
  52: 0
  53: 0
  54: 0
  55: 0
  56: 0
  57: 0
  58: 0
  59: 0
  60: 0
  61: 0
  62: 0
  63: 0
 procInstrs: # Per-process instructions
  0: 100008971
  1: 0
  2: 0
  3: 0
  4: 0
  5: 0
  6: 0
  7: 0
  8: 0
  9: 0
  10: 0
  11: 0
  12: 0
  13: 0
  14: 0
  15: 0
  16: 0
  17: 0
  18: 0
  19: 0
  20: 0
  21: 0
  22: 0
  23: 0
  24: 0
  25: 0
  26: 0
  27: 0
  28: 0
  29: 0
  30: 0
  31: 0
  32: 0
  33: 0
  34: 0
  35: 0
  36: 0
  37: 0
  38: 0
  39: 0
  40: 0
  41: 0
  42: 0
  43: 0
  44: 0
  45: 0
  46: 0
  47: 0
  48: 0
  49: 0
  50: 0
  51: 0
  52: 0
  53: 0
  54: 0
  55: 0
  56: 0
  57: 0
  58: 0
  59: 0
  60: 0
  61: 0
  62: 0
  63: 0
 heartbeats: # Per-process heartbeats
  0: 0
  1: 0
  2: 0
  3: 0
  4: 0
  5: 0
  6: 0
  7: 0
  8: 0
  9: 0
  10: 0
  11: 0
  12: 0
  13: 0
  14: 0
  15: 0
  16: 0
  17: 0
  18: 0
  19: 0
  20: 0
  21: 0
  22: 0
  23: 0
  24: 0
  25: 0
  26: 0
  27: 0
  28: 0
  29: 0
  30: 0
  31: 0
  32: 0
  33: 0
  34: 0
  35: 0
  36: 0
  37: 0
  38: 0
  39: 0
  40: 0
  41: 0
  42: 0
  43: 0
  44: 0
  45: 0
  46: 0
  47: 0
  48: 0
  49: 0
  50: 0
  51: 0
  52: 0
  53: 0
  54: 0
  55: 0
  56: 0
  57: 0
  58: 0
  59: 0
  60: 0
  61: 0
  62: 0
  63: 0
===
