# zsim stats
===
root: # Stats
 contention: # Contention simulation stats
  domain-0: # Domain stats
   time: 84410515 # Weave simulation time
 time: # Simulator time breakdown
  init: 1198919297990
  bound: 5229649776
  weave: 372335624
  ff: 0
 trigger: 20000 # Reason for this stats dump
 phase: 6058 # Simulated phases
 westmere: # Core stats
  westmere-0: # Core stats
   cycles: 60580205 # Simulated unhalted cycles
   cCycles: 2578886 # Cycles due to contention stalls
   instrs: 100012795 # Simulated instructions
   uops: 109568471 # Retired micro-ops
   bbls: 33632841 # Basic blocks
   approxInstrs: 166183 # Instrs with approx uop decoding
   mispredBranches: 152430 # Mispredicted branches
   condBranches: 28913655 # conditional branches
 l1i: # Cache stats
  l1i-0: # Filter cache stats
   fhGETS: 32649462 # Filtered GETS hits
   fhGETX: 0 # Filtered GETX hits
   hGETS: 1596106 # GETS hits
   hGETX: 0 # GETX hits
   mGETS: 195648 # GETS misses
   mGETXIM: 0 # GETX I->M misses
   mGETXSM: 0 # GETX S->M misses (upgrade misses)
   PUTS: 0 # Clean evictions (from lower level)
   PUTX: 0 # Dirty evictions (from lower level)
   INV: 5 # Invalidates (from upper level)
   INVX: 0 # Downgrades (from upper level)
   FWD: 0 # Forwards (from upper level)
   latGETnl: 2467902 # GET request latency on next level
   latGETnet: 0 # GET request latency on network to next level
 l1d: # Cache stats
  l1d-0: # Filter cache stats
   fhGETS: 25741407 # Filtered GETS hits
   fhGETX: 5256433 # Filtered GETX hits
   hGETS: 3068884 # GETS hits
   hGETX: 782523 # GETX hits
   mGETS: 2271564 # GETS misses
   mGETXIM: 118066 # GETX I->M misses
   mGETXSM: 0 # GETX S->M misses (upgrade misses)
   PUTS: 0 # Clean evictions (from lower level)
   PUTX: 0 # Dirty evictions (from lower level)
   INV: 0 # Invalidates (from upper level)
   INVX: 0 # Downgrades (from upper level)
   FWD: 0 # Forwards (from upper level)
   latGETnl: 39756382 # GET request latency on next level
   latGETnet: 0 # GET request latency on network to next level
 l2: # Cache stats
  l2-0: # Cache stats
   hGETS: 2333857 # GETS hits
   hGETX: 22560 # GETX hits
   mGETS: 133355 # GETS misses
   mGETXIM: 95506 # GETX I->M misses
   mGETXSM: 0 # GETX S->M misses (upgrade misses)
   PUTS: 2338064 # Clean evictions (from lower level)
   PUTX: 246185 # Dirty evictions (from lower level)
   INV: 0 # Invalidates (from upper level)
   INVX: 0 # Downgrades (from upper level)
   FWD: 0 # Forwards (from upper level)
   latGETnl: 16371504 # GET request latency on next level
   latGETnet: 0 # GET request latency on network to next level
 l3: # Cache stats
  l3-0: # Cache stats
   hGETS: 70807 # GETS hits
   hGETX: 37178 # GETX hits
   mGETS: 62548 # GETS misses
   mGETXIM: 58328 # GETX I->M misses
   mGETXSM: 0 # GETX S->M misses (upgrade misses)
   PUTS: 55358 # Clean evictions (from lower level)
   PUTX: 169407 # Dirty evictions (from lower level)
   INV: 0 # Invalidates (from upper level)
   INVX: 0 # Downgrades (from upper level)
   FWD: 0 # Forwards (from upper level)
   latGETnl: 10878840 # GET request latency on next level
   latGETnet: 0 # GET request latency on network to next level
 mem: # Memory controller stats
  mem-0: # Memory controller stats
   rd: 30361 # Read requests
   wr: 17117 # Write requests
   rdlat: 4085526 # Total latency experienced by read requests
   wrlat: 2625586 # Total latency experienced by write requests
   rdhits: 13 # Read row hits
   wrhits: 39 # Write row hits
   mlh: # latency histogram for memory requests
    0: 0
    1: 0
    2: 0
    3: 0
    4: 0
    5: 0
    6: 0
    7: 0
    8: 0
    9: 0
    10: 0
    11: 0
    12: 3
    13: 28997
    14: 435
    15: 307
    16: 174
    17: 29
    18: 13
    19: 16
    20: 11
    21: 10
    22: 13
    23: 17
    24: 24
    25: 18
    26: 11
    27: 11
    28: 18
    29: 8
    30: 19
    31: 13
    32: 24
    33: 18
    34: 20
    35: 21
    36: 23
    37: 16
    38: 14
    39: 16
    40: 17
    41: 19
    42: 16
    43: 4
    44: 1
    45: 0
    46: 1
    47: 0
    48: 1
    49: 1
    50: 1
    51: 1
    52: 0
    53: 0
    54: 0
    55: 0
    56: 0
    57: 0
    58: 0
    59: 0
    60: 0
    61: 0
    62: 0
    63: 0
    64: 0
    65: 0
    66: 0
    67: 0
    68: 0
    69: 0
    70: 0
    71: 0
    72: 0
    73: 0
    74: 0
    75: 0
    76: 0
    77: 0
    78: 0
    79: 0
    80: 0
    81: 0
    82: 0
    83: 0
    84: 0
    85: 0
    86: 0
    87: 0
    88: 0
    89: 0
    90: 0
    91: 0
    92: 0
    93: 0
    94: 0
    95: 0
    96: 0
    97: 0
    98: 0
    99: 0
  mem-1: # Memory controller stats
   rd: 30118 # Read requests
   wr: 17055 # Write requests
   rdlat: 4056608 # Total latency experienced by read requests
   wrlat: 2616828 # Total latency experienced by write requests
   rdhits: 15 # Read row hits
   wrhits: 28 # Write row hits
   mlh: # latency histogram for memory requests
    0: 0
    1: 0
    2: 0
    3: 0
    4: 0
    5: 0
    6: 0
    7: 0
    8: 0
    9: 0
    10: 0
    11: 1
    12: 1
    13: 28615
    14: 531
    15: 313
    16: 198
    17: 19
    18: 18
    19: 20
    20: 22
    21: 14
    22: 20
    23: 16
    24: 22
    25: 7
    26: 10
    27: 18
    28: 12
    29: 14
    30: 11
    31: 26
    32: 22
    33: 17
    34: 15
    35: 23
    36: 19
    37: 16
    38: 16
    39: 21
    40: 20
    41: 13
    42: 15
    43: 6
    44: 3
    45: 2
    46: 0
    47: 0
    48: 1
    49: 1
    50: 0
    51: 0
    52: 0
    53: 0
    54: 0
    55: 0
    56: 0
    57: 0
    58: 0
    59: 0
    60: 0
    61: 0
    62: 0
    63: 0
    64: 0
    65: 0
    66: 0
    67: 0
    68: 0
    69: 0
    70: 0
    71: 0
    72: 0
    73: 0
    74: 0
    75: 0
    76: 0
    77: 0
    78: 0
    79: 0
    80: 0
    81: 0
    82: 0
    83: 0
    84: 0
    85: 0
    86: 0
    87: 0
    88: 0
    89: 0
    90: 0
    91: 0
    92: 0
    93: 0
    94: 0
    95: 0
    96: 0
    97: 0
    98: 0
    99: 0
  mem-2: # Memory controller stats
   rd: 30189 # Read requests
   wr: 17016 # Write requests
   rdlat: 4060645 # Total latency experienced by read requests
   wrlat: 2623398 # Total latency experienced by write requests
   rdhits: 22 # Read row hits
   wrhits: 33 # Write row hits
   mlh: # latency histogram for memory requests
    0: 0
    1: 0
    2: 0
    3: 0
    4: 0
    5: 0
    6: 0
    7: 0
    8: 0
    9: 0
    10: 0
    11: 3
    12: 6
    13: 28788
    14: 432
    15: 316
    16: 198
    17: 24
    18: 12
    19: 24
    20: 10
    21: 12
    22: 17
    23: 18
    24: 29
    25: 22
    26: 6
    27: 15
    28: 9
    29: 21
    30: 19
    31: 15
    32: 20
    33: 19
    34: 17
    35: 18
    36: 24
    37: 15
    38: 12
    39: 20
    40: 15
    41: 14
    42: 10
    43: 3
    44: 3
    45: 3
    46: 0
    47: 0
    48: 0
    49: 0
    50: 0
    51: 0
    52: 0
    53: 0
    54: 0
    55: 0
    56: 0
    57: 0
    58: 0
    59: 0
    60: 0
    61: 0
    62: 0
    63: 0
    64: 0
    65: 0
    66: 0
    67: 0
    68: 0
    69: 0
    70: 0
    71: 0
    72: 0
    73: 0
    74: 0
    75: 0
    76: 0
    77: 0
    78: 0
    79: 0
    80: 0
    81: 0
    82: 0
    83: 0
    84: 0
    85: 0
    86: 0
    87: 0
    88: 0
    89: 0
    90: 0
    91: 0
    92: 0
    93: 0
    94: 0
    95: 0
    96: 0
    97: 0
    98: 0
    99: 0
  mem-3: # Memory controller stats
   rd: 30208 # Read requests
   wr: 16987 # Write requests
   rdlat: 4069458 # Total latency experienced by read requests
   wrlat: 2613243 # Total latency experienced by write requests
   rdhits: 25 # Read row hits
   wrhits: 32 # Write row hits
   mlh: # latency histogram for memory requests
    0: 0
    1: 0
    2: 0
    3: 0
    4: 0
    5: 0
    6: 0
    7: 0
    8: 0
    9: 0
    10: 0
    11: 1
    12: 2
    13: 28651
    14: 557
    15: 329
    16: 213
    17: 24
    18: 13
    19: 23
    20: 14
    21: 13
    22: 16
    23: 19
    24: 23
    25: 16
    26: 10
    27: 13
    28: 11
    29: 14
    30: 18
    31: 20
    32: 24
    33: 9
    34: 22
    35: 15
    36: 18
    37: 20
    38: 19
    39: 17
    40: 12
    41: 21
    42: 21
    43: 6
    44: 2
    45: 2
    46: 0
    47: 0
    48: 0
    49: 0
    50: 0
    51: 0
    52: 0
    53: 0
    54: 0
    55: 0
    56: 0
    57: 0
    58: 0
    59: 0
    60: 0
    61: 0
    62: 0
    63: 0
    64: 0
    65: 0
    66: 0
    67: 0
    68: 0
    69: 0
    70: 0
    71: 0
    72: 0
    73: 0
    74: 0
    75: 0
    76: 0
    77: 0
    78: 0
    79: 0
    80: 0
    81: 0
    82: 0
    83: 0
    84: 0
    85: 0
    86: 0
    87: 0
    88: 0
    89: 0
    90: 0
    91: 0
    92: 0
    93: 0
    94: 0
    95: 0
    96: 0
    97: 0
    98: 0
    99: 0
 sched: # Scheduler stats
  thCr: 1 # Threads created
  thFn: 1 # Threads finished
  schedEvs: 1 # Schedule events
  waitEvs: 0 # Wait events
  handoffEvs: 0 # Handoff events
  sleepEvs: 0 # Sleep events
  idlePhases: 0 # Phases with no thread active
  idlePeriods: 0 # Periods with no thread active
  occHist: # Occupancy histogram
   0: 0
   1: 6058
  rqSzHist: # Run queue size histogram
   0: 6058
   1: 0
   2: 0
   3: 0
   4: 0
   5: 0
   6: 0
   7: 0
   8: 0
   9: 0
   10: 0
   11: 0
   12: 0
   13: 0
   14: 0
   15: 0
   16: 0
 procCycles: # Per-process unhalted core cycles
  0: 60580205
  1: 0
  2: 0
  3: 0
  4: 0
  5: 0
  6: 0
  7: 0
  8: 0
  9: 0
  10: 0
  11: 0
  12: 0
  13: 0
  14: 0
  15: 0
  16: 0
  17: 0
  18: 0
  19: 0
  20: 0
  21: 0
  22: 0
  23: 0
  24: 0
  25: 0
  26: 0
  27: 0
  28: 0
  29: 0
  30: 0
  31: 0
  32: 0
  33: 0
  34: 0
  35: 0
  36: 0
  37: 0
  38: 0
  39: 0
  40: 0
  41: 0
  42: 0
  43: 0
  44: 0
  45: 0
  46: 0
  47: 0
  48: 0
  49: 0
  50: 0
  51: 0
  52: 0
  53: 0
  54: 0
  55: 0
  56: 0
  57: 0
  58: 0
  59: 0
  60: 0
  61: 0
  62: 0
  63: 0
 procInstrs: # Per-process instructions
  0: 100012795
  1: 0
  2: 0
  3: 0
  4: 0
  5: 0
  6: 0
  7: 0
  8: 0
  9: 0
  10: 0
  11: 0
  12: 0
  13: 0
  14: 0
  15: 0
  16: 0
  17: 0
  18: 0
  19: 0
  20: 0
  21: 0
  22: 0
  23: 0
  24: 0
  25: 0
  26: 0
  27: 0
  28: 0
  29: 0
  30: 0
  31: 0
  32: 0
  33: 0
  34: 0
  35: 0
  36: 0
  37: 0
  38: 0
  39: 0
  40: 0
  41: 0
  42: 0
  43: 0
  44: 0
  45: 0
  46: 0
  47: 0
  48: 0
  49: 0
  50: 0
  51: 0
  52: 0
  53: 0
  54: 0
  55: 0
  56: 0
  57: 0
  58: 0
  59: 0
  60: 0
  61: 0
  62: 0
  63: 0
 heartbeats: # Per-process heartbeats
  0: 0
  1: 0
  2: 0
  3: 0
  4: 0
  5: 0
  6: 0
  7: 0
  8: 0
  9: 0
  10: 0
  11: 0
  12: 0
  13: 0
  14: 0
  15: 0
  16: 0
  17: 0
  18: 0
  19: 0
  20: 0
  21: 0
  22: 0
  23: 0
  24: 0
  25: 0
  26: 0
  27: 0
  28: 0
  29: 0
  30: 0
  31: 0
  32: 0
  33: 0
  34: 0
  35: 0
  36: 0
  37: 0
  38: 0
  39: 0
  40: 0
  41: 0
  42: 0
  43: 0
  44: 0
  45: 0
  46: 0
  47: 0
  48: 0
  49: 0
  50: 0
  51: 0
  52: 0
  53: 0
  54: 0
  55: 0
  56: 0
  57: 0
  58: 0
  59: 0
  60: 0
  61: 0
  62: 0
  63: 0
===
