# zsim stats
===
root: # Stats
 contention: # Contention simulation stats
  domain-0: # Domain stats
   time: 84313510 # Weave simulation time
 time: # Simulator time breakdown
  init: 1494979604
  bound: 30326105326
  weave: 393588647
  ff: 3696192
 trigger: 20000 # Reason for this stats dump
 phase: 39773 # Simulated phases
 westmere: # Core stats
  westmere-0: # Core stats
   cycles: 397729339 # Simulated unhalted cycles
   cCycles: 85613 # Cycles due to contention stalls
   instrs: 507838642 # Simulated instructions
   uops: 621931310 # Retired micro-ops
   bbls: 48855707 # Basic blocks
   approxInstrs: 6665768 # Instrs with approx uop decoding
   mispredBranches: 242359 # Mispredicted branches
   condBranches: 30583398 # conditional branches
  westmere-1: # Core stats
   cycles: 397568365 # Simulated unhalted cycles
   cCycles: 85809 # Cycles due to contention stalls
   instrs: 507826013 # Simulated instructions
   uops: 621914800 # Retired micro-ops
   bbls: 48856747 # Basic blocks
   approxInstrs: 6666304 # Instrs with approx uop decoding
   mispredBranches: 242322 # Mispredicted branches
   condBranches: 30582723 # conditional branches
  westmere-2: # Core stats
   cycles: 397560627 # Simulated unhalted cycles
   cCycles: 84774 # Cycles due to contention stalls
   instrs: 507838513 # Simulated instructions
   uops: 621931700 # Retired micro-ops
   bbls: 48854447 # Basic blocks
   approxInstrs: 6666504 # Instrs with approx uop decoding
   mispredBranches: 242499 # Mispredicted branches
   condBranches: 30582523 # conditional branches
  westmere-3: # Core stats
   cycles: 397609242 # Simulated unhalted cycles
   cCycles: 85286 # Cycles due to contention stalls
   instrs: 507819013 # Simulated instructions
   uops: 621906700 # Retired micro-ops
   bbls: 48856447 # Basic blocks
   approxInstrs: 6665804 # Instrs with approx uop decoding
   mispredBranches: 244689 # Mispredicted branches
   condBranches: 30582823 # conditional branches
  westmere-4: # Core stats
   cycles: 397599131 # Simulated unhalted cycles
   cCycles: 86493 # Cycles due to contention stalls
   instrs: 507858713 # Simulated instructions
   uops: 621955800 # Retired micro-ops
   bbls: 48856747 # Basic blocks
   approxInstrs: 6668804 # Instrs with approx uop decoding
   mispredBranches: 242392 # Mispredicted branches
   condBranches: 30582323 # conditional branches
  westmere-5: # Core stats
   cycles: 397586949 # Simulated unhalted cycles
   cCycles: 85005 # Cycles due to contention stalls
   instrs: 507846413 # Simulated instructions
   uops: 621940300 # Retired micro-ops
   bbls: 48859247 # Basic blocks
   approxInstrs: 6669604 # Instrs with approx uop decoding
   mispredBranches: 243301 # Mispredicted branches
   condBranches: 30582723 # conditional branches
  westmere-6: # Core stats
   cycles: 397614841 # Simulated unhalted cycles
   cCycles: 84708 # Cycles due to contention stalls
   instrs: 507837413 # Simulated instructions
   uops: 621928900 # Retired micro-ops
   bbls: 48855047 # Basic blocks
   approxInstrs: 6666004 # Instrs with approx uop decoding
   mispredBranches: 244958 # Mispredicted branches
   condBranches: 30582423 # conditional branches
  westmere-7: # Core stats
   cycles: 397568934 # Simulated unhalted cycles
   cCycles: 84636 # Cycles due to contention stalls
   instrs: 507835227 # Simulated instructions
   uops: 621928192 # Retired micro-ops
   bbls: 48857796 # Basic blocks
   approxInstrs: 6667524 # Instrs with approx uop decoding
   mispredBranches: 242674 # Mispredicted branches
   condBranches: 30583625 # conditional branches
 l1i: # Cache stats
  l1i-0: # Filter cache stats
   fhGETS: 54378952 # Filtered GETS hits
   fhGETX: 0 # Filtered GETX hits
   hGETS: 15624240 # GETS hits
   hGETX: 0 # GETX hits
   mGETS: 197 # GETS misses
   mGETXIM: 0 # GETX I->M misses
   mGETXSM: 0 # GETX S->M misses (upgrade misses)
   PUTS: 0 # Clean evictions (from lower level)
   PUTX: 0 # Dirty evictions (from lower level)
   INV: 0 # Invalidates (from upper level)
   INVX: 0 # Downgrades (from upper level)
   FWD: 0 # Forwards (from upper level)
   latGETnl: 16868 # GET request latency on next level
   latGETnet: 0 # GET request latency on network to next level
  l1i-1: # Filter cache stats
   fhGETS: 54385411 # Filtered GETS hits
   fhGETX: 0 # Filtered GETX hits
   hGETS: 15618608 # GETS hits
   hGETX: 0 # GETX hits
   mGETS: 85 # GETS misses
   mGETXIM: 0 # GETX I->M misses
   mGETXSM: 0 # GETX S->M misses (upgrade misses)
   PUTS: 0 # Clean evictions (from lower level)
   PUTX: 0 # Dirty evictions (from lower level)
   INV: 0 # Invalidates (from upper level)
   INVX: 0 # Downgrades (from upper level)
   FWD: 0 # Forwards (from upper level)
   latGETnl: 8920 # GET request latency on next level
   latGETnet: 0 # GET request latency on network to next level
  l1i-2: # Filter cache stats
   fhGETS: 54370557 # Filtered GETS hits
   fhGETX: 0 # Filtered GETX hits
   hGETS: 15632354 # GETS hits
   hGETX: 0 # GETX hits
   mGETS: 88 # GETS misses
   mGETXIM: 0 # GETX I->M misses
   mGETXSM: 0 # GETX S->M misses (upgrade misses)
   PUTS: 0 # Clean evictions (from lower level)
   PUTX: 0 # Dirty evictions (from lower level)
   INV: 0 # Invalidates (from upper level)
   INVX: 0 # Downgrades (from upper level)
   FWD: 0 # Forwards (from upper level)
   latGETnl: 3442 # GET request latency on next level
   latGETnet: 0 # GET request latency on network to next level
  l1i-3: # Filter cache stats
   fhGETS: 54387779 # Filtered GETS hits
   fhGETX: 0 # Filtered GETX hits
   hGETS: 15627585 # GETS hits
   hGETX: 0 # GETX hits
   mGETS: 88 # GETS misses
   mGETXIM: 0 # GETX I->M misses
   mGETXSM: 0 # GETX S->M misses (upgrade misses)
   PUTS: 0 # Clean evictions (from lower level)
   PUTX: 0 # Dirty evictions (from lower level)
   INV: 0 # Invalidates (from upper level)
   INVX: 0 # Downgrades (from upper level)
   FWD: 0 # Forwards (from upper level)
   latGETnl: 2992 # GET request latency on next level
   latGETnet: 0 # GET request latency on network to next level
  l1i-4: # Filter cache stats
   fhGETS: 54375496 # Filtered GETS hits
   fhGETX: 0 # Filtered GETX hits
   hGETS: 15629576 # GETS hits
   hGETX: 0 # GETX hits
   mGETS: 88 # GETS misses
   mGETXIM: 0 # GETX I->M misses
   mGETXSM: 0 # GETX S->M misses (upgrade misses)
   PUTS: 0 # Clean evictions (from lower level)
   PUTX: 0 # Dirty evictions (from lower level)
   INV: 0 # Invalidates (from upper level)
   INVX: 0 # Downgrades (from upper level)
   FWD: 0 # Forwards (from upper level)
   latGETnl: 2992 # GET request latency on next level
   latGETnet: 0 # GET request latency on network to next level
  l1i-5: # Filter cache stats
   fhGETS: 54385494 # Filtered GETS hits
   fhGETX: 0 # Filtered GETX hits
   hGETS: 15625721 # GETS hits
   hGETX: 0 # GETX hits
   mGETS: 85 # GETS misses
   mGETXIM: 0 # GETX I->M misses
   mGETXSM: 0 # GETX S->M misses (upgrade misses)
   PUTS: 0 # Clean evictions (from lower level)
   PUTX: 0 # Dirty evictions (from lower level)
   INV: 0 # Invalidates (from upper level)
   INVX: 0 # Downgrades (from upper level)
   FWD: 0 # Forwards (from upper level)
   latGETnl: 2890 # GET request latency on next level
   latGETnet: 0 # GET request latency on network to next level
  l1i-6: # Filter cache stats
   fhGETS: 54384882 # Filtered GETS hits
   fhGETX: 0 # Filtered GETX hits
   hGETS: 15631229 # GETS hits
   hGETX: 0 # GETX hits
   mGETS: 87 # GETS misses
   mGETXIM: 0 # GETX I->M misses
   mGETXSM: 0 # GETX S->M misses (upgrade misses)
   PUTS: 0 # Clean evictions (from lower level)
   PUTX: 0 # Dirty evictions (from lower level)
   INV: 0 # Invalidates (from upper level)
   INVX: 0 # Downgrades (from upper level)
   FWD: 0 # Forwards (from upper level)
   latGETnl: 2958 # GET request latency on next level
   latGETnet: 0 # GET request latency on network to next level
  l1i-7: # Filter cache stats
   fhGETS: 54376944 # Filtered GETS hits
   fhGETX: 0 # Filtered GETX hits
   hGETS: 15629286 # GETS hits
   hGETX: 0 # GETX hits
   mGETS: 237 # GETS misses
   mGETXIM: 0 # GETX I->M misses
   mGETXSM: 0 # GETX S->M misses (upgrade misses)
   PUTS: 0 # Clean evictions (from lower level)
   PUTX: 0 # Dirty evictions (from lower level)
   INV: 0 # Invalidates (from upper level)
   INVX: 0 # Downgrades (from upper level)
   FWD: 0 # Forwards (from upper level)
   latGETnl: 20208 # GET request latency on next level
   latGETnet: 0 # GET request latency on network to next level
 l1d: # Cache stats
  l1d-0: # Filter cache stats
   fhGETS: 96463062 # Filtered GETS hits
   fhGETX: 39154332 # Filtered GETX hits
   hGETS: 9704216 # GETS hits
   hGETX: 1995898 # GETX hits
   mGETS: 452907 # GETS misses
   mGETXIM: 51433 # GETX I->M misses
   mGETXSM: 11 # GETX S->M misses (upgrade misses)
   PUTS: 0 # Clean evictions (from lower level)
   PUTX: 0 # Dirty evictions (from lower level)
   INV: 36 # Invalidates (from upper level)
   INVX: 41 # Downgrades (from upper level)
   FWD: 0 # Forwards (from upper level)
   latGETnl: 7412669 # GET request latency on next level
   latGETnet: 0 # GET request latency on network to next level
  l1d-1: # Filter cache stats
   fhGETS: 96454887 # Filtered GETS hits
   fhGETX: 39148932 # Filtered GETX hits
   hGETS: 9700894 # GETS hits
   hGETX: 2000004 # GETX hits
   mGETS: 461980 # GETS misses
   mGETXIM: 51310 # GETX I->M misses
   mGETXSM: 2 # GETX S->M misses (upgrade misses)
   PUTS: 0 # Clean evictions (from lower level)
   PUTX: 0 # Dirty evictions (from lower level)
   INV: 106 # Invalidates (from upper level)
   INVX: 83 # Downgrades (from upper level)
   FWD: 0 # Forwards (from upper level)
   latGETnl: 6566326 # GET request latency on next level
   latGETnet: 0 # GET request latency on network to next level
  l1d-2: # Filter cache stats
   fhGETS: 96442608 # Filtered GETS hits
   fhGETX: 39157032 # Filtered GETX hits
   hGETS: 9727072 # GETS hits
   hGETX: 1992604 # GETX hits
   mGETS: 450081 # GETS misses
   mGETXIM: 51310 # GETX I->M misses
   mGETXSM: 2 # GETX S->M misses (upgrade misses)
   PUTS: 0 # Clean evictions (from lower level)
   PUTX: 0 # Dirty evictions (from lower level)
   INV: 104 # Invalidates (from upper level)
   INVX: 41 # Downgrades (from upper level)
   FWD: 0 # Forwards (from upper level)
   latGETnl: 6506759 # GET request latency on next level
   latGETnet: 0 # GET request latency on network to next level
  l1d-3: # Filter cache stats
   fhGETS: 96457109 # Filtered GETS hits
   fhGETX: 39154132 # Filtered GETX hits
   hGETS: 9703873 # GETS hits
   hGETX: 1994786 # GETX hits
   mGETS: 455379 # GETS misses
   mGETXIM: 51428 # GETX I->M misses
   mGETXSM: 2 # GETX S->M misses (upgrade misses)
   PUTS: 0 # Clean evictions (from lower level)
   PUTX: 0 # Dirty evictions (from lower level)
   INV: 191 # Invalidates (from upper level)
   INVX: 41 # Downgrades (from upper level)
   FWD: 0 # Forwards (from upper level)
   latGETnl: 6571935 # GET request latency on next level
   latGETnet: 0 # GET request latency on network to next level
  l1d-4: # Filter cache stats
   fhGETS: 96472711 # Filtered GETS hits
   fhGETX: 39162132 # Filtered GETX hits
   hGETS: 9696870 # GETS hits
   hGETX: 1987838 # GETX hits
   mGETS: 454280 # GETS misses
   mGETXIM: 51576 # GETX I->M misses
   mGETXSM: 2 # GETX S->M misses (upgrade misses)
   PUTS: 0 # Clean evictions (from lower level)
   PUTX: 0 # Dirty evictions (from lower level)
   INV: 325 # Invalidates (from upper level)
   INVX: 38 # Downgrades (from upper level)
   FWD: 0 # Forwards (from upper level)
   latGETnl: 6516995 # GET request latency on next level
   latGETnet: 0 # GET request latency on network to next level
  l1d-5: # Filter cache stats
   fhGETS: 96486801 # Filtered GETS hits
   fhGETX: 39161932 # Filtered GETX hits
   hGETS: 9657115 # GETS hits
   hGETX: 1987870 # GETX hits
   mGETS: 477145 # GETS misses
   mGETXIM: 51444 # GETX I->M misses
   mGETXSM: 2 # GETX S->M misses (upgrade misses)
   PUTS: 0 # Clean evictions (from lower level)
   PUTX: 0 # Dirty evictions (from lower level)
   INV: 310 # Invalidates (from upper level)
   INVX: 13 # Downgrades (from upper level)
   FWD: 0 # Forwards (from upper level)
   latGETnl: 6713283 # GET request latency on next level
   latGETnet: 0 # GET request latency on network to next level
  l1d-6: # Filter cache stats
   fhGETS: 96464824 # Filtered GETS hits
   fhGETX: 39151032 # Filtered GETX hits
   hGETS: 9686553 # GETS hits
   hGETX: 1997994 # GETX hits
   mGETS: 468784 # GETS misses
   mGETXIM: 51320 # GETX I->M misses
   mGETXSM: 2 # GETX S->M misses (upgrade misses)
   PUTS: 0 # Clean evictions (from lower level)
   PUTX: 0 # Dirty evictions (from lower level)
   INV: 17 # Invalidates (from upper level)
   INVX: 18 # Downgrades (from upper level)
   FWD: 0 # Forwards (from upper level)
   latGETnl: 6686821 # GET request latency on next level
   latGETnet: 0 # GET request latency on network to next level
  l1d-7: # Filter cache stats
   fhGETS: 96444293 # Filtered GETS hits
   fhGETX: 39161180 # Filtered GETX hits
   hGETS: 9720464 # GETS hits
   hGETX: 1989369 # GETX hits
   mGETS: 454369 # GETS misses
   mGETXIM: 51339 # GETX I->M misses
   mGETXSM: 22 # GETX S->M misses (upgrade misses)
   PUTS: 0 # Clean evictions (from lower level)
   PUTX: 0 # Dirty evictions (from lower level)
   INV: 209 # Invalidates (from upper level)
   INVX: 9 # Downgrades (from upper level)
   FWD: 0 # Forwards (from upper level)
   latGETnl: 6519287 # GET request latency on next level
   latGETnet: 0 # GET request latency on network to next level
 l2: # Cache stats
  l2-0: # Cache stats
   hGETS: 380465 # GETS hits
   hGETX: 39303 # GETX hits
   mGETS: 72639 # GETS misses
   mGETXIM: 12130 # GETX I->M misses
   mGETXSM: 11 # GETX S->M misses (upgrade misses)
   PUTS: 452462 # Clean evictions (from lower level)
   PUTX: 51331 # Dirty evictions (from lower level)
   INV: 153 # Invalidates (from upper level)
   INVX: 66 # Downgrades (from upper level)
   FWD: 0 # Forwards (from upper level)
   latGETnl: 2384057 # GET request latency on next level
   latGETnet: 0 # GET request latency on network to next level
  l2-1: # Cache stats
   hGETS: 422729 # GETS hits
   hGETX: 44649 # GETX hits
   mGETS: 39336 # GETS misses
   mGETXIM: 6661 # GETX I->M misses
   mGETXSM: 2 # GETX S->M misses (upgrade misses)
   PUTS: 461528 # Clean evictions (from lower level)
   PUTX: 51146 # Dirty evictions (from lower level)
   INV: 106 # Invalidates (from upper level)
   INVX: 83 # Downgrades (from upper level)
   FWD: 0 # Forwards (from upper level)
   latGETnl: 1441476 # GET request latency on next level
   latGETnet: 0 # GET request latency on network to next level
  l2-2: # Cache stats
   hGETS: 408654 # GETS hits
   hGETX: 44254 # GETX hits
   mGETS: 41515 # GETS misses
   mGETXIM: 7056 # GETX I->M misses
   mGETXSM: 2 # GETX S->M misses (upgrade misses)
   PUTS: 449631 # Clean evictions (from lower level)
   PUTX: 51147 # Dirty evictions (from lower level)
   INV: 204 # Invalidates (from upper level)
   INVX: 41 # Downgrades (from upper level)
   FWD: 0 # Forwards (from upper level)
   latGETnl: 1495391 # GET request latency on next level
   latGETnet: 0 # GET request latency on network to next level
  l2-3: # Cache stats
   hGETS: 413654 # GETS hits
   hGETX: 44253 # GETX hits
   mGETS: 41813 # GETS misses
   mGETXIM: 7175 # GETX I->M misses
   mGETXSM: 2 # GETX S->M misses (upgrade misses)
   PUTS: 454930 # Clean evictions (from lower level)
   PUTX: 51176 # Dirty evictions (from lower level)
   INV: 291 # Invalidates (from upper level)
   INVX: 41 # Downgrades (from upper level)
   FWD: 0 # Forwards (from upper level)
   latGETnl: 1505957 # GET request latency on next level
   latGETnet: 0 # GET request latency on network to next level
  l2-4: # Cache stats
   hGETS: 414343 # GETS hits
   hGETX: 44552 # GETX hits
   mGETS: 40025 # GETS misses
   mGETXIM: 7024 # GETX I->M misses
   mGETXSM: 2 # GETX S->M misses (upgrade misses)
   PUTS: 453831 # Clean evictions (from lower level)
   PUTX: 51191 # Dirty evictions (from lower level)
   INV: 369 # Invalidates (from upper level)
   INVX: 41 # Downgrades (from upper level)
   FWD: 0 # Forwards (from upper level)
   latGETnl: 1460527 # GET request latency on next level
   latGETnet: 0 # GET request latency on network to next level
  l2-5: # Cache stats
   hGETS: 438098 # GETS hits
   hGETX: 44650 # GETX hits
   mGETS: 39132 # GETS misses
   mGETXIM: 6794 # GETX I->M misses
   mGETXSM: 2 # GETX S->M misses (upgrade misses)
   PUTS: 476696 # Clean evictions (from lower level)
   PUTX: 51074 # Dirty evictions (from lower level)
   INV: 310 # Invalidates (from upper level)
   INVX: 13 # Downgrades (from upper level)
   FWD: 0 # Forwards (from upper level)
   latGETnl: 1429413 # GET request latency on next level
   latGETnet: 0 # GET request latency on network to next level
  l2-6: # Cache stats
   hGETS: 427475 # GETS hits
   hGETX: 44353 # GETX hits
   mGETS: 41396 # GETS misses
   mGETXIM: 6967 # GETX I->M misses
   mGETXSM: 2 # GETX S->M misses (upgrade misses)
   PUTS: 468335 # Clean evictions (from lower level)
   PUTX: 51243 # Dirty evictions (from lower level)
   INV: 114 # Invalidates (from upper level)
   INVX: 18 # Downgrades (from upper level)
   FWD: 0 # Forwards (from upper level)
   latGETnl: 1487849 # GET request latency on next level
   latGETnet: 0 # GET request latency on network to next level
  l2-7: # Cache stats
   hGETS: 414046 # GETS hits
   hGETX: 44451 # GETX hits
   mGETS: 40560 # GETS misses
   mGETXIM: 6888 # GETX I->M misses
   mGETXSM: 22 # GETX S->M misses (upgrade misses)
   PUTS: 453928 # Clean evictions (from lower level)
   PUTX: 51061 # Dirty evictions (from lower level)
   INV: 209 # Invalidates (from upper level)
   INVX: 9 # Downgrades (from upper level)
   FWD: 0 # Forwards (from upper level)
   latGETnl: 1479825 # GET request latency on next level
   latGETnet: 0 # GET request latency on network to next level
 l3: # Cache stats
  l3-0b0: # Cache stats
   hGETS: 43836 # GETS hits
   hGETX: 7238 # GETX hits
   mGETS: 3147 # GETS misses
   mGETXIM: 536 # GETX I->M misses
   mGETXSM: 0 # GETX S->M misses (upgrade misses)
   PUTS: 43589 # Clean evictions (from lower level)
   PUTX: 7327 # Dirty evictions (from lower level)
   INV: 0 # Invalidates (from upper level)
   INVX: 0 # Downgrades (from upper level)
   FWD: 0 # Forwards (from upper level)
   latGETnl: 331470 # GET request latency on next level
   latGETnet: 0 # GET request latency on network to next level
  l3-0b1: # Cache stats
   hGETS: 32580 # GETS hits
   hGETX: 5352 # GETX hits
   mGETS: 3152 # GETS misses
   mGETXIM: 531 # GETX I->M misses
   mGETXSM: 0 # GETX S->M misses (upgrade misses)
   PUTS: 32305 # Clean evictions (from lower level)
   PUTX: 5431 # Dirty evictions (from lower level)
   INV: 0 # Invalidates (from upper level)
   INVX: 0 # Downgrades (from upper level)
   FWD: 0 # Forwards (from upper level)
   latGETnl: 331470 # GET request latency on next level
   latGETnet: 0 # GET request latency on network to next level
  l3-0b2: # Cache stats
   hGETS: 53173 # GETS hits
   hGETX: 8825 # GETX hits
   mGETS: 3140 # GETS misses
   mGETXIM: 533 # GETX I->M misses
   mGETXSM: 0 # GETX S->M misses (upgrade misses)
   PUTS: 52894 # Clean evictions (from lower level)
   PUTX: 8914 # Dirty evictions (from lower level)
   INV: 0 # Invalidates (from upper level)
   INVX: 0 # Downgrades (from upper level)
   FWD: 0 # Forwards (from upper level)
   latGETnl: 330570 # GET request latency on next level
   latGETnet: 0 # GET request latency on network to next level
  l3-0b3: # Cache stats
   hGETS: 51572 # GETS hits
   hGETX: 8534 # GETX hits
   mGETS: 3148 # GETS misses
   mGETXIM: 538 # GETX I->M misses
   mGETXSM: 0 # GETX S->M misses (upgrade misses)
   PUTS: 51311 # Clean evictions (from lower level)
   PUTX: 8626 # Dirty evictions (from lower level)
   INV: 0 # Invalidates (from upper level)
   INVX: 0 # Downgrades (from upper level)
   FWD: 0 # Forwards (from upper level)
   latGETnl: 331740 # GET request latency on next level
   latGETnet: 0 # GET request latency on network to next level
  l3-0b4: # Cache stats
   hGETS: 38619 # GETS hits
   hGETX: 6349 # GETX hits
   mGETS: 3154 # GETS misses
   mGETXIM: 534 # GETX I->M misses
   mGETXSM: 0 # GETX S->M misses (upgrade misses)
   PUTS: 38352 # Clean evictions (from lower level)
   PUTX: 6430 # Dirty evictions (from lower level)
   INV: 0 # Invalidates (from upper level)
   INVX: 0 # Downgrades (from upper level)
   FWD: 0 # Forwards (from upper level)
   latGETnl: 331920 # GET request latency on next level
   latGETnet: 0 # GET request latency on network to next level
  l3-0b5: # Cache stats
   hGETS: 38412 # GETS hits
   hGETX: 6342 # GETX hits
   mGETS: 3144 # GETS misses
   mGETXIM: 529 # GETX I->M misses
   mGETXSM: 0 # GETX S->M misses (upgrade misses)
   PUTS: 38148 # Clean evictions (from lower level)
   PUTX: 6432 # Dirty evictions (from lower level)
   INV: 0 # Invalidates (from upper level)
   INVX: 0 # Downgrades (from upper level)
   FWD: 0 # Forwards (from upper level)
   latGETnl: 330570 # GET request latency on next level
   latGETnet: 0 # GET request latency on network to next level
  l3-0b6: # Cache stats
   hGETS: 39385 # GETS hits
   hGETX: 8276 # GETX hits
   mGETS: 3147 # GETS misses
   mGETXIM: 532 # GETX I->M misses
   mGETXSM: 0 # GETX S->M misses (upgrade misses)
   PUTS: 39109 # Clean evictions (from lower level)
   PUTX: 6687 # Dirty evictions (from lower level)
   INV: 0 # Invalidates (from upper level)
   INVX: 0 # Downgrades (from upper level)
   FWD: 0 # Forwards (from upper level)
   latGETnl: 331110 # GET request latency on next level
   latGETnet: 0 # GET request latency on network to next level
  l3-0b7: # Cache stats
   hGETS: 33657 # GETS hits
   hGETX: 5556 # GETX hits
   mGETS: 3150 # GETS misses
   mGETXIM: 535 # GETX I->M misses
   mGETXSM: 0 # GETX S->M misses (upgrade misses)
   PUTS: 33381 # Clean evictions (from lower level)
   PUTX: 5621 # Dirty evictions (from lower level)
   INV: 0 # Invalidates (from upper level)
   INVX: 0 # Downgrades (from upper level)
   FWD: 0 # Forwards (from upper level)
   latGETnl: 331650 # GET request latency on next level
   latGETnet: 0 # GET request latency on network to next level
 mem: # Memory controller stats
  mem-0: # Memory controller stats
   rd: 7379 # Read requests
   wr: 0 # Write requests
   rdlat: 1214830 # Total latency experienced by read requests
   wrlat: 0 # Total latency experienced by write requests
   rdhits: 4108 # Read row hits
   wrhits: 0 # Write row hits
   mlh: # latency histogram for memory requests
    0: 0
    1: 0
    2: 0
    3: 0
    4: 0
    5: 0
    6: 0
    7: 0
    8: 0
    9: 0
    10: 0
    11: 4
    12: 5
    13: 2091
    14: 1007
    15: 908
    16: 136
    17: 990
    18: 1000
    19: 854
    20: 181
    21: 25
    22: 15
    23: 7
    24: 7
    25: 4
    26: 4
    27: 10
    28: 10
    29: 8
    30: 9
    31: 10
    32: 9
    33: 7
    34: 5
    35: 4
    36: 3
    37: 2
    38: 5
    39: 1
    40: 4
    41: 4
    42: 4
    43: 2
    44: 3
    45: 3
    46: 1
    47: 1
    48: 7
    49: 9
    50: 7
    51: 3
    52: 3
    53: 2
    54: 0
    55: 0
    56: 0
    57: 0
    58: 0
    59: 0
    60: 0
    61: 0
    62: 2
    63: 0
    64: 1
    65: 1
    66: 1
    67: 0
    68: 0
    69: 0
    70: 0
    71: 0
    72: 0
    73: 0
    74: 0
    75: 0
    76: 0
    77: 0
    78: 0
    79: 0
    80: 0
    81: 0
    82: 0
    83: 0
    84: 0
    85: 0
    86: 0
    87: 0
    88: 0
    89: 0
    90: 0
    91: 0
    92: 0
    93: 0
    94: 0
    95: 0
    96: 0
    97: 0
    98: 0
    99: 0
  mem-1: # Memory controller stats
   rd: 7353 # Read requests
   wr: 0 # Write requests
   rdlat: 1211770 # Total latency experienced by read requests
   wrlat: 0 # Total latency experienced by write requests
   rdhits: 4115 # Read row hits
   wrhits: 0 # Write row hits
   mlh: # latency histogram for memory requests
    0: 0
    1: 0
    2: 0
    3: 0
    4: 0
    5: 0
    6: 0
    7: 0
    8: 0
    9: 0
    10: 0
    11: 4
    12: 4
    13: 2075
    14: 993
    15: 891
    16: 131
    17: 997
    18: 996
    19: 844
    20: 187
    21: 33
    22: 12
    23: 10
    24: 8
    25: 9
    26: 9
    27: 4
    28: 9
    29: 8
    30: 12
    31: 8
    32: 9
    33: 8
    34: 13
    35: 6
    36: 10
    37: 9
    38: 7
    39: 4
    40: 5
    41: 7
    42: 5
    43: 4
    44: 4
    45: 5
    46: 3
    47: 2
    48: 4
    49: 3
    50: 1
    51: 0
    52: 0
    53: 0
    54: 0
    55: 0
    56: 0
    57: 0
    58: 0
    59: 0
    60: 0
    61: 0
    62: 0
    63: 0
    64: 0
    65: 0
    66: 0
    67: 0
    68: 0
    69: 0
    70: 0
    71: 0
    72: 0
    73: 0
    74: 0
    75: 0
    76: 0
    77: 0
    78: 0
    79: 0
    80: 0
    81: 0
    82: 0
    83: 0
    84: 0
    85: 0
    86: 0
    87: 0
    88: 0
    89: 0
    90: 0
    91: 0
    92: 0
    93: 0
    94: 0
    95: 0
    96: 0
    97: 0
    98: 0
    99: 0
  mem-2: # Memory controller stats
   rd: 7349 # Read requests
   wr: 0 # Write requests
   rdlat: 1208776 # Total latency experienced by read requests
   wrlat: 0 # Total latency experienced by write requests
   rdhits: 4113 # Read row hits
   wrhits: 0 # Write row hits
   mlh: # latency histogram for memory requests
    0: 0
    1: 0
    2: 0
    3: 0
    4: 0
    5: 0
    6: 0
    7: 0
    8: 0
    9: 0
    10: 0
    11: 3
    12: 4
    13: 2065
    14: 1016
    15: 888
    16: 149
    17: 1000
    18: 999
    19: 832
    20: 183
    21: 24
    22: 14
    23: 10
    24: 6
    25: 7
    26: 8
    27: 9
    28: 6
    29: 6
    30: 10
    31: 9
    32: 6
    33: 9
    34: 6
    35: 6
    36: 6
    37: 9
    38: 6
    39: 7
    40: 8
    41: 6
    42: 3
    43: 8
    44: 5
    45: 3
    46: 2
    47: 3
    48: 2
    49: 1
    50: 3
    51: 1
    52: 1
    53: 0
    54: 0
    55: 0
    56: 0
    57: 0
    58: 0
    59: 0
    60: 0
    61: 0
    62: 0
    63: 0
    64: 0
    65: 0
    66: 0
    67: 0
    68: 0
    69: 0
    70: 0
    71: 0
    72: 0
    73: 0
    74: 0
    75: 0
    76: 0
    77: 0
    78: 0
    79: 0
    80: 0
    81: 0
    82: 0
    83: 0
    84: 0
    85: 0
    86: 0
    87: 0
    88: 0
    89: 0
    90: 0
    91: 0
    92: 0
    93: 0
    94: 0
    95: 0
    96: 0
    97: 0
    98: 0
    99: 0
  mem-3: # Memory controller stats
   rd: 7353 # Read requests
   wr: 0 # Write requests
   rdlat: 1204460 # Total latency experienced by read requests
   wrlat: 0 # Total latency experienced by write requests
   rdhits: 4112 # Read row hits
   wrhits: 0 # Write row hits
   mlh: # latency histogram for memory requests
    0: 0
    1: 0
    2: 0
    3: 0
    4: 0
    5: 0
    6: 0
    7: 0
    8: 0
    9: 0
    10: 0
    11: 3
    12: 7
    13: 2082
    14: 1002
    15: 894
    16: 134
    17: 1008
    18: 1005
    19: 855
    20: 191
    21: 25
    22: 14
    23: 11
    24: 3
    25: 5
    26: 3
    27: 3
    28: 4
    29: 6
    30: 7
    31: 7
    32: 9
    33: 7
    34: 5
    35: 3
    36: 4
    37: 3
    38: 3
    39: 4
    40: 2
    41: 7
    42: 4
    43: 2
    44: 5
    45: 5
    46: 3
    47: 2
    48: 6
    49: 4
    50: 3
    51: 2
    52: 1
    53: 0
    54: 0
    55: 0
    56: 0
    57: 0
    58: 0
    59: 0
    60: 0
    61: 0
    62: 0
    63: 0
    64: 0
    65: 0
    66: 0
    67: 0
    68: 0
    69: 0
    70: 0
    71: 0
    72: 0
    73: 0
    74: 0
    75: 0
    76: 0
    77: 0
    78: 0
    79: 0
    80: 0
    81: 0
    82: 0
    83: 0
    84: 0
    85: 0
    86: 0
    87: 0
    88: 0
    89: 0
    90: 0
    91: 0
    92: 0
    93: 0
    94: 0
    95: 0
    96: 0
    97: 0
    98: 0
    99: 0
 sched: # Scheduler stats
  thCr: 9 # Threads created
  thFn: 9 # Threads finished
  schedEvs: 10 # Schedule events
  waitEvs: 1 # Wait events
  handoffEvs: 0 # Handoff events
  sleepEvs: 0 # Sleep events
  idlePhases: 0 # Phases with no thread active
  idlePeriods: 0 # Periods with no thread active
  occHist: # Occupancy histogram
   0: 0
   1: 1
   2: 11
   3: 0
   4: 2
   5: 1
   6: 3
   7: 0
   8: 39755
  rqSzHist: # Run queue size histogram
   0: 39773
   1: 0
   2: 0
   3: 0
   4: 0
   5: 0
   6: 0
   7: 0
   8: 0
   9: 0
   10: 0
   11: 0
   12: 0
   13: 0
   14: 0
   15: 0
   16: 0
 procCycles: # Per-process unhalted core cycles
  0: 3180837088
  1: 0
  2: 0
  3: 0
  4: 0
  5: 0
  6: 0
  7: 0
  8: 0
  9: 0
  10: 0
  11: 0
  12: 0
  13: 0
  14: 0
  15: 0
  16: 0
  17: 0
  18: 0
  19: 0
  20: 0
  21: 0
  22: 0
  23: 0
  24: 0
  25: 0
  26: 0
  27: 0
  28: 0
  29: 0
  30: 0
  31: 0
  32: 0
  33: 0
  34: 0
  35: 0
  36: 0
  37: 0
  38: 0
  39: 0
  40: 0
  41: 0
  42: 0
  43: 0
  44: 0
  45: 0
  46: 0
  47: 0
  48: 0
  49: 0
  50: 0
  51: 0
  52: 0
  53: 0
  54: 0
  55: 0
  56: 0
  57: 0
  58: 0
  59: 0
  60: 0
  61: 0
  62: 0
  63: 0
 procInstrs: # Per-process instructions
  0: 4062699947
  1: 0
  2: 0
  3: 0
  4: 0
  5: 0
  6: 0
  7: 0
  8: 0
  9: 0
  10: 0
  11: 0
  12: 0
  13: 0
  14: 0
  15: 0
  16: 0
  17: 0
  18: 0
  19: 0
  20: 0
  21: 0
  22: 0
  23: 0
  24: 0
  25: 0
  26: 0
  27: 0
  28: 0
  29: 0
  30: 0
  31: 0
  32: 0
  33: 0
  34: 0
  35: 0
  36: 0
  37: 0
  38: 0
  39: 0
  40: 0
  41: 0
  42: 0
  43: 0
  44: 0
  45: 0
  46: 0
  47: 0
  48: 0
  49: 0
  50: 0
  51: 0
  52: 0
  53: 0
  54: 0
  55: 0
  56: 0
  57: 0
  58: 0
  59: 0
  60: 0
  61: 0
  62: 0
  63: 0
 heartbeats: # Per-process heartbeats
  0: 0
  1: 0
  2: 0
  3: 0
  4: 0
  5: 0
  6: 0
  7: 0
  8: 0
  9: 0
  10: 0
  11: 0
  12: 0
  13: 0
  14: 0
  15: 0
  16: 0
  17: 0
  18: 0
  19: 0
  20: 0
  21: 0
  22: 0
  23: 0
  24: 0
  25: 0
  26: 0
  27: 0
  28: 0
  29: 0
  30: 0
  31: 0
  32: 0
  33: 0
  34: 0
  35: 0
  36: 0
  37: 0
  38: 0
  39: 0
  40: 0
  41: 0
  42: 0
  43: 0
  44: 0
  45: 0
  46: 0
  47: 0
  48: 0
  49: 0
  50: 0
  51: 0
  52: 0
  53: 0
  54: 0
  55: 0
  56: 0
  57: 0
  58: 0
  59: 0
  60: 0
  61: 0
  62: 0
  63: 0
===
